{"/Users/cagataydalaman/Desktop/sitera_proje_genel/sitera/apps/api/src/finance/finance.controller.ts": {"path":"/Users/cagataydalaman/Desktop/sitera_proje_genel/sitera/apps/api/src/finance/finance.controller.ts","statementMap":{"0":{"start":{"line":35,"column":17},"end":{"line":35,"column":null}},"1":{"start":{"line":36,"column":4},"end":{"line":36,"column":null}},"2":{"start":{"line":45,"column":17},"end":{"line":45,"column":null}},"3":{"start":{"line":46,"column":4},"end":{"line":46,"column":null}},"4":{"start":{"line":55,"column":17},"end":{"line":55,"column":null}},"5":{"start":{"line":56,"column":4},"end":{"line":56,"column":null}},"6":{"start":{"line":62,"column":17},"end":{"line":62,"column":null}},"7":{"start":{"line":63,"column":4},"end":{"line":63,"column":null}},"8":{"start":{"line":72,"column":17},"end":{"line":72,"column":null}},"9":{"start":{"line":73,"column":4},"end":{"line":73,"column":null}},"10":{"start":{"line":82,"column":17},"end":{"line":82,"column":null}},"11":{"start":{"line":83,"column":4},"end":{"line":83,"column":null}},"12":{"start":{"line":93,"column":17},"end":{"line":93,"column":null}},"13":{"start":{"line":94,"column":4},"end":{"line":94,"column":null}},"14":{"start":{"line":108,"column":17},"end":{"line":115,"column":null}},"15":{"start":{"line":116,"column":4},"end":{"line":116,"column":null}},"16":{"start":{"line":126,"column":19},"end":{"line":126,"column":null}},"17":{"start":{"line":127,"column":17},"end":{"line":127,"column":null}},"18":{"start":{"line":128,"column":4},"end":{"line":128,"column":null}},"19":{"start":{"line":133,"column":17},"end":{"line":133,"column":null}},"20":{"start":{"line":134,"column":4},"end":{"line":134,"column":null}},"21":{"start":{"line":144,"column":17},"end":{"line":144,"column":null}},"22":{"start":{"line":145,"column":4},"end":{"line":145,"column":null}},"23":{"start":{"line":151,"column":17},"end":{"line":151,"column":null}},"24":{"start":{"line":152,"column":4},"end":{"line":152,"column":null}},"25":{"start":{"line":162,"column":17},"end":{"line":162,"column":null}},"26":{"start":{"line":163,"column":4},"end":{"line":163,"column":null}},"27":{"start":{"line":172,"column":17},"end":{"line":172,"column":null}},"28":{"start":{"line":173,"column":4},"end":{"line":173,"column":null}},"29":{"start":{"line":182,"column":17},"end":{"line":182,"column":null}},"30":{"start":{"line":183,"column":4},"end":{"line":183,"column":null}},"31":{"start":{"line":193,"column":17},"end":{"line":193,"column":null}},"32":{"start":{"line":194,"column":4},"end":{"line":194,"column":null}},"33":{"start":{"line":203,"column":17},"end":{"line":203,"column":null}},"34":{"start":{"line":204,"column":4},"end":{"line":204,"column":null}},"35":{"start":{"line":210,"column":17},"end":{"line":210,"column":null}},"36":{"start":{"line":211,"column":4},"end":{"line":211,"column":null}},"37":{"start":{"line":220,"column":17},"end":{"line":220,"column":null}},"38":{"start":{"line":221,"column":4},"end":{"line":221,"column":null}},"39":{"start":{"line":231,"column":17},"end":{"line":231,"column":null}},"40":{"start":{"line":232,"column":4},"end":{"line":232,"column":null}},"41":{"start":{"line":241,"column":17},"end":{"line":241,"column":null}},"42":{"start":{"line":242,"column":4},"end":{"line":242,"column":null}},"43":{"start":{"line":248,"column":17},"end":{"line":248,"column":null}},"44":{"start":{"line":249,"column":4},"end":{"line":249,"column":null}},"45":{"start":{"line":255,"column":17},"end":{"line":255,"column":null}},"46":{"start":{"line":256,"column":4},"end":{"line":256,"column":null}},"47":{"start":{"line":262,"column":17},"end":{"line":262,"column":null}},"48":{"start":{"line":263,"column":4},"end":{"line":263,"column":null}},"49":{"start":{"line":269,"column":17},"end":{"line":269,"column":null}},"50":{"start":{"line":270,"column":4},"end":{"line":270,"column":null}},"51":{"start":{"line":280,"column":17},"end":{"line":280,"column":null}},"52":{"start":{"line":281,"column":17},"end":{"line":281,"column":null}},"53":{"start":{"line":282,"column":4},"end":{"line":282,"column":null}},"54":{"start":{"line":30,"column":31},"end":{"line":30,"column":61}}},"fnMap":{"0":{"name":"_define_property","decl":{"start":{"line":25,"column":0},"end":{"line":25,"column":null}},"loc":{"start":{"line":25,"column":0},"end":{"line":25,"column":null}},"line":25},"1":{"name":"getSettings","decl":{"start":{"line":34,"column":8},"end":{"line":34,"column":20}},"loc":{"start":{"line":34,"column":61},"end":{"line":37,"column":null}},"line":34},"2":{"name":"updateSettings","decl":{"start":{"line":41,"column":8},"end":{"line":41,"column":null}},"loc":{"start":{"line":44,"column":4},"end":{"line":47,"column":null}},"line":44},"3":{"name":"autoGenerate","decl":{"start":{"line":51,"column":8},"end":{"line":51,"column":null}},"loc":{"start":{"line":54,"column":4},"end":{"line":57,"column":null}},"line":54},"4":{"name":"getPeriods","decl":{"start":{"line":61,"column":8},"end":{"line":61,"column":19}},"loc":{"start":{"line":61,"column":60},"end":{"line":64,"column":null}},"line":61},"5":{"name":"createPeriod","decl":{"start":{"line":68,"column":8},"end":{"line":68,"column":null}},"loc":{"start":{"line":71,"column":4},"end":{"line":74,"column":null}},"line":71},"6":{"name":"deletePeriod","decl":{"start":{"line":78,"column":8},"end":{"line":78,"column":null}},"loc":{"start":{"line":81,"column":4},"end":{"line":84,"column":null}},"line":81},"7":{"name":"getDebts","decl":{"start":{"line":88,"column":8},"end":{"line":88,"column":null}},"loc":{"start":{"line":92,"column":4},"end":{"line":95,"column":null}},"line":92},"8":{"name":"getDebtsPaginated","decl":{"start":{"line":99,"column":8},"end":{"line":99,"column":null}},"loc":{"start":{"line":107,"column":4},"end":{"line":117,"column":null}},"line":107},"9":{"name":"getMyDebts","decl":{"start":{"line":120,"column":8},"end":{"line":120,"column":null}},"loc":{"start":{"line":125,"column":4},"end":{"line":129,"column":null}},"line":125},"10":{"name":"getSiteInfo","decl":{"start":{"line":132,"column":8},"end":{"line":132,"column":20}},"loc":{"start":{"line":132,"column":61},"end":{"line":135,"column":null}},"line":132},"11":{"name":"createDebt","decl":{"start":{"line":140,"column":8},"end":{"line":140,"column":null}},"loc":{"start":{"line":143,"column":4},"end":{"line":146,"column":null}},"line":143},"12":{"name":"getPendingPayments","decl":{"start":{"line":150,"column":8},"end":{"line":150,"column":27}},"loc":{"start":{"line":150,"column":68},"end":{"line":153,"column":null}},"line":150},"13":{"name":"approvePayment","decl":{"start":{"line":157,"column":8},"end":{"line":157,"column":null}},"loc":{"start":{"line":161,"column":4},"end":{"line":164,"column":null}},"line":161},"14":{"name":"rejectPayment","decl":{"start":{"line":168,"column":8},"end":{"line":168,"column":null}},"loc":{"start":{"line":171,"column":4},"end":{"line":174,"column":null}},"line":171},"15":{"name":"createPayment","decl":{"start":{"line":177,"column":8},"end":{"line":177,"column":null}},"loc":{"start":{"line":181,"column":4},"end":{"line":184,"column":null}},"line":181},"16":{"name":"recordCashCollection","decl":{"start":{"line":188,"column":8},"end":{"line":188,"column":null}},"loc":{"start":{"line":192,"column":4},"end":{"line":195,"column":null}},"line":192},"17":{"name":"dischargeResident","decl":{"start":{"line":199,"column":8},"end":{"line":199,"column":null}},"loc":{"start":{"line":202,"column":4},"end":{"line":205,"column":null}},"line":202},"18":{"name":"getAccounts","decl":{"start":{"line":209,"column":8},"end":{"line":209,"column":20}},"loc":{"start":{"line":209,"column":61},"end":{"line":212,"column":null}},"line":209},"19":{"name":"createAccount","decl":{"start":{"line":216,"column":8},"end":{"line":216,"column":null}},"loc":{"start":{"line":219,"column":4},"end":{"line":222,"column":null}},"line":219},"20":{"name":"transferFunds","decl":{"start":{"line":226,"column":8},"end":{"line":226,"column":null}},"loc":{"start":{"line":230,"column":4},"end":{"line":233,"column":null}},"line":230},"21":{"name":"getAccountTransactions","decl":{"start":{"line":237,"column":8},"end":{"line":237,"column":null}},"loc":{"start":{"line":240,"column":4},"end":{"line":243,"column":null}},"line":240},"22":{"name":"getAllTransactions","decl":{"start":{"line":247,"column":8},"end":{"line":247,"column":27}},"loc":{"start":{"line":247,"column":68},"end":{"line":250,"column":null}},"line":247},"23":{"name":"getPosRevenue","decl":{"start":{"line":254,"column":8},"end":{"line":254,"column":24}},"loc":{"start":{"line":254,"column":24},"end":{"line":257,"column":null}},"line":254},"24":{"name":"getExpenses","decl":{"start":{"line":261,"column":8},"end":{"line":261,"column":20}},"loc":{"start":{"line":261,"column":61},"end":{"line":264,"column":null}},"line":261},"25":{"name":"getSummary","decl":{"start":{"line":268,"column":8},"end":{"line":268,"column":19}},"loc":{"start":{"line":268,"column":60},"end":{"line":271,"column":null}},"line":268},"26":{"name":"getReports","decl":{"start":{"line":275,"column":8},"end":{"line":275,"column":null}},"loc":{"start":{"line":279,"column":4},"end":{"line":283,"column":null}},"line":279},"27":{"name":"constructor","decl":{"start":{"line":30,"column":2},"end":{"line":30,"column":14}},"loc":{"start":{"line":30,"column":63},"end":{"line":30,"column":null}},"line":30}},"branchMap":{"0":{"loc":{"start":{"line":109,"column":12},"end":{"line":109,"column":null}},"type":"cond-expr","locations":[{"start":{"line":109,"column":19},"end":{"line":109,"column":40}},{"start":{"line":109,"column":40},"end":{"line":109,"column":null}}],"line":109},"1":{"loc":{"start":{"line":110,"column":13},"end":{"line":110,"column":null}},"type":"cond-expr","locations":[{"start":{"line":110,"column":21},"end":{"line":110,"column":43}},{"start":{"line":110,"column":43},"end":{"line":110,"column":null}}],"line":110},"2":{"loc":{"start":{"line":111,"column":14},"end":{"line":111,"column":null}},"type":"binary-expr","locations":[{"start":{"line":111,"column":14},"end":{"line":111,"column":15}},{"start":{"line":111,"column":33},"end":{"line":111,"column":null}}],"line":111},"3":{"loc":{"start":{"line":112,"column":16},"end":{"line":112,"column":null}},"type":"binary-expr","locations":[{"start":{"line":112,"column":16},"end":{"line":112,"column":17}},{"start":{"line":112,"column":37},"end":{"line":112,"column":null}}],"line":112},"4":{"loc":{"start":{"line":113,"column":16},"end":{"line":113,"column":null}},"type":"binary-expr","locations":[{"start":{"line":113,"column":16},"end":{"line":113,"column":28}},{"start":{"line":113,"column":28},"end":{"line":113,"column":null}}],"line":113},"5":{"loc":{"start":{"line":114,"column":14},"end":{"line":114,"column":null}},"type":"binary-expr","locations":[{"start":{"line":114,"column":14},"end":{"line":114,"column":24}},{"start":{"line":114,"column":24},"end":{"line":114,"column":null}}],"line":114},"6":{"loc":{"start":{"line":126,"column":19},"end":{"line":126,"column":null}},"type":"binary-expr","locations":[{"start":{"line":126,"column":19},"end":{"line":126,"column":35}},{"start":{"line":126,"column":35},"end":{"line":126,"column":null}}],"line":126},"7":{"loc":{"start":{"line":280,"column":17},"end":{"line":280,"column":null}},"type":"cond-expr","locations":[{"start":{"line":280,"column":29},"end":{"line":280,"column":55}},{"start":{"line":280,"column":55},"end":{"line":280,"column":null}}],"line":280}},"s":{"0":1,"1":1,"2":1,"3":1,"4":1,"5":1,"6":0,"7":0,"8":0,"9":0,"10":0,"11":0,"12":1,"13":1,"14":0,"15":0,"16":0,"17":0,"18":0,"19":0,"20":0,"21":1,"22":1,"23":0,"24":0,"25":1,"26":1,"27":1,"28":1,"29":0,"30":0,"31":1,"32":1,"33":1,"34":1,"35":0,"36":0,"37":0,"38":0,"39":0,"40":0,"41":0,"42":0,"43":0,"44":0,"45":0,"46":0,"47":0,"48":0,"49":1,"50":1,"51":0,"52":0,"53":0,"54":10},"f":{"0":10,"1":1,"2":1,"3":1,"4":0,"5":0,"6":0,"7":1,"8":0,"9":0,"10":0,"11":1,"12":0,"13":1,"14":1,"15":0,"16":1,"17":1,"18":0,"19":0,"20":0,"21":0,"22":0,"23":0,"24":0,"25":1,"26":0,"27":10},"b":{"0":[0,0],"1":[0,0],"2":[0,0],"3":[0,0],"4":[0,0],"5":[0,0],"6":[0,0],"7":[0,0]},"meta":{"lastBranch":8,"lastFunction":28,"lastStatement":55,"seen":{"f:25:0:25:Infinity":0,"f:34:8:34:20":1,"s:35:17:35:Infinity":0,"s:36:4:36:Infinity":1,"f:41:8:41:Infinity":2,"s:45:17:45:Infinity":2,"s:46:4:46:Infinity":3,"f:51:8:51:Infinity":3,"s:55:17:55:Infinity":4,"s:56:4:56:Infinity":5,"f:61:8:61:19":4,"s:62:17:62:Infinity":6,"s:63:4:63:Infinity":7,"f:68:8:68:Infinity":5,"s:72:17:72:Infinity":8,"s:73:4:73:Infinity":9,"f:78:8:78:Infinity":6,"s:82:17:82:Infinity":10,"s:83:4:83:Infinity":11,"f:88:8:88:Infinity":7,"s:93:17:93:Infinity":12,"s:94:4:94:Infinity":13,"f:99:8:99:Infinity":8,"s:108:17:115:Infinity":14,"b:109:19:109:40:109:40:109:Infinity":0,"b:110:21:110:43:110:43:110:Infinity":1,"b:111:14:111:15:111:33:111:Infinity":2,"b:112:16:112:17:112:37:112:Infinity":3,"b:113:16:113:28:113:28:113:Infinity":4,"b:114:14:114:24:114:24:114:Infinity":5,"s:116:4:116:Infinity":15,"f:120:8:120:Infinity":9,"s:126:19:126:Infinity":16,"b:126:19:126:35:126:35:126:Infinity":6,"s:127:17:127:Infinity":17,"s:128:4:128:Infinity":18,"f:132:8:132:20":10,"s:133:17:133:Infinity":19,"s:134:4:134:Infinity":20,"f:140:8:140:Infinity":11,"s:144:17:144:Infinity":21,"s:145:4:145:Infinity":22,"f:150:8:150:27":12,"s:151:17:151:Infinity":23,"s:152:4:152:Infinity":24,"f:157:8:157:Infinity":13,"s:162:17:162:Infinity":25,"s:163:4:163:Infinity":26,"f:168:8:168:Infinity":14,"s:172:17:172:Infinity":27,"s:173:4:173:Infinity":28,"f:177:8:177:Infinity":15,"s:182:17:182:Infinity":29,"s:183:4:183:Infinity":30,"f:188:8:188:Infinity":16,"s:193:17:193:Infinity":31,"s:194:4:194:Infinity":32,"f:199:8:199:Infinity":17,"s:203:17:203:Infinity":33,"s:204:4:204:Infinity":34,"f:209:8:209:20":18,"s:210:17:210:Infinity":35,"s:211:4:211:Infinity":36,"f:216:8:216:Infinity":19,"s:220:17:220:Infinity":37,"s:221:4:221:Infinity":38,"f:226:8:226:Infinity":20,"s:231:17:231:Infinity":39,"s:232:4:232:Infinity":40,"f:237:8:237:Infinity":21,"s:241:17:241:Infinity":41,"s:242:4:242:Infinity":42,"f:247:8:247:27":22,"s:248:17:248:Infinity":43,"s:249:4:249:Infinity":44,"f:254:8:254:24":23,"s:255:17:255:Infinity":45,"s:256:4:256:Infinity":46,"f:261:8:261:20":24,"s:262:17:262:Infinity":47,"s:263:4:263:Infinity":48,"f:268:8:268:19":25,"s:269:17:269:Infinity":49,"s:270:4:270:Infinity":50,"f:275:8:275:Infinity":26,"s:280:17:280:Infinity":51,"b:280:29:280:55:280:55:280:Infinity":7,"s:281:17:281:Infinity":52,"s:282:4:282:Infinity":53,"f:30:2:30:14":27,"s:30:31:30:61":54},"fnNames":{}}}
,"/Users/cagataydalaman/Desktop/sitera_proje_genel/sitera/apps/api/src/finance/finance.module.ts": {"path":"/Users/cagataydalaman/Desktop/sitera_proje_genel/sitera/apps/api/src/finance/finance.module.ts","statementMap":{},"fnMap":{"0":{"name":"_ts_decorate","decl":{"start":{"line":16,"column":0},"end":{"line":16,"column":null}},"loc":{"start":{"line":16,"column":0},"end":{"line":16,"column":null}},"line":16}},"branchMap":{},"s":{},"f":{"0":0},"b":{},"meta":{"lastBranch":0,"lastFunction":1,"lastStatement":0,"seen":{"f:16:0:16:Infinity":0},"fnNames":{}}}
,"/Users/cagataydalaman/Desktop/sitera_proje_genel/sitera/apps/api/src/finance/finance.service.ts": {"path":"/Users/cagataydalaman/Desktop/sitera_proje_genel/sitera/apps/api/src/finance/finance.service.ts","statementMap":{"0":{"start":{"line":79,"column":4},"end":{"line":79,"column":null}},"1":{"start":{"line":83,"column":4},"end":{"line":83,"column":null}},"2":{"start":{"line":87,"column":21},"end":{"line":87,"column":null}},"3":{"start":{"line":88,"column":4},"end":{"line":90,"column":null}},"4":{"start":{"line":89,"column":6},"end":{"line":89,"column":null}},"5":{"start":{"line":91,"column":4},"end":{"line":91,"column":null}},"6":{"start":{"line":98,"column":24},"end":{"line":98,"column":null}},"7":{"start":{"line":99,"column":4},"end":{"line":99,"column":null}},"8":{"start":{"line":100,"column":4},"end":{"line":109,"column":null}},"9":{"start":{"line":101,"column":6},"end":{"line":105,"column":null}},"10":{"start":{"line":102,"column":8},"end":{"line":102,"column":null}},"11":{"start":{"line":104,"column":8},"end":{"line":104,"column":null}},"12":{"start":{"line":106,"column":6},"end":{"line":106,"column":null}},"13":{"start":{"line":108,"column":6},"end":{"line":108,"column":null}},"14":{"start":{"line":116,"column":4},"end":{"line":331,"column":null}},"15":{"start":{"line":117,"column":26},"end":{"line":117,"column":null}},"16":{"start":{"line":118,"column":6},"end":{"line":118,"column":null}},"17":{"start":{"line":118,"column":27},"end":{"line":118,"column":null}},"18":{"start":{"line":120,"column":25},"end":{"line":121,"column":null}},"19":{"start":{"line":123,"column":6},"end":{"line":123,"column":null}},"20":{"start":{"line":123,"column":23},"end":{"line":123,"column":null}},"21":{"start":{"line":125,"column":6},"end":{"line":125,"column":null}},"22":{"start":{"line":128,"column":31},"end":{"line":128,"column":null}},"23":{"start":{"line":129,"column":6},"end":{"line":141,"column":null}},"24":{"start":{"line":130,"column":25},"end":{"line":139,"column":null}},"25":{"start":{"line":140,"column":8},"end":{"line":140,"column":null}},"26":{"start":{"line":144,"column":21},"end":{"line":150,"column":null}},"27":{"start":{"line":151,"column":6},"end":{"line":151,"column":null}},"28":{"start":{"line":154,"column":23},"end":{"line":185,"column":null}},"29":{"start":{"line":186,"column":6},"end":{"line":186,"column":null}},"30":{"start":{"line":189,"column":23},"end":{"line":234,"column":null}},"31":{"start":{"line":235,"column":6},"end":{"line":235,"column":null}},"32":{"start":{"line":238,"column":22},"end":{"line":240,"column":null}},"33":{"start":{"line":242,"column":42},"end":{"line":242,"column":44}},"34":{"start":{"line":244,"column":6},"end":{"line":286,"column":null}},"35":{"start":{"line":245,"column":8},"end":{"line":266,"column":null}},"36":{"start":{"line":245,"column":21},"end":{"line":245,"column":24}},"37":{"start":{"line":246,"column":20},"end":{"line":246,"column":30}},"38":{"start":{"line":247,"column":23},"end":{"line":247,"column":84}},"39":{"start":{"line":249,"column":25},"end":{"line":249,"column":null}},"40":{"start":{"line":250,"column":10},"end":{"line":264,"column":null}},"41":{"start":{"line":269,"column":8},"end":{"line":285,"column":null}},"42":{"start":{"line":269,"column":21},"end":{"line":269,"column":24}},"43":{"start":{"line":270,"column":10},"end":{"line":283,"column":null}},"44":{"start":{"line":287,"column":25},"end":{"line":287,"column":null}},"45":{"start":{"line":290,"column":26},"end":{"line":290,"column":null}},"46":{"start":{"line":290,"column":51},"end":{"line":290,"column":null}},"47":{"start":{"line":291,"column":23},"end":{"line":325,"column":null}},"48":{"start":{"line":326,"column":6},"end":{"line":326,"column":null}},"49":{"start":{"line":328,"column":6},"end":{"line":328,"column":null}},"50":{"start":{"line":330,"column":6},"end":{"line":330,"column":null}},"51":{"start":{"line":335,"column":4},"end":{"line":399,"column":null}},"52":{"start":{"line":336,"column":6},"end":{"line":396,"column":null}},"53":{"start":{"line":337,"column":22},"end":{"line":337,"column":null}},"54":{"start":{"line":338,"column":22},"end":{"line":338,"column":null}},"55":{"start":{"line":339,"column":22},"end":{"line":339,"column":null}},"56":{"start":{"line":341,"column":25},"end":{"line":341,"column":null}},"57":{"start":{"line":342,"column":8},"end":{"line":342,"column":null}},"58":{"start":{"line":342,"column":23},"end":{"line":342,"column":null}},"59":{"start":{"line":344,"column":30},"end":{"line":344,"column":null}},"60":{"start":{"line":345,"column":8},"end":{"line":345,"column":null}},"61":{"start":{"line":345,"column":31},"end":{"line":345,"column":null}},"62":{"start":{"line":347,"column":23},"end":{"line":350,"column":null}},"63":{"start":{"line":352,"column":22},"end":{"line":393,"column":null}},"64":{"start":{"line":394,"column":8},"end":{"line":394,"column":null}},"65":{"start":{"line":395,"column":8},"end":{"line":395,"column":null}},"66":{"start":{"line":398,"column":6},"end":{"line":398,"column":null}},"67":{"start":{"line":404,"column":16},"end":{"line":404,"column":null}},"68":{"start":{"line":405,"column":4},"end":{"line":422,"column":null}},"69":{"start":{"line":406,"column":19},"end":{"line":406,"column":null}},"70":{"start":{"line":407,"column":21},"end":{"line":407,"column":null}},"71":{"start":{"line":408,"column":6},"end":{"line":420,"column":null}},"72":{"start":{"line":409,"column":8},"end":{"line":418,"column":null}},"73":{"start":{"line":419,"column":8},"end":{"line":419,"column":null}},"74":{"start":{"line":421,"column":6},"end":{"line":421,"column":null}},"75":{"start":{"line":426,"column":16},"end":{"line":426,"column":null}},"76":{"start":{"line":427,"column":4},"end":{"line":436,"column":null}},"77":{"start":{"line":428,"column":19},"end":{"line":428,"column":null}},"78":{"start":{"line":429,"column":21},"end":{"line":429,"column":null}},"79":{"start":{"line":430,"column":6},"end":{"line":434,"column":null}},"80":{"start":{"line":431,"column":8},"end":{"line":431,"column":null}},"81":{"start":{"line":433,"column":8},"end":{"line":433,"column":null}},"82":{"start":{"line":435,"column":6},"end":{"line":435,"column":null}},"83":{"start":{"line":441,"column":16},"end":{"line":441,"column":null}},"84":{"start":{"line":442,"column":21},"end":{"line":442,"column":null}},"85":{"start":{"line":444,"column":16},"end":{"line":444,"column":null}},"86":{"start":{"line":445,"column":19},"end":{"line":448,"column":null}},"87":{"start":{"line":449,"column":30},"end":{"line":449,"column":78}},"88":{"start":{"line":452,"column":27},"end":{"line":453,"column":null}},"89":{"start":{"line":453,"column":6},"end":{"line":453,"column":null}},"90":{"start":{"line":456,"column":4},"end":{"line":461,"column":null}},"91":{"start":{"line":457,"column":25},"end":{"line":458,"column":null}},"92":{"start":{"line":458,"column":8},"end":{"line":458,"column":null}},"93":{"start":{"line":460,"column":6},"end":{"line":460,"column":null}},"94":{"start":{"line":464,"column":19},"end":{"line":464,"column":null}},"95":{"start":{"line":465,"column":20},"end":{"line":465,"column":null}},"96":{"start":{"line":466,"column":21},"end":{"line":466,"column":null}},"97":{"start":{"line":467,"column":23},"end":{"line":467,"column":82}},"98":{"start":{"line":469,"column":26},"end":{"line":480,"column":null}},"99":{"start":{"line":483,"column":23},"end":{"line":484,"column":null}},"100":{"start":{"line":484,"column":6},"end":{"line":484,"column":null}},"101":{"start":{"line":487,"column":4},"end":{"line":487,"column":null}},"102":{"start":{"line":492,"column":16},"end":{"line":492,"column":null}},"103":{"start":{"line":493,"column":4},"end":{"line":497,"column":null}},"104":{"start":{"line":494,"column":6},"end":{"line":497,"column":null}},"105":{"start":{"line":502,"column":16},"end":{"line":502,"column":null}},"106":{"start":{"line":503,"column":4},"end":{"line":625,"column":null}},"107":{"start":{"line":504,"column":25},"end":{"line":504,"column":null}},"108":{"start":{"line":505,"column":24},"end":{"line":505,"column":null}},"109":{"start":{"line":506,"column":24},"end":{"line":506,"column":null}},"110":{"start":{"line":509,"column":27},"end":{"line":509,"column":null}},"111":{"start":{"line":510,"column":6},"end":{"line":512,"column":null}},"112":{"start":{"line":511,"column":8},"end":{"line":511,"column":null}},"113":{"start":{"line":515,"column":22},"end":{"line":517,"column":null}},"114":{"start":{"line":519,"column":67},"end":{"line":519,"column":69}},"115":{"start":{"line":520,"column":6},"end":{"line":525,"column":null}},"116":{"start":{"line":521,"column":22},"end":{"line":521,"column":null}},"117":{"start":{"line":522,"column":8},"end":{"line":524,"column":null}},"118":{"start":{"line":523,"column":10},"end":{"line":523,"column":null}},"119":{"start":{"line":527,"column":25},"end":{"line":527,"column":null}},"120":{"start":{"line":528,"column":30},"end":{"line":528,"column":null}},"121":{"start":{"line":530,"column":6},"end":{"line":532,"column":null}},"122":{"start":{"line":531,"column":8},"end":{"line":531,"column":null}},"123":{"start":{"line":534,"column":21},"end":{"line":540,"column":null}},"124":{"start":{"line":541,"column":26},"end":{"line":541,"column":null}},"125":{"start":{"line":543,"column":6},"end":{"line":622,"column":null}},"126":{"start":{"line":544,"column":39},"end":{"line":544,"column":41}},"127":{"start":{"line":545,"column":26},"end":{"line":545,"column":null}},"128":{"start":{"line":546,"column":39},"end":{"line":546,"column":null}},"129":{"start":{"line":548,"column":8},"end":{"line":617,"column":null}},"130":{"start":{"line":549,"column":31},"end":{"line":560,"column":null}},"131":{"start":{"line":553,"column":47},"end":{"line":557,"column":null}},"132":{"start":{"line":562,"column":10},"end":{"line":597,"column":null}},"133":{"start":{"line":562,"column":27},"end":{"line":562,"column":30}},"134":{"start":{"line":563,"column":26},"end":{"line":563,"column":45}},"135":{"start":{"line":564,"column":25},"end":{"line":564,"column":44}},"136":{"start":{"line":567,"column":31},"end":{"line":567,"column":42}},"137":{"start":{"line":568,"column":12},"end":{"line":575,"column":null}},"138":{"start":{"line":569,"column":34},"end":{"line":572,"column":null}},"139":{"start":{"line":571,"column":18},"end":{"line":572,"column":null}},"140":{"start":{"line":574,"column":14},"end":{"line":574,"column":null}},"141":{"start":{"line":574,"column":31},"end":{"line":574,"column":null}},"142":{"start":{"line":577,"column":30},"end":{"line":579,"column":49}},"143":{"start":{"line":581,"column":12},"end":{"line":595,"column":null}},"144":{"start":{"line":600,"column":10},"end":{"line":616,"column":null}},"145":{"start":{"line":600,"column":23},"end":{"line":600,"column":26}},"146":{"start":{"line":601,"column":12},"end":{"line":614,"column":null}},"147":{"start":{"line":619,"column":8},"end":{"line":621,"column":null}},"148":{"start":{"line":620,"column":10},"end":{"line":620,"column":null}},"149":{"start":{"line":624,"column":6},"end":{"line":624,"column":null}},"150":{"start":{"line":629,"column":16},"end":{"line":629,"column":null}},"151":{"start":{"line":630,"column":4},"end":{"line":637,"column":null}},"152":{"start":{"line":631,"column":25},"end":{"line":631,"column":null}},"153":{"start":{"line":632,"column":24},"end":{"line":632,"column":null}},"154":{"start":{"line":634,"column":6},"end":{"line":634,"column":null}},"155":{"start":{"line":635,"column":6},"end":{"line":635,"column":null}},"156":{"start":{"line":636,"column":6},"end":{"line":636,"column":null}},"157":{"start":{"line":642,"column":16},"end":{"line":642,"column":null}},"158":{"start":{"line":643,"column":21},"end":{"line":643,"column":null}},"159":{"start":{"line":645,"column":4},"end":{"line":742,"column":null}},"160":{"start":{"line":646,"column":23},"end":{"line":646,"column":null}},"161":{"start":{"line":647,"column":23},"end":{"line":647,"column":null}},"162":{"start":{"line":648,"column":32},"end":{"line":648,"column":34}},"163":{"start":{"line":650,"column":6},"end":{"line":721,"column":null}},"164":{"start":{"line":651,"column":26},"end":{"line":651,"column":null}},"165":{"start":{"line":652,"column":25},"end":{"line":652,"column":null}},"166":{"start":{"line":653,"column":34},"end":{"line":653,"column":36}},"167":{"start":{"line":654,"column":8},"end":{"line":658,"column":null}},"168":{"start":{"line":655,"column":10},"end":{"line":655,"column":null}},"169":{"start":{"line":655,"column":42},"end":{"line":655,"column":52}},"170":{"start":{"line":656,"column":15},"end":{"line":658,"column":null}},"171":{"start":{"line":657,"column":10},"end":{"line":657,"column":null}},"172":{"start":{"line":657,"column":65},"end":{"line":657,"column":75}},"173":{"start":{"line":659,"column":8},"end":{"line":661,"column":null}},"174":{"start":{"line":660,"column":10},"end":{"line":660,"column":null}},"175":{"start":{"line":663,"column":24},"end":{"line":663,"column":null}},"176":{"start":{"line":665,"column":8},"end":{"line":705,"column":null}},"177":{"start":{"line":667,"column":21},"end":{"line":671,"column":null}},"178":{"start":{"line":672,"column":10},"end":{"line":677,"column":null}},"179":{"start":{"line":673,"column":12},"end":{"line":676,"column":null}},"180":{"start":{"line":678,"column":10},"end":{"line":681,"column":null}},"181":{"start":{"line":682,"column":15},"end":{"line":705,"column":null}},"182":{"start":{"line":684,"column":10},"end":{"line":690,"column":null}},"183":{"start":{"line":693,"column":31},"end":{"line":693,"column":null}},"184":{"start":{"line":694,"column":10},"end":{"line":704,"column":null}},"185":{"start":{"line":706,"column":13},"end":{"line":721,"column":null}},"186":{"start":{"line":707,"column":8},"end":{"line":714,"column":null}},"187":{"start":{"line":716,"column":8},"end":{"line":720,"column":null}},"188":{"start":{"line":723,"column":6},"end":{"line":741,"column":null}},"189":{"start":{"line":724,"column":8},"end":{"line":739,"column":null}},"190":{"start":{"line":725,"column":27},"end":{"line":732,"column":null}},"191":{"start":{"line":733,"column":10},"end":{"line":738,"column":null}},"192":{"start":{"line":734,"column":13},"end":{"line":734,"column":null}},"193":{"start":{"line":735,"column":13},"end":{"line":735,"column":null}},"194":{"start":{"line":736,"column":13},"end":{"line":736,"column":null}},"195":{"start":{"line":737,"column":13},"end":{"line":737,"column":null}},"196":{"start":{"line":740,"column":8},"end":{"line":740,"column":null}},"197":{"start":{"line":756,"column":16},"end":{"line":756,"column":null}},"198":{"start":{"line":757,"column":21},"end":{"line":757,"column":null}},"199":{"start":{"line":759,"column":17},"end":{"line":759,"column":null}},"200":{"start":{"line":760,"column":18},"end":{"line":760,"column":null}},"201":{"start":{"line":761,"column":17},"end":{"line":761,"column":null}},"202":{"start":{"line":763,"column":4},"end":{"line":839,"column":null}},"203":{"start":{"line":764,"column":23},"end":{"line":764,"column":null}},"204":{"start":{"line":766,"column":17},"end":{"line":769,"column":null}},"205":{"start":{"line":772,"column":6},"end":{"line":778,"column":null}},"206":{"start":{"line":773,"column":8},"end":{"line":777,"column":null}},"207":{"start":{"line":774,"column":10},"end":{"line":774,"column":null}},"208":{"start":{"line":776,"column":10},"end":{"line":776,"column":null}},"209":{"start":{"line":781,"column":6},"end":{"line":787,"column":null}},"210":{"start":{"line":782,"column":8},"end":{"line":786,"column":null}},"211":{"start":{"line":783,"column":10},"end":{"line":783,"column":null}},"212":{"start":{"line":785,"column":10},"end":{"line":785,"column":null}},"213":{"start":{"line":790,"column":6},"end":{"line":792,"column":null}},"214":{"start":{"line":791,"column":8},"end":{"line":791,"column":null}},"215":{"start":{"line":795,"column":6},"end":{"line":801,"column":null}},"216":{"start":{"line":796,"column":23},"end":{"line":796,"column":65}},"217":{"start":{"line":797,"column":8},"end":{"line":799,"column":null}},"218":{"start":{"line":803,"column":20},"end":{"line":803,"column":null}},"219":{"start":{"line":805,"column":20},"end":{"line":810,"column":null}},"220":{"start":{"line":812,"column":28},"end":{"line":830,"column":null}},"221":{"start":{"line":813,"column":8},"end":{"line":828,"column":null}},"222":{"start":{"line":814,"column":27},"end":{"line":821,"column":null}},"223":{"start":{"line":822,"column":10},"end":{"line":827,"column":null}},"224":{"start":{"line":823,"column":13},"end":{"line":823,"column":null}},"225":{"start":{"line":824,"column":13},"end":{"line":824,"column":null}},"226":{"start":{"line":825,"column":13},"end":{"line":825,"column":null}},"227":{"start":{"line":826,"column":13},"end":{"line":826,"column":null}},"228":{"start":{"line":829,"column":8},"end":{"line":829,"column":null}},"229":{"start":{"line":832,"column":6},"end":{"line":838,"column":null}},"230":{"start":{"line":843,"column":16},"end":{"line":843,"column":null}},"231":{"start":{"line":844,"column":4},"end":{"line":861,"column":null}},"232":{"start":{"line":845,"column":23},"end":{"line":845,"column":null}},"233":{"start":{"line":846,"column":19},"end":{"line":859,"column":null}},"234":{"start":{"line":860,"column":6},"end":{"line":860,"column":null}},"235":{"start":{"line":866,"column":16},"end":{"line":866,"column":null}},"236":{"start":{"line":867,"column":4},"end":{"line":926,"column":null}},"237":{"start":{"line":868,"column":22},"end":{"line":868,"column":null}},"238":{"start":{"line":869,"column":23},"end":{"line":869,"column":null}},"239":{"start":{"line":870,"column":22},"end":{"line":870,"column":null}},"240":{"start":{"line":872,"column":25},"end":{"line":872,"column":41}},"241":{"start":{"line":873,"column":6},"end":{"line":882,"column":null}},"242":{"start":{"line":874,"column":21},"end":{"line":874,"column":null}},"243":{"start":{"line":875,"column":8},"end":{"line":881,"column":null}},"244":{"start":{"line":876,"column":10},"end":{"line":876,"column":null}},"245":{"start":{"line":877,"column":10},"end":{"line":877,"column":null}},"246":{"start":{"line":878,"column":10},"end":{"line":878,"column":null}},"247":{"start":{"line":879,"column":10},"end":{"line":879,"column":null}},"248":{"start":{"line":880,"column":10},"end":{"line":880,"column":null}},"249":{"start":{"line":884,"column":22},"end":{"line":896,"column":null}},"250":{"start":{"line":897,"column":27},"end":{"line":897,"column":null}},"251":{"start":{"line":900,"column":8},"end":{"line":901,"column":null}},"252":{"start":{"line":902,"column":6},"end":{"line":923,"column":null}},"253":{"start":{"line":903,"column":8},"end":{"line":903,"column":null}},"254":{"start":{"line":904,"column":8},"end":{"line":904,"column":null}},"255":{"start":{"line":905,"column":8},"end":{"line":905,"column":null}},"256":{"start":{"line":907,"column":26},"end":{"line":907,"column":null}},"257":{"start":{"line":908,"column":22},"end":{"line":921,"column":null}},"258":{"start":{"line":922,"column":8},"end":{"line":922,"column":null}},"259":{"start":{"line":925,"column":6},"end":{"line":925,"column":null}},"260":{"start":{"line":930,"column":16},"end":{"line":930,"column":null}},"261":{"start":{"line":931,"column":4},"end":{"line":955,"column":null}},"262":{"start":{"line":932,"column":23},"end":{"line":932,"column":null}},"263":{"start":{"line":933,"column":23},"end":{"line":933,"column":null}},"264":{"start":{"line":935,"column":19},"end":{"line":935,"column":null}},"265":{"start":{"line":936,"column":6},"end":{"line":938,"column":null}},"266":{"start":{"line":937,"column":8},"end":{"line":937,"column":null}},"267":{"start":{"line":940,"column":26},"end":{"line":942,"column":null}},"268":{"start":{"line":943,"column":35},"end":{"line":943,"column":null}},"269":{"start":{"line":945,"column":6},"end":{"line":948,"column":null}},"270":{"start":{"line":946,"column":8},"end":{"line":946,"column":null}},"271":{"start":{"line":946,"column":46},"end":{"line":946,"column":60}},"272":{"start":{"line":947,"column":8},"end":{"line":947,"column":null}},"273":{"start":{"line":950,"column":6},"end":{"line":954,"column":null}},"274":{"start":{"line":960,"column":16},"end":{"line":960,"column":null}},"275":{"start":{"line":961,"column":4},"end":{"line":965,"column":null}},"276":{"start":{"line":962,"column":6},"end":{"line":965,"column":null}},"277":{"start":{"line":970,"column":16},"end":{"line":970,"column":null}},"278":{"start":{"line":971,"column":4},"end":{"line":1081,"column":null}},"279":{"start":{"line":972,"column":22},"end":{"line":972,"column":null}},"280":{"start":{"line":973,"column":23},"end":{"line":973,"column":null}},"281":{"start":{"line":974,"column":22},"end":{"line":974,"column":null}},"282":{"start":{"line":976,"column":22},"end":{"line":976,"column":null}},"283":{"start":{"line":977,"column":6},"end":{"line":979,"column":null}},"284":{"start":{"line":978,"column":8},"end":{"line":978,"column":null}},"285":{"start":{"line":981,"column":6},"end":{"line":981,"column":null}},"286":{"start":{"line":982,"column":6},"end":{"line":982,"column":null}},"287":{"start":{"line":983,"column":6},"end":{"line":983,"column":null}},"288":{"start":{"line":984,"column":27},"end":{"line":984,"column":null}},"289":{"start":{"line":987,"column":6},"end":{"line":995,"column":null}},"290":{"start":{"line":988,"column":21},"end":{"line":988,"column":null}},"291":{"start":{"line":989,"column":8},"end":{"line":994,"column":null}},"292":{"start":{"line":990,"column":10},"end":{"line":990,"column":null}},"293":{"start":{"line":991,"column":10},"end":{"line":991,"column":null}},"294":{"start":{"line":992,"column":10},"end":{"line":992,"column":null}},"295":{"start":{"line":993,"column":10},"end":{"line":993,"column":null}},"296":{"start":{"line":998,"column":25},"end":{"line":999,"column":null}},"297":{"start":{"line":1001,"column":6},"end":{"line":1022,"column":null}},"298":{"start":{"line":1002,"column":8},"end":{"line":1002,"column":null}},"299":{"start":{"line":1003,"column":8},"end":{"line":1003,"column":null}},"300":{"start":{"line":1004,"column":8},"end":{"line":1004,"column":null}},"301":{"start":{"line":1006,"column":26},"end":{"line":1006,"column":null}},"302":{"start":{"line":1007,"column":22},"end":{"line":1020,"column":null}},"303":{"start":{"line":1021,"column":8},"end":{"line":1021,"column":null}},"304":{"start":{"line":1024,"column":6},"end":{"line":1039,"column":null}},"305":{"start":{"line":1042,"column":6},"end":{"line":1078,"column":null}},"306":{"start":{"line":1043,"column":8},"end":{"line":1077,"column":null}},"307":{"start":{"line":1044,"column":28},"end":{"line":1044,"column":42}},"308":{"start":{"line":1045,"column":10},"end":{"line":1055,"column":null}},"309":{"start":{"line":1046,"column":29},"end":{"line":1046,"column":null}},"310":{"start":{"line":1047,"column":33},"end":{"line":1053,"column":null}},"311":{"start":{"line":1054,"column":12},"end":{"line":1054,"column":null}},"312":{"start":{"line":1057,"column":10},"end":{"line":1074,"column":null}},"313":{"start":{"line":1058,"column":12},"end":{"line":1072,"column":null}},"314":{"start":{"line":1076,"column":10},"end":{"line":1076,"column":null}},"315":{"start":{"line":1080,"column":6},"end":{"line":1080,"column":null}},"316":{"start":{"line":1085,"column":16},"end":{"line":1085,"column":null}},"317":{"start":{"line":1086,"column":4},"end":{"line":1150,"column":null}},"318":{"start":{"line":1087,"column":22},"end":{"line":1087,"column":null}},"319":{"start":{"line":1088,"column":22},"end":{"line":1088,"column":null}},"320":{"start":{"line":1089,"column":6},"end":{"line":1091,"column":null}},"321":{"start":{"line":1090,"column":8},"end":{"line":1090,"column":null}},"322":{"start":{"line":1092,"column":6},"end":{"line":1092,"column":null}},"323":{"start":{"line":1093,"column":20},"end":{"line":1093,"column":null}},"324":{"start":{"line":1095,"column":6},"end":{"line":1108,"column":null}},"325":{"start":{"line":1111,"column":6},"end":{"line":1147,"column":null}},"326":{"start":{"line":1112,"column":8},"end":{"line":1146,"column":null}},"327":{"start":{"line":1113,"column":28},"end":{"line":1113,"column":42}},"328":{"start":{"line":1114,"column":10},"end":{"line":1124,"column":null}},"329":{"start":{"line":1115,"column":29},"end":{"line":1115,"column":null}},"330":{"start":{"line":1116,"column":33},"end":{"line":1122,"column":null}},"331":{"start":{"line":1123,"column":12},"end":{"line":1123,"column":null}},"332":{"start":{"line":1126,"column":10},"end":{"line":1143,"column":null}},"333":{"start":{"line":1127,"column":12},"end":{"line":1141,"column":null}},"334":{"start":{"line":1145,"column":10},"end":{"line":1145,"column":null}},"335":{"start":{"line":1149,"column":6},"end":{"line":1149,"column":null}},"336":{"start":{"line":1154,"column":16},"end":{"line":1154,"column":null}},"337":{"start":{"line":1157,"column":4},"end":{"line":1169,"column":null}},"338":{"start":{"line":1158,"column":12},"end":{"line":1162,"column":null}},"339":{"start":{"line":1164,"column":6},"end":{"line":1168,"column":null}},"340":{"start":{"line":1165,"column":8},"end":{"line":1166,"column":null}},"341":{"start":{"line":1171,"column":4},"end":{"line":1279,"column":null}},"342":{"start":{"line":1172,"column":22},"end":{"line":1172,"column":null}},"343":{"start":{"line":1173,"column":23},"end":{"line":1173,"column":null}},"344":{"start":{"line":1175,"column":40},"end":{"line":1175,"column":null}},"345":{"start":{"line":1176,"column":6},"end":{"line":1181,"column":null}},"346":{"start":{"line":1177,"column":21},"end":{"line":1177,"column":null}},"347":{"start":{"line":1178,"column":8},"end":{"line":1180,"column":null}},"348":{"start":{"line":1179,"column":10},"end":{"line":1179,"column":null}},"349":{"start":{"line":1183,"column":22},"end":{"line":1195,"column":null}},"350":{"start":{"line":1197,"column":20},"end":{"line":1197,"column":null}},"351":{"start":{"line":1200,"column":6},"end":{"line":1276,"column":null}},"352":{"start":{"line":1201,"column":24},"end":{"line":1201,"column":null}},"353":{"start":{"line":1202,"column":26},"end":{"line":1202,"column":null}},"354":{"start":{"line":1203,"column":24},"end":{"line":1203,"column":null}},"355":{"start":{"line":1204,"column":26},"end":{"line":1204,"column":null}},"356":{"start":{"line":1205,"column":22},"end":{"line":1205,"column":null}},"357":{"start":{"line":1207,"column":31},"end":{"line":1207,"column":null}},"358":{"start":{"line":1209,"column":8},"end":{"line":1239,"column":null}},"359":{"start":{"line":1211,"column":23},"end":{"line":1211,"column":null}},"360":{"start":{"line":1212,"column":10},"end":{"line":1216,"column":null}},"361":{"start":{"line":1213,"column":12},"end":{"line":1213,"column":null}},"362":{"start":{"line":1215,"column":12},"end":{"line":1215,"column":null}},"363":{"start":{"line":1217,"column":30},"end":{"line":1217,"column":null}},"364":{"start":{"line":1218,"column":16},"end":{"line":1218,"column":null}},"365":{"start":{"line":1219,"column":16},"end":{"line":1219,"column":66}},"366":{"start":{"line":1220,"column":16},"end":{"line":1220,"column":78}},"367":{"start":{"line":1223,"column":28},"end":{"line":1235,"column":null}},"368":{"start":{"line":1236,"column":10},"end":{"line":1236,"column":null}},"369":{"start":{"line":1238,"column":10},"end":{"line":1238,"column":null}},"370":{"start":{"line":1241,"column":8},"end":{"line":1249,"column":null}},"371":{"start":{"line":1242,"column":23},"end":{"line":1242,"column":null}},"372":{"start":{"line":1243,"column":10},"end":{"line":1248,"column":null}},"373":{"start":{"line":1244,"column":12},"end":{"line":1244,"column":null}},"374":{"start":{"line":1245,"column":12},"end":{"line":1245,"column":null}},"375":{"start":{"line":1246,"column":12},"end":{"line":1246,"column":null}},"376":{"start":{"line":1247,"column":12},"end":{"line":1247,"column":null}},"377":{"start":{"line":1251,"column":26},"end":{"line":1253,"column":null}},"378":{"start":{"line":1255,"column":8},"end":{"line":1275,"column":null}},"379":{"start":{"line":1256,"column":10},"end":{"line":1256,"column":null}},"380":{"start":{"line":1257,"column":10},"end":{"line":1257,"column":null}},"381":{"start":{"line":1258,"column":10},"end":{"line":1258,"column":null}},"382":{"start":{"line":1260,"column":24},"end":{"line":1273,"column":null}},"383":{"start":{"line":1274,"column":10},"end":{"line":1274,"column":null}},"384":{"start":{"line":1278,"column":6},"end":{"line":1278,"column":null}},"385":{"start":{"line":1283,"column":20},"end":{"line":1283,"column":null}},"386":{"start":{"line":1284,"column":4},"end":{"line":1287,"column":null}},"387":{"start":{"line":1292,"column":16},"end":{"line":1292,"column":null}},"388":{"start":{"line":1293,"column":4},"end":{"line":1293,"column":null}},"389":{"start":{"line":1293,"column":50},"end":{"line":1293,"column":null}},"390":{"start":{"line":1297,"column":16},"end":{"line":1297,"column":null}},"391":{"start":{"line":1298,"column":4},"end":{"line":1338,"column":null}},"392":{"start":{"line":1299,"column":22},"end":{"line":1299,"column":null}},"393":{"start":{"line":1300,"column":24},"end":{"line":1300,"column":null}},"394":{"start":{"line":1302,"column":6},"end":{"line":1304,"column":null}},"395":{"start":{"line":1303,"column":8},"end":{"line":1303,"column":null}},"396":{"start":{"line":1306,"column":12},"end":{"line":1306,"column":null}},"397":{"start":{"line":1307,"column":21},"end":{"line":1316,"column":null}},"398":{"start":{"line":1318,"column":20},"end":{"line":1318,"column":null}},"399":{"start":{"line":1320,"column":6},"end":{"line":1335,"column":null}},"400":{"start":{"line":1321,"column":22},"end":{"line":1333,"column":null}},"401":{"start":{"line":1334,"column":8},"end":{"line":1334,"column":null}},"402":{"start":{"line":1337,"column":6},"end":{"line":1337,"column":null}},"403":{"start":{"line":1346,"column":16},"end":{"line":1346,"column":null}},"404":{"start":{"line":1347,"column":10},"end":{"line":1347,"column":null}},"405":{"start":{"line":1348,"column":4},"end":{"line":1350,"column":null}},"406":{"start":{"line":1349,"column":6},"end":{"line":1349,"column":null}},"407":{"start":{"line":1351,"column":4},"end":{"line":1353,"column":null}},"408":{"start":{"line":1352,"column":6},"end":{"line":1352,"column":null}},"409":{"start":{"line":1355,"column":4},"end":{"line":1428,"column":null}},"410":{"start":{"line":1356,"column":22},"end":{"line":1356,"column":null}},"411":{"start":{"line":1357,"column":24},"end":{"line":1357,"column":null}},"412":{"start":{"line":1359,"column":22},"end":{"line":1359,"column":null}},"413":{"start":{"line":1360,"column":20},"end":{"line":1360,"column":null}},"414":{"start":{"line":1362,"column":6},"end":{"line":1364,"column":null}},"415":{"start":{"line":1363,"column":8},"end":{"line":1363,"column":null}},"416":{"start":{"line":1366,"column":6},"end":{"line":1370,"column":null}},"417":{"start":{"line":1367,"column":8},"end":{"line":1368,"column":null}},"418":{"start":{"line":1372,"column":6},"end":{"line":1372,"column":null}},"419":{"start":{"line":1373,"column":6},"end":{"line":1373,"column":null}},"420":{"start":{"line":1375,"column":22},"end":{"line":1375,"column":null}},"421":{"start":{"line":1376,"column":6},"end":{"line":1376,"column":null}},"422":{"start":{"line":1377,"column":6},"end":{"line":1377,"column":null}},"423":{"start":{"line":1379,"column":6},"end":{"line":1379,"column":null}},"424":{"start":{"line":1381,"column":24},"end":{"line":1393,"column":null}},"425":{"start":{"line":1395,"column":22},"end":{"line":1407,"column":null}},"426":{"start":{"line":1409,"column":6},"end":{"line":1409,"column":null}},"427":{"start":{"line":1411,"column":6},"end":{"line":1421,"column":null}},"428":{"start":{"line":1423,"column":6},"end":{"line":1427,"column":null}},"429":{"start":{"line":1432,"column":16},"end":{"line":1432,"column":null}},"430":{"start":{"line":1433,"column":4},"end":{"line":1445,"column":null}},"431":{"start":{"line":1434,"column":24},"end":{"line":1434,"column":null}},"432":{"start":{"line":1435,"column":31},"end":{"line":1435,"column":null}},"433":{"start":{"line":1436,"column":6},"end":{"line":1438,"column":null}},"434":{"start":{"line":1437,"column":8},"end":{"line":1437,"column":null}},"435":{"start":{"line":1440,"column":6},"end":{"line":1444,"column":null}},"436":{"start":{"line":1450,"column":20},"end":{"line":1453,"column":null}},"437":{"start":{"line":1455,"column":10},"end":{"line":1455,"column":null}},"438":{"start":{"line":1455,"column":69},"end":{"line":1455,"column":96}},"439":{"start":{"line":1456,"column":10},"end":{"line":1456,"column":null}},"440":{"start":{"line":1456,"column":71},"end":{"line":1456,"column":100}},"441":{"start":{"line":1457,"column":10},"end":{"line":1457,"column":null}},"442":{"start":{"line":1457,"column":69},"end":{"line":1457,"column":95}},"443":{"start":{"line":1458,"column":10},"end":{"line":1458,"column":null}},"444":{"start":{"line":1458,"column":68},"end":{"line":1458,"column":93}},"445":{"start":{"line":1460,"column":4},"end":{"line":1467,"column":null}},"446":{"start":{"line":1471,"column":16},"end":{"line":1471,"column":null}},"447":{"start":{"line":1472,"column":4},"end":{"line":1476,"column":null}},"448":{"start":{"line":1473,"column":6},"end":{"line":1476,"column":null}},"449":{"start":{"line":1482,"column":16},"end":{"line":1482,"column":null}},"450":{"start":{"line":1483,"column":21},"end":{"line":1483,"column":null}},"451":{"start":{"line":1485,"column":4},"end":{"line":1513,"column":null}},"452":{"start":{"line":1486,"column":23},"end":{"line":1486,"column":null}},"453":{"start":{"line":1487,"column":22},"end":{"line":1487,"column":null}},"454":{"start":{"line":1488,"column":25},"end":{"line":1488,"column":null}},"455":{"start":{"line":1489,"column":22},"end":{"line":1489,"column":null}},"456":{"start":{"line":1491,"column":23},"end":{"line":1491,"column":null}},"457":{"start":{"line":1492,"column":20},"end":{"line":1492,"column":null}},"458":{"start":{"line":1493,"column":23},"end":{"line":1493,"column":null}},"459":{"start":{"line":1494,"column":36},"end":{"line":1496,"column":null}},"460":{"start":{"line":1498,"column":27},"end":{"line":1501,"column":null}},"461":{"start":{"line":1503,"column":6},"end":{"line":1512,"column":null}},"462":{"start":{"line":1522,"column":16},"end":{"line":1522,"column":null}},"463":{"start":{"line":1523,"column":21},"end":{"line":1523,"column":null}},"464":{"start":{"line":1524,"column":18},"end":{"line":1524,"column":null}},"465":{"start":{"line":1525,"column":21},"end":{"line":1525,"column":null}},"466":{"start":{"line":1527,"column":4},"end":{"line":1816,"column":null}},"467":{"start":{"line":1528,"column":22},"end":{"line":1528,"column":null}},"468":{"start":{"line":1529,"column":23},"end":{"line":1529,"column":null}},"469":{"start":{"line":1530,"column":25},"end":{"line":1530,"column":null}},"470":{"start":{"line":1531,"column":22},"end":{"line":1531,"column":null}},"471":{"start":{"line":1533,"column":46},"end":{"line":1533,"column":null}},"472":{"start":{"line":1534,"column":6},"end":{"line":1536,"column":null}},"473":{"start":{"line":1535,"column":8},"end":{"line":1535,"column":null}},"474":{"start":{"line":1537,"column":6},"end":{"line":1542,"column":null}},"475":{"start":{"line":1538,"column":8},"end":{"line":1541,"column":null}},"476":{"start":{"line":1544,"column":25},"end":{"line":1544,"column":null}},"477":{"start":{"line":1545,"column":20},"end":{"line":1545,"column":null}},"478":{"start":{"line":1546,"column":23},"end":{"line":1546,"column":null}},"479":{"start":{"line":1547,"column":23},"end":{"line":1547,"column":null}},"480":{"start":{"line":1550,"column":24},"end":{"line":1550,"column":null}},"481":{"start":{"line":1551,"column":26},"end":{"line":1551,"column":null}},"482":{"start":{"line":1552,"column":27},"end":{"line":1552,"column":null}},"483":{"start":{"line":1553,"column":29},"end":{"line":1553,"column":null}},"484":{"start":{"line":1554,"column":25},"end":{"line":1554,"column":null}},"485":{"start":{"line":1555,"column":27},"end":{"line":1555,"column":null}},"486":{"start":{"line":1557,"column":6},"end":{"line":1570,"column":null}},"487":{"start":{"line":1558,"column":20},"end":{"line":1558,"column":null}},"488":{"start":{"line":1559,"column":21},"end":{"line":1559,"column":null}},"489":{"start":{"line":1560,"column":8},"end":{"line":1569,"column":null}},"490":{"start":{"line":1561,"column":10},"end":{"line":1561,"column":null}},"491":{"start":{"line":1562,"column":10},"end":{"line":1562,"column":null}},"492":{"start":{"line":1563,"column":15},"end":{"line":1569,"column":null}},"493":{"start":{"line":1564,"column":10},"end":{"line":1564,"column":null}},"494":{"start":{"line":1565,"column":10},"end":{"line":1565,"column":null}},"495":{"start":{"line":1567,"column":10},"end":{"line":1567,"column":null}},"496":{"start":{"line":1568,"column":10},"end":{"line":1568,"column":null}},"497":{"start":{"line":1572,"column":12},"end":{"line":1572,"column":null}},"498":{"start":{"line":1573,"column":12},"end":{"line":1573,"column":null}},"499":{"start":{"line":1575,"column":36},"end":{"line":1592,"column":null}},"500":{"start":{"line":1594,"column":6},"end":{"line":1603,"column":null}},"501":{"start":{"line":1595,"column":8},"end":{"line":1602,"column":null}},"502":{"start":{"line":1605,"column":48},"end":{"line":1613,"column":null}},"503":{"start":{"line":1605,"column":69},"end":{"line":1613,"column":null}},"504":{"start":{"line":1615,"column":12},"end":{"line":1615,"column":null}},"505":{"start":{"line":1615,"column":72},"end":{"line":1615,"column":84}},"506":{"start":{"line":1616,"column":12},"end":{"line":1616,"column":null}},"507":{"start":{"line":1617,"column":12},"end":{"line":1617,"column":null}},"508":{"start":{"line":1618,"column":27},"end":{"line":1618,"column":null}},"509":{"start":{"line":1619,"column":30},"end":{"line":1619,"column":null}},"510":{"start":{"line":1620,"column":29},"end":{"line":1620,"column":null}},"511":{"start":{"line":1622,"column":52},"end":{"line":1633,"column":null}},"512":{"start":{"line":1636,"column":22},"end":{"line":1636,"column":null}},"513":{"start":{"line":1636,"column":43},"end":{"line":1636,"column":null}},"514":{"start":{"line":1637,"column":23},"end":{"line":1637,"column":null}},"515":{"start":{"line":1637,"column":46},"end":{"line":1637,"column":null}},"516":{"start":{"line":1638,"column":23},"end":{"line":1638,"column":null}},"517":{"start":{"line":1638,"column":46},"end":{"line":1638,"column":null}},"518":{"start":{"line":1640,"column":12},"end":{"line":1640,"column":null}},"519":{"start":{"line":1641,"column":12},"end":{"line":1641,"column":null}},"520":{"start":{"line":1641,"column":67},"end":{"line":1641,"column":90}},"521":{"start":{"line":1642,"column":12},"end":{"line":1642,"column":null}},"522":{"start":{"line":1642,"column":67},"end":{"line":1642,"column":90}},"523":{"start":{"line":1643,"column":12},"end":{"line":1643,"column":null}},"524":{"start":{"line":1644,"column":12},"end":{"line":1645,"column":null}},"525":{"start":{"line":1645,"column":35},"end":{"line":1645,"column":58}},"526":{"start":{"line":1645,"column":75},"end":{"line":1645,"column":87}},"527":{"start":{"line":1648,"column":51},"end":{"line":1712,"column":null}},"528":{"start":{"line":1714,"column":12},"end":{"line":1714,"column":null}},"529":{"start":{"line":1714,"column":76},"end":{"line":1714,"column":94}},"530":{"start":{"line":1715,"column":12},"end":{"line":1715,"column":null}},"531":{"start":{"line":1715,"column":77},"end":{"line":1715,"column":96}},"532":{"start":{"line":1716,"column":12},"end":{"line":1716,"column":null}},"533":{"start":{"line":1718,"column":6},"end":{"line":1740,"column":null}},"534":{"start":{"line":1719,"column":8},"end":{"line":1739,"column":null}},"535":{"start":{"line":1720,"column":10},"end":{"line":1728,"column":null}},"536":{"start":{"line":1730,"column":10},"end":{"line":1738,"column":null}},"537":{"start":{"line":1742,"column":12},"end":{"line":1742,"column":null}},"538":{"start":{"line":1742,"column":71},"end":{"line":1742,"column":82}},"539":{"start":{"line":1743,"column":12},"end":{"line":1743,"column":null}},"540":{"start":{"line":1743,"column":72},"end":{"line":1743,"column":84}},"541":{"start":{"line":1744,"column":12},"end":{"line":1744,"column":null}},"542":{"start":{"line":1744,"column":78},"end":{"line":1744,"column":96}},"543":{"start":{"line":1745,"column":12},"end":{"line":1745,"column":null}},"544":{"start":{"line":1745,"column":79},"end":{"line":1745,"column":98}},"545":{"start":{"line":1747,"column":41},"end":{"line":1756,"column":null}},"546":{"start":{"line":1759,"column":48},"end":{"line":1762,"column":null}},"547":{"start":{"line":1763,"column":6},"end":{"line":1765,"column":null}},"548":{"start":{"line":1764,"column":8},"end":{"line":1764,"column":null}},"549":{"start":{"line":1766,"column":6},"end":{"line":1766,"column":null}},"550":{"start":{"line":1768,"column":12},"end":{"line":1768,"column":null}},"551":{"start":{"line":1768,"column":79},"end":{"line":1768,"column":91}},"552":{"start":{"line":1770,"column":55},"end":{"line":1772,"column":null}},"553":{"start":{"line":1773,"column":12},"end":{"line":1773,"column":null}},"554":{"start":{"line":1773,"column":93},"end":{"line":1773,"column":105}},"555":{"start":{"line":1775,"column":12},"end":{"line":1775,"column":null}},"556":{"start":{"line":1776,"column":41},"end":{"line":1779,"column":null}},"557":{"start":{"line":1780,"column":12},"end":{"line":1780,"column":null}},"558":{"start":{"line":1780,"column":65},"end":{"line":1780,"column":77}},"559":{"start":{"line":1781,"column":12},"end":{"line":1781,"column":null}},"560":{"start":{"line":1783,"column":41},"end":{"line":1795,"column":null}},"561":{"start":{"line":1797,"column":6},"end":{"line":1815,"column":null}},"562":{"start":{"line":1830,"column":16},"end":{"line":1830,"column":null}},"563":{"start":{"line":1832,"column":4},"end":{"line":1859,"column":null}},"564":{"start":{"line":1833,"column":24},"end":{"line":1833,"column":null}},"565":{"start":{"line":1834,"column":22},"end":{"line":1834,"column":null}},"566":{"start":{"line":1835,"column":20},"end":{"line":1835,"column":null}},"567":{"start":{"line":1837,"column":39},"end":{"line":1841,"column":null}},"568":{"start":{"line":1844,"column":8},"end":{"line":1846,"column":19}},"569":{"start":{"line":1848,"column":24},"end":{"line":1848,"column":null}},"570":{"start":{"line":1848,"column":42},"end":{"line":1848,"column":null}},"571":{"start":{"line":1849,"column":27},"end":{"line":1849,"column":null}},"572":{"start":{"line":1849,"column":45},"end":{"line":1849,"column":null}},"573":{"start":{"line":1851,"column":6},"end":{"line":1858,"column":null}},"574":{"start":{"line":49,"column":2},"end":{"line":49,"column":19}},"575":{"start":{"line":53,"column":21},"end":{"line":53,"column":58}},"576":{"start":{"line":55,"column":21},"end":{"line":55,"column":54}},"577":{"start":{"line":57,"column":21},"end":{"line":57,"column":60}},"578":{"start":{"line":59,"column":21},"end":{"line":59,"column":67}},"579":{"start":{"line":61,"column":21},"end":{"line":61,"column":60}},"580":{"start":{"line":63,"column":21},"end":{"line":63,"column":68}},"581":{"start":{"line":65,"column":21},"end":{"line":65,"column":75}},"582":{"start":{"line":67,"column":21},"end":{"line":67,"column":66}},"583":{"start":{"line":69,"column":21},"end":{"line":69,"column":56}},"584":{"start":{"line":71,"column":21},"end":{"line":71,"column":54}},"585":{"start":{"line":72,"column":21},"end":{"line":72,"column":43}},"586":{"start":{"line":73,"column":21},"end":{"line":73,"column":55}},"587":{"start":{"line":75,"column":21},"end":{"line":75,"column":64}},"588":{"start":{"line":49,"column":19},"end":{"line":49,"column":null}}},"fnMap":{"0":{"name":"_define_property","decl":{"start":{"line":45,"column":0},"end":{"line":45,"column":null}},"loc":{"start":{"line":45,"column":0},"end":{"line":45,"column":null}},"line":45},"1":{"name":"onModuleInit","decl":{"start":{"line":78,"column":8},"end":{"line":78,"column":23}},"loc":{"start":{"line":78,"column":23},"end":{"line":80,"column":null}},"line":78},"2":{"name":"onApplicationBootstrap","decl":{"start":{"line":82,"column":8},"end":{"line":82,"column":33}},"loc":{"start":{"line":82,"column":33},"end":{"line":84,"column":null}},"line":82},"3":{"name":"resolveGroupId","decl":{"start":{"line":86,"column":10},"end":{"line":86,"column":25}},"loc":{"start":{"line":86,"column":59},"end":{"line":92,"column":null}},"line":86},"4":{"name":"executeWithRLS","decl":{"start":{"line":94,"column":16},"end":{"line":94,"column":null}},"loc":{"start":{"line":97,"column":16},"end":{"line":110,"column":null}},"line":97},"5":{"name":"seedInitialFinanceData","decl":{"start":{"line":115,"column":16},"end":{"line":115,"column":41}},"loc":{"start":{"line":115,"column":41},"end":{"line":332,"column":null}},"line":115},"6":{"name":"(anonymous_6)","decl":{"start":{"line":290,"column":44},"end":{"line":290,"column":45}},"loc":{"start":{"line":290,"column":51},"end":{"line":290,"column":null}},"line":290},"7":{"name":"seedDemoResidentDebts","decl":{"start":{"line":334,"column":16},"end":{"line":334,"column":40}},"loc":{"start":{"line":334,"column":40},"end":{"line":400,"column":null}},"line":334},"8":{"name":"(anonymous_8)","decl":{"start":{"line":336,"column":43},"end":{"line":336,"column":50}},"loc":{"start":{"line":336,"column":50},"end":{"line":396,"column":null}},"line":336},"9":{"name":"getSettings","decl":{"start":{"line":403,"column":8},"end":{"line":403,"column":20}},"loc":{"start":{"line":403,"column":70},"end":{"line":423,"column":null}},"line":403},"10":{"name":"(anonymous_10)","decl":{"start":{"line":405,"column":42},"end":{"line":405,"column":49}},"loc":{"start":{"line":405,"column":49},"end":{"line":422,"column":null}},"line":405},"11":{"name":"updateSettings","decl":{"start":{"line":425,"column":8},"end":{"line":425,"column":23}},"loc":{"start":{"line":425,"column":104},"end":{"line":437,"column":null}},"line":425},"12":{"name":"(anonymous_12)","decl":{"start":{"line":427,"column":42},"end":{"line":427,"column":49}},"loc":{"start":{"line":427,"column":49},"end":{"line":436,"column":null}},"line":427},"13":{"name":"autoGenerateMonthlyDues","decl":{"start":{"line":440,"column":8},"end":{"line":440,"column":32}},"loc":{"start":{"line":440,"column":127},"end":{"line":488,"column":null}},"line":440},"14":{"name":"(anonymous_14)","decl":{"start":{"line":452,"column":79},"end":{"line":452,"column":86}},"loc":{"start":{"line":453,"column":6},"end":{"line":453,"column":null}},"line":453},"15":{"name":"(anonymous_15)","decl":{"start":{"line":457,"column":64},"end":{"line":457,"column":71}},"loc":{"start":{"line":458,"column":8},"end":{"line":458,"column":null}},"line":458},"16":{"name":"(anonymous_16)","decl":{"start":{"line":483,"column":62},"end":{"line":483,"column":69}},"loc":{"start":{"line":484,"column":6},"end":{"line":484,"column":null}},"line":484},"17":{"name":"getPeriods","decl":{"start":{"line":491,"column":8},"end":{"line":491,"column":19}},"loc":{"start":{"line":491,"column":62},"end":{"line":499,"column":null}},"line":491},"18":{"name":"(anonymous_18)","decl":{"start":{"line":493,"column":42},"end":{"line":493,"column":43}},"loc":{"start":{"line":494,"column":6},"end":{"line":497,"column":null}},"line":494},"19":{"name":"createPeriod","decl":{"start":{"line":501,"column":8},"end":{"line":501,"column":21}},"loc":{"start":{"line":501,"column":84},"end":{"line":626,"column":null}},"line":501},"20":{"name":"(anonymous_20)","decl":{"start":{"line":503,"column":42},"end":{"line":503,"column":49}},"loc":{"start":{"line":503,"column":49},"end":{"line":625,"column":null}},"line":503},"21":{"name":"(anonymous_21)","decl":{"start":{"line":553,"column":36},"end":{"line":553,"column":37}},"loc":{"start":{"line":553,"column":47},"end":{"line":557,"column":null}},"line":553},"22":{"name":"(anonymous_22)","decl":{"start":{"line":570,"column":16},"end":{"line":570,"column":17}},"loc":{"start":{"line":571,"column":18},"end":{"line":572,"column":null}},"line":571},"23":{"name":"deletePeriod","decl":{"start":{"line":628,"column":8},"end":{"line":628,"column":21}},"loc":{"start":{"line":628,"column":69},"end":{"line":638,"column":null}},"line":628},"24":{"name":"(anonymous_24)","decl":{"start":{"line":630,"column":42},"end":{"line":630,"column":49}},"loc":{"start":{"line":630,"column":49},"end":{"line":637,"column":null}},"line":630},"25":{"name":"getDebts","decl":{"start":{"line":641,"column":8},"end":{"line":641,"column":17}},"loc":{"start":{"line":641,"column":90},"end":{"line":743,"column":null}},"line":641},"26":{"name":"(anonymous_26)","decl":{"start":{"line":645,"column":42},"end":{"line":645,"column":49}},"loc":{"start":{"line":645,"column":49},"end":{"line":742,"column":null}},"line":645},"27":{"name":"(anonymous_27)","decl":{"start":{"line":655,"column":35},"end":{"line":655,"column":36}},"loc":{"start":{"line":655,"column":42},"end":{"line":655,"column":52}},"line":655},"28":{"name":"(anonymous_28)","decl":{"start":{"line":657,"column":58},"end":{"line":657,"column":59}},"loc":{"start":{"line":657,"column":65},"end":{"line":657,"column":75}},"line":657},"29":{"name":"(anonymous_29)","decl":{"start":{"line":723,"column":23},"end":{"line":723,"column":24}},"loc":{"start":{"line":723,"column":24},"end":{"line":741,"column":null}},"line":723},"30":{"name":"getDebtsPaginated","decl":{"start":{"line":745,"column":8},"end":{"line":745,"column":null}},"loc":{"start":{"line":755,"column":101},"end":{"line":840,"column":null}},"line":755},"31":{"name":"(anonymous_31)","decl":{"start":{"line":763,"column":42},"end":{"line":763,"column":49}},"loc":{"start":{"line":763,"column":49},"end":{"line":839,"column":null}},"line":763},"32":{"name":"(anonymous_32)","decl":{"start":{"line":812,"column":38},"end":{"line":812,"column":39}},"loc":{"start":{"line":812,"column":39},"end":{"line":830,"column":null}},"line":812},"33":{"name":"createDebt","decl":{"start":{"line":842,"column":8},"end":{"line":842,"column":19}},"loc":{"start":{"line":842,"column":78},"end":{"line":862,"column":null}},"line":842},"34":{"name":"(anonymous_34)","decl":{"start":{"line":844,"column":42},"end":{"line":844,"column":43}},"loc":{"start":{"line":844,"column":43},"end":{"line":861,"column":null}},"line":844},"35":{"name":"recordCashCollection","decl":{"start":{"line":865,"column":8},"end":{"line":865,"column":29}},"loc":{"start":{"line":865,"column":116},"end":{"line":927,"column":null}},"line":865},"36":{"name":"(anonymous_36)","decl":{"start":{"line":867,"column":42},"end":{"line":867,"column":49}},"loc":{"start":{"line":867,"column":49},"end":{"line":926,"column":null}},"line":867},"37":{"name":"dischargeResident","decl":{"start":{"line":929,"column":8},"end":{"line":929,"column":26}},"loc":{"start":{"line":929,"column":145},"end":{"line":956,"column":null}},"line":929},"38":{"name":"(anonymous_38)","decl":{"start":{"line":931,"column":42},"end":{"line":931,"column":49}},"loc":{"start":{"line":931,"column":49},"end":{"line":955,"column":null}},"line":931},"39":{"name":"(anonymous_39)","decl":{"start":{"line":946,"column":39},"end":{"line":946,"column":40}},"loc":{"start":{"line":946,"column":46},"end":{"line":946,"column":60}},"line":946},"40":{"name":"getPendingPayments","decl":{"start":{"line":959,"column":8},"end":{"line":959,"column":27}},"loc":{"start":{"line":959,"column":71},"end":{"line":967,"column":null}},"line":959},"41":{"name":"(anonymous_41)","decl":{"start":{"line":961,"column":42},"end":{"line":961,"column":43}},"loc":{"start":{"line":962,"column":6},"end":{"line":965,"column":null}},"line":962},"42":{"name":"approvePayment","decl":{"start":{"line":969,"column":8},"end":{"line":969,"column":23}},"loc":{"start":{"line":969,"column":105},"end":{"line":1082,"column":null}},"line":969},"43":{"name":"(anonymous_43)","decl":{"start":{"line":971,"column":42},"end":{"line":971,"column":49}},"loc":{"start":{"line":971,"column":49},"end":{"line":1081,"column":null}},"line":971},"44":{"name":"rejectPayment","decl":{"start":{"line":1084,"column":8},"end":{"line":1084,"column":22}},"loc":{"start":{"line":1084,"column":83},"end":{"line":1151,"column":null}},"line":1084},"45":{"name":"(anonymous_45)","decl":{"start":{"line":1086,"column":42},"end":{"line":1086,"column":49}},"loc":{"start":{"line":1086,"column":49},"end":{"line":1150,"column":null}},"line":1086},"46":{"name":"createPayment","decl":{"start":{"line":1153,"column":8},"end":{"line":1153,"column":22}},"loc":{"start":{"line":1153,"column":104},"end":{"line":1280,"column":null}},"line":1153},"47":{"name":"(anonymous_47)","decl":{"start":{"line":1171,"column":42},"end":{"line":1171,"column":49}},"loc":{"start":{"line":1171,"column":49},"end":{"line":1279,"column":null}},"line":1171},"48":{"name":"ensureGroupAccounts","decl":{"start":{"line":1282,"column":16},"end":{"line":1282,"column":36}},"loc":{"start":{"line":1282,"column":91},"end":{"line":1288,"column":null}},"line":1282},"49":{"name":"getAccounts","decl":{"start":{"line":1291,"column":8},"end":{"line":1291,"column":20}},"loc":{"start":{"line":1291,"column":71},"end":{"line":1294,"column":null}},"line":1291},"50":{"name":"(anonymous_50)","decl":{"start":{"line":1293,"column":42},"end":{"line":1293,"column":43}},"loc":{"start":{"line":1293,"column":50},"end":{"line":1293,"column":null}},"line":1293},"51":{"name":"createAccount","decl":{"start":{"line":1296,"column":8},"end":{"line":1296,"column":22}},"loc":{"start":{"line":1296,"column":101},"end":{"line":1339,"column":null}},"line":1296},"52":{"name":"(anonymous_52)","decl":{"start":{"line":1298,"column":42},"end":{"line":1298,"column":49}},"loc":{"start":{"line":1298,"column":49},"end":{"line":1338,"column":null}},"line":1298},"53":{"name":"transferBetweenAccounts","decl":{"start":{"line":1341,"column":8},"end":{"line":1341,"column":null}},"loc":{"start":{"line":1345,"column":75},"end":{"line":1429,"column":null}},"line":1345},"54":{"name":"(anonymous_54)","decl":{"start":{"line":1355,"column":42},"end":{"line":1355,"column":49}},"loc":{"start":{"line":1355,"column":49},"end":{"line":1428,"column":null}},"line":1355},"55":{"name":"getAccountTransactions","decl":{"start":{"line":1431,"column":8},"end":{"line":1431,"column":31}},"loc":{"start":{"line":1431,"column":106},"end":{"line":1446,"column":null}},"line":1431},"56":{"name":"(anonymous_56)","decl":{"start":{"line":1433,"column":42},"end":{"line":1433,"column":49}},"loc":{"start":{"line":1433,"column":49},"end":{"line":1445,"column":null}},"line":1433},"57":{"name":"getPlatformPosRevenue","decl":{"start":{"line":1448,"column":8},"end":{"line":1448,"column":60}},"loc":{"start":{"line":1448,"column":60},"end":{"line":1468,"column":null}},"line":1448},"58":{"name":"(anonymous_58)","decl":{"start":{"line":1455,"column":59},"end":{"line":1455,"column":60}},"loc":{"start":{"line":1455,"column":69},"end":{"line":1455,"column":96}},"line":1455},"59":{"name":"(anonymous_59)","decl":{"start":{"line":1456,"column":61},"end":{"line":1456,"column":62}},"loc":{"start":{"line":1456,"column":71},"end":{"line":1456,"column":100}},"line":1456},"60":{"name":"(anonymous_60)","decl":{"start":{"line":1457,"column":59},"end":{"line":1457,"column":60}},"loc":{"start":{"line":1457,"column":69},"end":{"line":1457,"column":95}},"line":1457},"61":{"name":"(anonymous_61)","decl":{"start":{"line":1458,"column":58},"end":{"line":1458,"column":59}},"loc":{"start":{"line":1458,"column":68},"end":{"line":1458,"column":93}},"line":1458},"62":{"name":"getExpenses","decl":{"start":{"line":1470,"column":8},"end":{"line":1470,"column":20}},"loc":{"start":{"line":1470,"column":64},"end":{"line":1478,"column":null}},"line":1470},"63":{"name":"(anonymous_63)","decl":{"start":{"line":1472,"column":42},"end":{"line":1472,"column":43}},"loc":{"start":{"line":1473,"column":6},"end":{"line":1476,"column":null}},"line":1473},"64":{"name":"getSummary","decl":{"start":{"line":1481,"column":8},"end":{"line":1481,"column":19}},"loc":{"start":{"line":1481,"column":62},"end":{"line":1514,"column":null}},"line":1481},"65":{"name":"(anonymous_65)","decl":{"start":{"line":1485,"column":42},"end":{"line":1485,"column":49}},"loc":{"start":{"line":1485,"column":49},"end":{"line":1513,"column":null}},"line":1485},"66":{"name":"getFinancialReports","decl":{"start":{"line":1517,"column":8},"end":{"line":1517,"column":null}},"loc":{"start":{"line":1521,"column":37},"end":{"line":1817,"column":null}},"line":1521},"67":{"name":"(anonymous_67)","decl":{"start":{"line":1527,"column":42},"end":{"line":1527,"column":49}},"loc":{"start":{"line":1527,"column":49},"end":{"line":1816,"column":null}},"line":1527},"68":{"name":"(anonymous_68)","decl":{"start":{"line":1605,"column":61},"end":{"line":1605,"column":62}},"loc":{"start":{"line":1605,"column":69},"end":{"line":1613,"column":null}},"line":1605},"69":{"name":"(anonymous_69)","decl":{"start":{"line":1615,"column":62},"end":{"line":1615,"column":63}},"loc":{"start":{"line":1615,"column":72},"end":{"line":1615,"column":84}},"line":1615},"70":{"name":"(anonymous_70)","decl":{"start":{"line":1636,"column":36},"end":{"line":1636,"column":37}},"loc":{"start":{"line":1636,"column":43},"end":{"line":1636,"column":null}},"line":1636},"71":{"name":"(anonymous_71)","decl":{"start":{"line":1637,"column":39},"end":{"line":1637,"column":40}},"loc":{"start":{"line":1637,"column":46},"end":{"line":1637,"column":null}},"line":1637},"72":{"name":"(anonymous_72)","decl":{"start":{"line":1638,"column":39},"end":{"line":1638,"column":40}},"loc":{"start":{"line":1638,"column":46},"end":{"line":1638,"column":null}},"line":1638},"73":{"name":"(anonymous_73)","decl":{"start":{"line":1641,"column":57},"end":{"line":1641,"column":58}},"loc":{"start":{"line":1641,"column":67},"end":{"line":1641,"column":90}},"line":1641},"74":{"name":"(anonymous_74)","decl":{"start":{"line":1642,"column":57},"end":{"line":1642,"column":58}},"loc":{"start":{"line":1642,"column":67},"end":{"line":1642,"column":90}},"line":1642},"75":{"name":"(anonymous_75)","decl":{"start":{"line":1645,"column":28},"end":{"line":1645,"column":29}},"loc":{"start":{"line":1645,"column":35},"end":{"line":1645,"column":58}},"line":1645},"76":{"name":"(anonymous_76)","decl":{"start":{"line":1645,"column":65},"end":{"line":1645,"column":66}},"loc":{"start":{"line":1645,"column":75},"end":{"line":1645,"column":87}},"line":1645},"77":{"name":"(anonymous_77)","decl":{"start":{"line":1714,"column":66},"end":{"line":1714,"column":67}},"loc":{"start":{"line":1714,"column":76},"end":{"line":1714,"column":94}},"line":1714},"78":{"name":"(anonymous_78)","decl":{"start":{"line":1715,"column":67},"end":{"line":1715,"column":68}},"loc":{"start":{"line":1715,"column":77},"end":{"line":1715,"column":96}},"line":1715},"79":{"name":"(anonymous_79)","decl":{"start":{"line":1742,"column":61},"end":{"line":1742,"column":62}},"loc":{"start":{"line":1742,"column":71},"end":{"line":1742,"column":82}},"line":1742},"80":{"name":"(anonymous_80)","decl":{"start":{"line":1743,"column":62},"end":{"line":1743,"column":63}},"loc":{"start":{"line":1743,"column":72},"end":{"line":1743,"column":84}},"line":1743},"81":{"name":"(anonymous_81)","decl":{"start":{"line":1744,"column":68},"end":{"line":1744,"column":69}},"loc":{"start":{"line":1744,"column":78},"end":{"line":1744,"column":96}},"line":1744},"82":{"name":"(anonymous_82)","decl":{"start":{"line":1745,"column":69},"end":{"line":1745,"column":70}},"loc":{"start":{"line":1745,"column":79},"end":{"line":1745,"column":98}},"line":1745},"83":{"name":"(anonymous_83)","decl":{"start":{"line":1768,"column":69},"end":{"line":1768,"column":70}},"loc":{"start":{"line":1768,"column":79},"end":{"line":1768,"column":91}},"line":1768},"84":{"name":"(anonymous_84)","decl":{"start":{"line":1773,"column":83},"end":{"line":1773,"column":84}},"loc":{"start":{"line":1773,"column":93},"end":{"line":1773,"column":105}},"line":1773},"85":{"name":"(anonymous_85)","decl":{"start":{"line":1780,"column":55},"end":{"line":1780,"column":56}},"loc":{"start":{"line":1780,"column":65},"end":{"line":1780,"column":77}},"line":1780},"86":{"name":"getSiteInfo","decl":{"start":{"line":1822,"column":8},"end":{"line":1822,"column":20}},"loc":{"start":{"line":1829,"column":5},"end":{"line":1860,"column":null}},"line":1829},"87":{"name":"(anonymous_87)","decl":{"start":{"line":1832,"column":42},"end":{"line":1832,"column":49}},"loc":{"start":{"line":1832,"column":49},"end":{"line":1859,"column":null}},"line":1832},"88":{"name":"(anonymous_88)","decl":{"start":{"line":1848,"column":35},"end":{"line":1848,"column":36}},"loc":{"start":{"line":1848,"column":42},"end":{"line":1848,"column":null}},"line":1848},"89":{"name":"(anonymous_89)","decl":{"start":{"line":1849,"column":38},"end":{"line":1849,"column":39}},"loc":{"start":{"line":1849,"column":45},"end":{"line":1849,"column":null}},"line":1849},"90":{"name":"constructor","decl":{"start":{"line":51,"column":2},"end":{"line":51,"column":null}},"loc":{"start":{"line":76,"column":4},"end":{"line":76,"column":null}},"line":76}},"branchMap":{"0":{"loc":{"start":{"line":87,"column":21},"end":{"line":87,"column":null}},"type":"binary-expr","locations":[{"start":{"line":87,"column":21},"end":{"line":87,"column":40}},{"start":{"line":87,"column":40},"end":{"line":87,"column":null}}],"line":87},"1":{"loc":{"start":{"line":88,"column":4},"end":{"line":90,"column":null}},"type":"if","locations":[{"start":{"line":88,"column":4},"end":{"line":90,"column":null}},{"start":{},"end":{}}],"line":88},"2":{"loc":{"start":{"line":101,"column":6},"end":{"line":105,"column":null}},"type":"if","locations":[{"start":{"line":101,"column":6},"end":{"line":105,"column":null}},{"start":{"line":103,"column":13},"end":{"line":105,"column":null}}],"line":101},"3":{"loc":{"start":{"line":118,"column":6},"end":{"line":118,"column":null}},"type":"if","locations":[{"start":{"line":118,"column":6},"end":{"line":118,"column":null}},{"start":{},"end":{}}],"line":118},"4":{"loc":{"start":{"line":120,"column":25},"end":{"line":121,"column":null}},"type":"binary-expr","locations":[{"start":{"line":120,"column":25},"end":{"line":120,"column":null}},{"start":{"line":121,"column":11},"end":{"line":121,"column":null}}],"line":120},"5":{"loc":{"start":{"line":123,"column":6},"end":{"line":123,"column":null}},"type":"if","locations":[{"start":{"line":123,"column":6},"end":{"line":123,"column":null}},{"start":{},"end":{}}],"line":123},"6":{"loc":{"start":{"line":129,"column":6},"end":{"line":141,"column":null}},"type":"if","locations":[{"start":{"line":129,"column":6},"end":{"line":141,"column":null}},{"start":{},"end":{}}],"line":129},"7":{"loc":{"start":{"line":244,"column":6},"end":{"line":286,"column":null}},"type":"if","locations":[{"start":{"line":244,"column":6},"end":{"line":286,"column":null}},{"start":{"line":267,"column":13},"end":{"line":286,"column":null}}],"line":244},"8":{"loc":{"start":{"line":247,"column":23},"end":{"line":247,"column":84}},"type":"cond-expr","locations":[{"start":{"line":247,"column":55},"end":{"line":247,"column":65}},{"start":{"line":247,"column":68},"end":{"line":247,"column":84}}],"line":247},"9":{"loc":{"start":{"line":247,"column":23},"end":{"line":247,"column":55}},"type":"binary-expr","locations":[{"start":{"line":247,"column":23},"end":{"line":247,"column":30}},{"start":{"line":247,"column":34},"end":{"line":247,"column":55}}],"line":247},"10":{"loc":{"start":{"line":260,"column":26},"end":{"line":260,"column":null}},"type":"cond-expr","locations":[{"start":{"line":260,"column":35},"end":{"line":260,"column":42}},{"start":{"line":260,"column":42},"end":{"line":260,"column":null}}],"line":260},"11":{"loc":{"start":{"line":262,"column":22},"end":{"line":262,"column":null}},"type":"cond-expr","locations":[{"start":{"line":262,"column":31},"end":{"line":262,"column":40}},{"start":{"line":262,"column":40},"end":{"line":262,"column":null}}],"line":262},"12":{"loc":{"start":{"line":263,"column":24},"end":{"line":263,"column":null}},"type":"cond-expr","locations":[{"start":{"line":263,"column":33},"end":{"line":263,"column":58}},{"start":{"line":263,"column":58},"end":{"line":263,"column":null}}],"line":263},"13":{"loc":{"start":{"line":279,"column":26},"end":{"line":279,"column":null}},"type":"cond-expr","locations":[{"start":{"line":279,"column":36},"end":{"line":279,"column":43}},{"start":{"line":279,"column":43},"end":{"line":279,"column":null}}],"line":279},"14":{"loc":{"start":{"line":281,"column":22},"end":{"line":281,"column":null}},"type":"cond-expr","locations":[{"start":{"line":281,"column":32},"end":{"line":281,"column":41}}
[...]
inity":183,"s:1563:15:1569:Infinity":492,"s:1564:10:1564:Infinity":493,"s:1565:10:1565:Infinity":494,"s:1567:10:1567:Infinity":495,"s:1568:10:1568:Infinity":496,"s:1572:12:1572:Infinity":497,"s:1573:12:1573:Infinity":498,"s:1575:36:1592:Infinity":499,"b:1582:44:1582:94:1582:94:1582:Infinity":184,"b:1590:47:1590:103:1590:103:1590:Infinity":185,"b:1594:6:1603:Infinity:undefined:undefined:undefined:undefined":186,"s:1594:6:1603:Infinity":500,"b:1594:10:1594:30:1594:30:1594:50":187,"s:1595:8:1602:Infinity":501,"b:1601:45:1601:97:1601:97:1601:Infinity":188,"s:1605:48:1613:Infinity":502,"f:1605:61:1605:62":68,"s:1605:69:1613:Infinity":503,"b:1609:16:1609:24:1609:28:1609:Infinity":189,"b:1610:31:1610:51:1610:51:1610:Infinity":190,"b:1611:17:1611:26:1611:30:1611:Infinity":191,"s:1615:12:1615:Infinity":504,"f:1615:62:1615:63":69,"s:1615:72:1615:84":505,"s:1616:12:1616:Infinity":506,"s:1617:12:1617:Infinity":507,"s:1618:27:1618:Infinity":508,"b:1618:27:1618:61:1618:61:1618:Infinity":192,"s:1619:30:1619:Infinity":509,"b:1619:49:1619:99:1619:99:1619:Infinity":193,"s:1620:29:1620:Infinity":510,"b:1620:54:1620:118:1620:118:1620:Infinity":194,"s:1622:52:1633:Infinity":511,"s:1636:22:1636:Infinity":512,"f:1636:36:1636:37":70,"s:1636:43:1636:Infinity":513,"s:1637:23:1637:Infinity":514,"f:1637:39:1637:40":71,"s:1637:46:1637:Infinity":515,"s:1638:23:1638:Infinity":516,"f:1638:39:1638:40":72,"s:1638:46:1638:Infinity":517,"s:1640:12:1640:Infinity":518,"b:1640:41:1640:69:1640:69:1640:Infinity":195,"s:1641:12:1641:Infinity":519,"f:1641:57:1641:58":73,"s:1641:67:1641:90":520,"s:1642:12:1642:Infinity":521,"f:1642:57:1642:58":74,"s:1642:67:1642:90":522,"s:1643:12:1643:Infinity":523,"s:1644:12:1645:Infinity":524,"f:1645:28:1645:29":75,"s:1645:35:1645:58":525,"f:1645:65:1645:66":76,"s:1645:75:1645:87":526,"s:1648:51:1712:Infinity":527,"s:1714:12:1714:Infinity":528,"f:1714:66:1714:67":77,"s:1714:76:1714:94":529,"s:1715:12:1715:Infinity":530,"f:1715:67:1715:68":78,"s:1715:77:1715:96":531,"s:1716:12:1716:Infinity":532,"b:1718:6:1740:Infinity:undefined:undefined:undefined:undefined":196,"s:1718:6:1740:Infinity":533,"b:1719:8:1739:Infinity:1729:15:1739:Infinity":197,"s:1719:8:1739:Infinity":534,"s:1720:10:1728:Infinity":535,"s:1730:10:1738:Infinity":536,"s:1742:12:1742:Infinity":537,"f:1742:61:1742:62":79,"s:1742:71:1742:82":538,"s:1743:12:1743:Infinity":539,"f:1743:62:1743:63":80,"s:1743:72:1743:84":540,"s:1744:12:1744:Infinity":541,"f:1744:68:1744:69":81,"s:1744:78:1744:96":542,"s:1745:12:1745:Infinity":543,"f:1745:69:1745:70":82,"s:1745:79:1745:98":544,"s:1747:41:1756:Infinity":545,"b:1755:20:1755:65:1755:65:1755:Infinity":198,"s:1759:48:1762:Infinity":546,"b:1763:6:1765:Infinity:undefined:undefined:undefined:undefined":199,"s:1763:6:1765:Infinity":547,"s:1764:8:1764:Infinity":548,"s:1766:6:1766:Infinity":549,"s:1768:12:1768:Infinity":550,"f:1768:69:1768:70":83,"s:1768:79:1768:91":551,"s:1770:55:1772:Infinity":552,"s:1773:12:1773:Infinity":553,"f:1773:83:1773:84":84,"s:1773:93:1773:105":554,"s:1775:12:1775:Infinity":555,"s:1776:41:1779:Infinity":556,"s:1780:12:1780:Infinity":557,"f:1780:55:1780:56":85,"s:1780:65:1780:77":558,"s:1781:12:1781:Infinity":559,"s:1783:41:1795:Infinity":560,"s:1797:6:1815:Infinity":561,"f:1822:8:1822:20":86,"s:1830:16:1830:Infinity":562,"s:1832:4:1859:Infinity":563,"f:1832:42:1832:49":87,"s:1833:24:1833:Infinity":564,"s:1834:22:1834:Infinity":565,"s:1835:20:1835:Infinity":566,"s:1837:39:1841:Infinity":567,"s:1844:8:1846:19":568,"b:1844:8:1844:Infinity:1845:8:1845:Infinity:1846:8:1846:19":200,"s:1848:24:1848:Infinity":569,"f:1848:35:1848:36":88,"s:1848:42:1848:Infinity":570,"b:1848:42:1848:64:1848:64:1848:Infinity":201,"s:1849:27:1849:Infinity":571,"f:1849:38:1849:39":89,"s:1849:45:1849:Infinity":572,"s:1851:6:1858:Infinity":573,"b:1852:18:1852:33:1852:33:1852:Infinity":202,"b:1853:18:1853:46:1853:46:1853:Infinity":203,"b:1854:23:1854:47:1854:47:1854:82":204,"b:1854:50:1854:65:1854:65:1854:72":205,"b:1855:14:1855:38:1855:38:1855:Infinity":206,"b:1856:22:1856:42:1856:42:1856:Infinity":207,"b:1857:23:1857:46:1857:46:1857:Infinity":208,"f:51:2:51:Infinity":90,"s:49:2:49:19":574,"s:53:21:53:58":575,"s:55:21:55:54":576,"s:57:21:57:60":577,"s:59:21:59:67":578,"s:61:21:61:60":579,"s:63:21:63:68":580,"s:65:21:65:75":581,"s:67:21:67:66":582,"s:69:21:69:56":583,"s:71:21:71:54":584,"s:72:21:72:43":585,"s:73:21:73:55":586,"s:75:21:75:64":587,"s:49:19:49:Infinity":588},"fnNames":{}}}
,"/Users/cagataydalaman/Desktop/sitera_proje_genel/sitera/apps/api/src/finance/entities/account-transaction.entity.ts": {"path":"/Users/cagataydalaman/Desktop/sitera_proje_genel/sitera/apps/api/src/finance/entities/account-transaction.entity.ts","statementMap":{"0":{"start":{"line":16,"column":2},"end":{"line":16,"column":null}},"1":{"start":{"line":19,"column":2},"end":{"line":19,"column":null}},"2":{"start":{"line":23,"column":2},"end":{"line":23,"column":19}},"3":{"start":{"line":27,"column":2},"end":{"line":27,"column":null}},"4":{"start":{"line":31,"column":2},"end":{"line":31,"column":19}},"5":{"start":{"line":35,"column":2},"end":{"line":35,"column":12}},"6":{"start":{"line":38,"column":2},"end":{"line":38,"column":12}},"7":{"start":{"line":41,"column":2},"end":{"line":41,"column":null}},"8":{"start":{"line":52,"column":2},"end":{"line":52,"column":null}},"9":{"start":{"line":63,"column":2},"end":{"line":63,"column":12}},"10":{"start":{"line":66,"column":2},"end":{"line":66,"column":12}},"11":{"start":{"line":69,"column":2},"end":{"line":69,"column":12}},"12":{"start":{"line":72,"column":2},"end":{"line":72,"column":12}},"13":{"start":{"line":75,"column":2},"end":{"line":75,"column":12}},"14":{"start":{"line":78,"column":2},"end":{"line":78,"column":12}},"15":{"start":{"line":81,"column":2},"end":{"line":81,"column":22}}},"fnMap":{"0":{"name":"_define_property","decl":{"start":{"line":12,"column":0},"end":{"line":12,"column":null}},"loc":{"start":{"line":12,"column":0},"end":{"line":12,"column":null}},"line":12}},"branchMap":{},"s":{"0":0,"1":0,"2":0,"3":0,"4":0,"5":0,"6":0,"7":0,"8":0,"9":0,"10":0,"11":0,"12":0,"13":0,"14":0,"15":0},"f":{"0":0},"b":{},"meta":{"lastBranch":0,"lastFunction":1,"lastStatement":16,"seen":{"f:12:0:12:Infinity":0,"s:16:2:16:Infinity":0,"s:19:2:19:Infinity":1,"s:23:2:23:19":2,"s:27:2:27:Infinity":3,"s:31:2:31:19":4,"s:35:2:35:12":5,"s:38:2:38:12":6,"s:41:2:41:Infinity":7,"s:52:2:52:Infinity":8,"s:63:2:63:12":9,"s:66:2:66:12":10,"s:69:2:69:12":11,"s:72:2:72:12":12,"s:75:2:75:12":13,"s:78:2:78:12":14,"s:81:2:81:22":15},"fnNames":{}}}
,"/Users/cagataydalaman/Desktop/sitera_proje_genel/sitera/apps/api/src/finance/entities/debt.entity.ts": {"path":"/Users/cagataydalaman/Desktop/sitera_proje_genel/sitera/apps/api/src/finance/entities/debt.entity.ts","statementMap":{"0":{"start":{"line":20,"column":2},"end":{"line":20,"column":null}},"1":{"start":{"line":23,"column":2},"end":{"line":23,"column":null}},"2":{"start":{"line":27,"column":2},"end":{"line":27,"column":19}},"3":{"start":{"line":31,"column":2},"end":{"line":31,"column":null}},"4":{"start":{"line":35,"column":2},"end":{"line":35,"column":19}},"5":{"start":{"line":39,"column":2},"end":{"line":39,"column":null}},"6":{"start":{"line":43,"column":2},"end":{"line":43,"column":19}},"7":{"start":{"line":47,"column":2},"end":{"line":47,"column":12}},"8":{"start":{"line":50,"column":2},"end":{"line":50,"column":12}},"9":{"start":{"line":53,"column":2},"end":{"line":53,"column":12}},"10":{"start":{"line":56,"column":2},"end":{"line":56,"column":12}},"11":{"start":{"line":59,"column":2},"end":{"line":59,"column":12}},"12":{"start":{"line":62,"column":2},"end":{"line":62,"column":null}},"13":{"start":{"line":73,"column":2},"end":{"line":73,"column":null}},"14":{"start":{"line":85,"column":2},"end":{"line":85,"column":12}},"15":{"start":{"line":88,"column":2},"end":{"line":88,"column":12}},"16":{"start":{"line":91,"column":2},"end":{"line":91,"column":12}},"17":{"start":{"line":94,"column":2},"end":{"line":94,"column":19}},"18":{"start":{"line":97,"column":2},"end":{"line":97,"column":22}},"19":{"start":{"line":100,"column":2},"end":{"line":100,"column":22}}},"fnMap":{"0":{"name":"_define_property","decl":{"start":{"line":16,"column":0},"end":{"line":16,"column":null}},"loc":{"start":{"line":16,"column":0},"end":{"line":16,"column":null}},"line":16}},"branchMap":{},"s":{"0":0,"1":0,"2":0,"3":0,"4":0,"5":0,"6":0,"7":0,"8":0,"9":0,"10":0,"11":0,"12":0,"13":0,"14":0,"15":0,"16":0,"17":0,"18":0,"19":0},"f":{"0":0},"b":{},"meta":{"lastBranch":0,"lastFunction":1,"lastStatement":20,"seen":{"f:16:0:16:Infinity":0,"s:20:2:20:Infinity":0,"s:23:2:23:Infinity":1,"s:27:2:27:19":2,"s:31:2:31:Infinity":3,"s:35:2:35:19":4,"s:39:2:39:Infinity":5,"s:43:2:43:19":6,"s:47:2:47:12":7,"s:50:2:50:12":8,"s:53:2:53:12":9,"s:56:2:56:12":10,"s:59:2:59:12":11,"s:62:2:62:Infinity":12,"s:73:2:73:Infinity":13,"s:85:2:85:12":14,"s:88:2:88:12":15,"s:91:2:91:12":16,"s:94:2:94:19":17,"s:97:2:97:22":18,"s:100:2:100:22":19},"fnNames":{}}}
,"/Users/cagataydalaman/Desktop/sitera_proje_genel/sitera/apps/api/src/finance/entities/expense.entity.ts": {"path":"/Users/cagataydalaman/Desktop/sitera_proje_genel/sitera/apps/api/src/finance/entities/expense.entity.ts","statementMap":{"0":{"start":{"line":16,"column":2},"end":{"line":16,"column":null}},"1":{"start":{"line":19,"column":2},"end":{"line":19,"column":null}},"2":{"start":{"line":23,"column":2},"end":{"line":23,"column":19}},"3":{"start":{"line":27,"column":2},"end":{"line":27,"column":12}},"4":{"start":{"line":30,"column":2},"end":{"line":30,"column":12}},"5":{"start":{"line":33,"column":2},"end":{"line":33,"column":12}},"6":{"start":{"line":36,"column":2},"end":{"line":36,"column":null}},"7":{"start":{"line":47,"column":2},"end":{"line":47,"column":12}},"8":{"start":{"line":50,"column":2},"end":{"line":50,"column":12}},"9":{"start":{"line":53,"column":2},"end":{"line":53,"column":12}},"10":{"start":{"line":56,"column":2},"end":{"line":56,"column":12}},"11":{"start":{"line":59,"column":2},"end":{"line":59,"column":22}},"12":{"start":{"line":62,"column":2},"end":{"line":62,"column":22}}},"fnMap":{"0":{"name":"_define_property","decl":{"start":{"line":12,"column":0},"end":{"line":12,"column":null}},"loc":{"start":{"line":12,"column":0},"end":{"line":12,"column":null}},"line":12}},"branchMap":{},"s":{"0":0,"1":0,"2":0,"3":0,"4":0,"5":0,"6":0,"7":0,"8":0,"9":0,"10":0,"11":0,"12":0},"f":{"0":0},"b":{},"meta":{"lastBranch":0,"lastFunction":1,"lastStatement":13,"seen":{"f:12:0:12:Infinity":0,"s:16:2:16:Infinity":0,"s:19:2:19:Infinity":1,"s:23:2:23:19":2,"s:27:2:27:12":3,"s:30:2:30:12":4,"s:33:2:33:12":5,"s:36:2:36:Infinity":6,"s:47:2:47:12":7,"s:50:2:50:12":8,"s:53:2:53:12":9,"s:56:2:56:12":10,"s:59:2:59:22":11,"s:62:2:62:22":12},"fnNames":{}}}
,"/Users/cagataydalaman/Desktop/sitera_proje_genel/sitera/apps/api/src/finance/entities/finance-account.entity.ts": {"path":"/Users/cagataydalaman/Desktop/sitera_proje_genel/sitera/apps/api/src/finance/entities/finance-account.entity.ts","statementMap":{"0":{"start":{"line":16,"column":2},"end":{"line":16,"column":null}},"1":{"start":{"line":19,"column":2},"end":{"line":19,"column":null}},"2":{"start":{"line":23,"column":2},"end":{"line":23,"column":19}},"3":{"start":{"line":27,"column":2},"end":{"line":27,"column":12}},"4":{"start":{"line":30,"column":2},"end":{"line":30,"column":12}},"5":{"start":{"line":33,"column":2},"end":{"line":33,"column":12}},"6":{"start":{"line":36,"column":2},"end":{"line":36,"column":null}},"7":{"start":{"line":48,"column":2},"end":{"line":48,"column":12}},"8":{"start":{"line":51,"column":2},"end":{"line":51,"column":12}},"9":{"start":{"line":54,"column":2},"end":{"line":54,"column":12}},"10":{"start":{"line":57,"column":2},"end":{"line":57,"column":22}},"11":{"start":{"line":60,"column":2},"end":{"line":60,"column":22}}},"fnMap":{"0":{"name":"_define_property","decl":{"start":{"line":12,"column":0},"end":{"line":12,"column":null}},"loc":{"start":{"line":12,"column":0},"end":{"line":12,"column":null}},"line":12}},"branchMap":{},"s":{"0":0,"1":0,"2":0,"3":0,"4":0,"5":0,"6":0,"7":0,"8":0,"9":0,"10":0,"11":0},"f":{"0":0},"b":{},"meta":{"lastBranch":0,"lastFunction":1,"lastStatement":12,"seen":{"f:12:0:12:Infinity":0,"s:16:2:16:Infinity":0,"s:19:2:19:Infinity":1,"s:23:2:23:19":2,"s:27:2:27:12":3,"s:30:2:30:12":4,"s:33:2:33:12":5,"s:36:2:36:Infinity":6,"s:48:2:48:12":7,"s:51:2:51:12":8,"s:54:2:54:12":9,"s:57:2:57:22":10,"s:60:2:60:22":11},"fnNames":{}}}
,"/Users/cagataydalaman/Desktop/sitera_proje_genel/sitera/apps/api/src/finance/entities/finance-settings.entity.ts": {"path":"/Users/cagataydalaman/Desktop/sitera_proje_genel/sitera/apps/api/src/finance/entities/finance-settings.entity.ts","statementMap":{"0":{"start":{"line":16,"column":2},"end":{"line":16,"column":null}},"1":{"start":{"line":19,"column":2},"end":{"line":19,"column":11}},"2":{"start":{"line":23,"column":2},"end":{"line":23,"column":19}},"3":{"start":{"line":27,"column":2},"end":{"line":27,"column":null}},"4":{"start":{"line":39,"column":2},"end":{"line":39,"column":12}},"5":{"start":{"line":42,"column":2},"end":{"line":42,"column":12}},"6":{"start":{"line":45,"column":2},"end":{"line":45,"column":12}},"7":{"start":{"line":48,"column":2},"end":{"line":48,"column":12}},"8":{"start":{"line":51,"column":2},"end":{"line":51,"column":null}},"9":{"start":{"line":63,"column":2},"end":{"line":63,"column":null}},"10":{"start":{"line":75,"column":2},"end":{"line":75,"column":22}},"11":{"start":{"line":78,"column":2},"end":{"line":78,"column":22}}},"fnMap":{"0":{"name":"_define_property","decl":{"start":{"line":12,"column":0},"end":{"line":12,"column":null}},"loc":{"start":{"line":12,"column":0},"end":{"line":12,"column":null}},"line":12}},"branchMap":{},"s":{"0":0,"1":0,"2":0,"3":0,"4":0,"5":0,"6":0,"7":0,"8":0,"9":0,"10":0,"11":0},"f":{"0":0},"b":{},"meta":{"lastBranch":0,"lastFunction":1,"lastStatement":12,"seen":{"f:12:0:12:Infinity":0,"s:16:2:16:Infinity":0,"s:19:2:19:11":1,"s:23:2:23:19":2,"s:27:2:27:Infinity":3,"s:39:2:39:12":4,"s:42:2:42:12":5,"s:45:2:45:12":6,"s:48:2:48:12":7,"s:51:2:51:Infinity":8,"s:63:2:63:Infinity":9,"s:75:2:75:22":10,"s:78:2:78:22":11},"fnNames":{}}}
,"/Users/cagataydalaman/Desktop/sitera_proje_genel/sitera/apps/api/src/finance/entities/payment.entity.ts": {"path":"/Users/cagataydalaman/Desktop/sitera_proje_genel/sitera/apps/api/src/finance/entities/payment.entity.ts","statementMap":{"0":{"start":{"line":18,"column":2},"end":{"line":18,"column":null}},"1":{"start":{"line":21,"column":2},"end":{"line":21,"column":null}},"2":{"start":{"line":25,"column":2},"end":{"line":25,"column":19}},"3":{"start":{"line":29,"column":2},"end":{"line":29,"column":null}},"4":{"start":{"line":33,"column":2},"end":{"line":33,"column":19}},"5":{"start":{"line":37,"column":2},"end":{"line":37,"column":null}},"6":{"start":{"line":41,"column":2},"end":{"line":41,"column":19}},"7":{"start":{"line":45,"column":2},"end":{"line":45,"column":12}},"8":{"start":{"line":48,"column":2},"end":{"line":48,"column":12}},"9":{"start":{"line":51,"column":2},"end":{"line":51,"column":null}},"10":{"start":{"line":62,"column":2},"end":{"line":62,"column":12}},"11":{"start":{"line":65,"column":2},"end":{"line":65,"column":12}},"12":{"start":{"line":68,"column":2},"end":{"line":68,"column":12}},"13":{"start":{"line":71,"column":2},"end":{"line":71,"column":12}},"14":{"start":{"line":74,"column":2},"end":{"line":74,"column":12}},"15":{"start":{"line":77,"column":2},"end":{"line":77,"column":12}},"16":{"start":{"line":80,"column":2},"end":{"line":80,"column":12}},"17":{"start":{"line":83,"column":2},"end":{"line":83,"column":22}},"18":{"start":{"line":86,"column":2},"end":{"line":86,"column":22}}},"fnMap":{"0":{"name":"_define_property","decl":{"start":{"line":14,"column":0},"end":{"line":14,"column":null}},"loc":{"start":{"line":14,"column":0},"end":{"line":14,"column":null}},"line":14}},"branchMap":{},"s":{"0":0,"1":0,"2":0,"3":0,"4":0,"5":0,"6":0,"7":0,"8":0,"9":0,"10":0,"11":0,"12":0,"13":0,"14":0,"15":0,"16":0,"17":0,"18":0},"f":{"0":0},"b":{},"meta":{"lastBranch":0,"lastFunction":1,"lastStatement":19,"seen":{"f:14:0:14:Infinity":0,"s:18:2:18:Infinity":0,"s:21:2:21:Infinity":1,"s:25:2:25:19":2,"s:29:2:29:Infinity":3,"s:33:2:33:19":4,"s:37:2:37:Infinity":5,"s:41:2:41:19":6,"s:45:2:45:12":7,"s:48:2:48:12":8,"s:51:2:51:Infinity":9,"s:62:2:62:12":10,"s:65:2:65:12":11,"s:68:2:68:12":12,"s:71:2:71:12":13,"s:74:2:74:12":14,"s:77:2:77:12":15,"s:80:2:80:12":16,"s:83:2:83:22":17,"s:86:2:86:22":18},"fnNames":{}}}
,"/Users/cagataydalaman/Desktop/sitera_proje_genel/sitera/apps/api/src/finance/entities/period.entity.ts": {"path":"/Users/cagataydalaman/Desktop/sitera_proje_genel/sitera/apps/api/src/finance/entities/period.entity.ts","statementMap":{"0":{"start":{"line":18,"column":2},"end":{"line":18,"column":null}},"1":{"start":{"line":21,"column":2},"end":{"line":21,"column":null}},"2":{"start":{"line":25,"column":2},"end":{"line":25,"column":19}},"3":{"start":{"line":29,"column":2},"end":{"line":29,"column":12}},"4":{"start":{"line":32,"column":2},"end":{"line":32,"column":12}},"5":{"start":{"line":38,"column":2},"end":{"line":38,"column":12}},"6":{"start":{"line":41,"column":2},"end":{"line":41,"column":12}},"7":{"start":{"line":44,"column":2},"end":{"line":44,"column":19}},"8":{"start":{"line":47,"column":2},"end":{"line":47,"column":22}},"9":{"start":{"line":50,"column":2},"end":{"line":50,"column":22}}},"fnMap":{"0":{"name":"_define_property","decl":{"start":{"line":14,"column":0},"end":{"line":14,"column":null}},"loc":{"start":{"line":14,"column":0},"end":{"line":14,"column":null}},"line":14}},"branchMap":{},"s":{"0":0,"1":0,"2":0,"3":0,"4":0,"5":0,"6":0,"7":0,"8":0,"9":0},"f":{"0":0},"b":{},"meta":{"lastBranch":0,"lastFunction":1,"lastStatement":10,"seen":{"f:14:0:14:Infinity":0,"s:18:2:18:Infinity":0,"s:21:2:21:Infinity":1,"s:25:2:25:19":2,"s:29:2:29:12":3,"s:32:2:32:12":4,"s:38:2:38:12":5,"s:41:2:41:12":6,"s:44:2:44:19":7,"s:47:2:47:22":8,"s:50:2:50:22":9},"fnNames":{}}}
,"/Users/cagataydalaman/Desktop/sitera_proje_genel/sitera/apps/api/src/finance/entities/platform-pos-fee.entity.ts": {"path":"/Users/cagataydalaman/Desktop/sitera_proje_genel/sitera/apps/api/src/finance/entities/platform-pos-fee.entity.ts","statementMap":{"0":{"start":{"line":15,"column":2},"end":{"line":15,"column":null}},"1":{"start":{"line":18,"column":2},"end":{"line":18,"column":null}},"2":{"start":{"line":22,"column":2},"end":{"line":22,"column":null}},"3":{"start":{"line":26,"column":2},"end":{"line":26,"column":19}},"4":{"start":{"line":30,"column":2},"end":{"line":30,"column":12}},"5":{"start":{"line":33,"column":2},"end":{"line":33,"column":12}},"6":{"start":{"line":36,"column":2},"end":{"line":36,"column":12}},"7":{"start":{"line":39,"column":2},"end":{"line":39,"column":null}},"8":{"start":{"line":50,"column":2},"end":{"line":50,"column":null}},"9":{"start":{"line":61,"column":2},"end":{"line":61,"column":null}},"10":{"start":{"line":72,"column":2},"end":{"line":72,"column":null}},"11":{"start":{"line":83,"column":2},"end":{"line":83,"column":null}},"12":{"start":{"line":94,"column":2},"end":{"line":94,"column":12}},"13":{"start":{"line":97,"column":2},"end":{"line":97,"column":22}}},"fnMap":{"0":{"name":"_define_property","decl":{"start":{"line":11,"column":0},"end":{"line":11,"column":null}},"loc":{"start":{"line":11,"column":0},"end":{"line":11,"column":null}},"line":11}},"branchMap":{},"s":{"0":0,"1":0,"2":0,"3":0,"4":0,"5":0,"6":0,"7":0,"8":0,"9":0,"10":0,"11":0,"12":0,"13":0},"f":{"0":0},"b":{},"meta":{"lastBranch":0,"lastFunction":1,"lastStatement":14,"seen":{"f:11:0:11:Infinity":0,"s:15:2:15:Infinity":0,"s:18:2:18:Infinity":1,"s:22:2:22:Infinity":2,"s:26:2:26:19":3,"s:30:2:30:12":4,"s:33:2:33:12":5,"s:36:2:36:12":6,"s:39:2:39:Infinity":7,"s:50:2:50:Infinity":8,"s:61:2:61:Infinity":9,"s:72:2:72:Infinity":10,"s:83:2:83:Infinity":11,"s:94:2:94:12":12,"s:97:2:97:22":13},"fnNames":{}}}
}
