{"/Users/cagataydalaman/Desktop/sitera proje genel/sitera/apps/api/src/finance/finance.controller.ts": {"path":"/Users/cagataydalaman/Desktop/sitera proje genel/sitera/apps/api/src/finance/finance.controller.ts","statementMap":{"0":{"start":{"line":28,"column":17},"end":{"line":28,"column":null}},"1":{"start":{"line":29,"column":4},"end":{"line":29,"column":null}},"2":{"start":{"line":37,"column":17},"end":{"line":37,"column":null}},"3":{"start":{"line":38,"column":4},"end":{"line":38,"column":null}},"4":{"start":{"line":46,"column":17},"end":{"line":46,"column":null}},"5":{"start":{"line":47,"column":4},"end":{"line":47,"column":null}},"6":{"start":{"line":52,"column":17},"end":{"line":52,"column":null}},"7":{"start":{"line":53,"column":4},"end":{"line":53,"column":null}},"8":{"start":{"line":61,"column":17},"end":{"line":61,"column":null}},"9":{"start":{"line":62,"column":4},"end":{"line":62,"column":null}},"10":{"start":{"line":70,"column":17},"end":{"line":70,"column":null}},"11":{"start":{"line":71,"column":4},"end":{"line":71,"column":null}},"12":{"start":{"line":80,"column":17},"end":{"line":80,"column":null}},"13":{"start":{"line":81,"column":4},"end":{"line":81,"column":null}},"14":{"start":{"line":89,"column":17},"end":{"line":89,"column":null}},"15":{"start":{"line":90,"column":4},"end":{"line":90,"column":null}},"16":{"start":{"line":95,"column":17},"end":{"line":95,"column":null}},"17":{"start":{"line":96,"column":4},"end":{"line":96,"column":null}},"18":{"start":{"line":105,"column":17},"end":{"line":105,"column":null}},"19":{"start":{"line":106,"column":4},"end":{"line":106,"column":null}},"20":{"start":{"line":114,"column":17},"end":{"line":114,"column":null}},"21":{"start":{"line":115,"column":4},"end":{"line":115,"column":null}},"22":{"start":{"line":124,"column":17},"end":{"line":124,"column":null}},"23":{"start":{"line":125,"column":4},"end":{"line":125,"column":null}},"24":{"start":{"line":134,"column":17},"end":{"line":134,"column":null}},"25":{"start":{"line":135,"column":4},"end":{"line":135,"column":null}},"26":{"start":{"line":143,"column":17},"end":{"line":143,"column":null}},"27":{"start":{"line":144,"column":4},"end":{"line":144,"column":null}},"28":{"start":{"line":149,"column":17},"end":{"line":149,"column":null}},"29":{"start":{"line":150,"column":4},"end":{"line":150,"column":null}},"30":{"start":{"line":155,"column":17},"end":{"line":155,"column":null}},"31":{"start":{"line":156,"column":4},"end":{"line":156,"column":null}},"32":{"start":{"line":161,"column":17},"end":{"line":161,"column":null}},"33":{"start":{"line":162,"column":4},"end":{"line":162,"column":null}},"34":{"start":{"line":24,"column":31},"end":{"line":24,"column":61}}},"fnMap":{"0":{"name":"_define_property","decl":{"start":{"line":13,"column":0},"end":{"line":13,"column":null}},"loc":{"start":{"line":13,"column":0},"end":{"line":13,"column":null}},"line":13},"1":{"name":"getSettings","decl":{"start":{"line":27,"column":8},"end":{"line":27,"column":20}},"loc":{"start":{"line":27,"column":61},"end":{"line":30,"column":null}},"line":27},"2":{"name":"updateSettings","decl":{"start":{"line":33,"column":8},"end":{"line":33,"column":null}},"loc":{"start":{"line":36,"column":4},"end":{"line":39,"column":null}},"line":36},"3":{"name":"autoGenerate","decl":{"start":{"line":42,"column":8},"end":{"line":42,"column":null}},"loc":{"start":{"line":45,"column":4},"end":{"line":48,"column":null}},"line":45},"4":{"name":"getPeriods","decl":{"start":{"line":51,"column":8},"end":{"line":51,"column":19}},"loc":{"start":{"line":51,"column":60},"end":{"line":54,"column":null}},"line":51},"5":{"name":"createPeriod","decl":{"start":{"line":57,"column":8},"end":{"line":57,"column":null}},"loc":{"start":{"line":60,"column":4},"end":{"line":63,"column":null}},"line":60},"6":{"name":"deletePeriod","decl":{"start":{"line":66,"column":8},"end":{"line":66,"column":null}},"loc":{"start":{"line":69,"column":4},"end":{"line":72,"column":null}},"line":69},"7":{"name":"getDebts","decl":{"start":{"line":75,"column":8},"end":{"line":75,"column":null}},"loc":{"start":{"line":79,"column":4},"end":{"line":82,"column":null}},"line":79},"8":{"name":"createDebt","decl":{"start":{"line":85,"column":8},"end":{"line":85,"column":null}},"loc":{"start":{"line":88,"column":4},"end":{"line":91,"column":null}},"line":88},"9":{"name":"getPendingPayments","decl":{"start":{"line":94,"column":8},"end":{"line":94,"column":27}},"loc":{"start":{"line":94,"column":68},"end":{"line":97,"column":null}},"line":94},"10":{"name":"approvePayment","decl":{"start":{"line":100,"column":8},"end":{"line":100,"column":null}},"loc":{"start":{"line":104,"column":4},"end":{"line":107,"column":null}},"line":104},"11":{"name":"rejectPayment","decl":{"start":{"line":110,"column":8},"end":{"line":110,"column":null}},"loc":{"start":{"line":113,"column":4},"end":{"line":116,"column":null}},"line":113},"12":{"name":"createPayment","decl":{"start":{"line":119,"column":8},"end":{"line":119,"column":null}},"loc":{"start":{"line":123,"column":4},"end":{"line":126,"column":null}},"line":123},"13":{"name":"recordCashCollection","decl":{"start":{"line":129,"column":8},"end":{"line":129,"column":null}},"loc":{"start":{"line":133,"column":4},"end":{"line":136,"column":null}},"line":133},"14":{"name":"dischargeResident","decl":{"start":{"line":139,"column":8},"end":{"line":139,"column":null}},"loc":{"start":{"line":142,"column":4},"end":{"line":145,"column":null}},"line":142},"15":{"name":"getAccounts","decl":{"start":{"line":148,"column":8},"end":{"line":148,"column":20}},"loc":{"start":{"line":148,"column":61},"end":{"line":151,"column":null}},"line":148},"16":{"name":"getExpenses","decl":{"start":{"line":154,"column":8},"end":{"line":154,"column":20}},"loc":{"start":{"line":154,"column":61},"end":{"line":157,"column":null}},"line":154},"17":{"name":"getSummary","decl":{"start":{"line":160,"column":8},"end":{"line":160,"column":19}},"loc":{"start":{"line":160,"column":60},"end":{"line":163,"column":null}},"line":160},"18":{"name":"constructor","decl":{"start":{"line":24,"column":2},"end":{"line":24,"column":14}},"loc":{"start":{"line":24,"column":63},"end":{"line":24,"column":null}},"line":24}},"branchMap":{},"s":{"0":1,"1":1,"2":1,"3":1,"4":1,"5":1,"6":0,"7":0,"8":0,"9":0,"10":0,"11":0,"12":1,"13":1,"14":1,"15":1,"16":0,"17":0,"18":1,"19":1,"20":1,"21":1,"22":0,"23":0,"24":1,"25":1,"26":1,"27":1,"28":0,"29":0,"30":0,"31":0,"32":1,"33":1,"34":10},"f":{"0":10,"1":1,"2":1,"3":1,"4":0,"5":0,"6":0,"7":1,"8":1,"9":0,"10":1,"11":1,"12":0,"13":1,"14":1,"15":0,"16":0,"17":1,"18":10},"b":{},"meta":{"lastBranch":0,"lastFunction":19,"lastStatement":35,"seen":{"f:13:0:13:Infinity":0,"f:27:8:27:20":1,"s:28:17:28:Infinity":0,"s:29:4:29:Infinity":1,"f:33:8:33:Infinity":2,"s:37:17:37:Infinity":2,"s:38:4:38:Infinity":3,"f:42:8:42:Infinity":3,"s:46:17:46:Infinity":4,"s:47:4:47:Infinity":5,"f:51:8:51:19":4,"s:52:17:52:Infinity":6,"s:53:4:53:Infinity":7,"f:57:8:57:Infinity":5,"s:61:17:61:Infinity":8,"s:62:4:62:Infinity":9,"f:66:8:66:Infinity":6,"s:70:17:70:Infinity":10,"s:71:4:71:Infinity":11,"f:75:8:75:Infinity":7,"s:80:17:80:Infinity":12,"s:81:4:81:Infinity":13,"f:85:8:85:Infinity":8,"s:89:17:89:Infinity":14,"s:90:4:90:Infinity":15,"f:94:8:94:27":9,"s:95:17:95:Infinity":16,"s:96:4:96:Infinity":17,"f:100:8:100:Infinity":10,"s:105:17:105:Infinity":18,"s:106:4:106:Infinity":19,"f:110:8:110:Infinity":11,"s:114:17:114:Infinity":20,"s:115:4:115:Infinity":21,"f:119:8:119:Infinity":12,"s:124:17:124:Infinity":22,"s:125:4:125:Infinity":23,"f:129:8:129:Infinity":13,"s:134:17:134:Infinity":24,"s:135:4:135:Infinity":25,"f:139:8:139:Infinity":14,"s:143:17:143:Infinity":26,"s:144:4:144:Infinity":27,"f:148:8:148:20":15,"s:149:17:149:Infinity":28,"s:150:4:150:Infinity":29,"f:154:8:154:20":16,"s:155:17:155:Infinity":30,"s:156:4:156:Infinity":31,"f:160:8:160:19":17,"s:161:17:161:Infinity":32,"s:162:4:162:Infinity":33,"f:24:2:24:14":18,"s:24:31:24:61":34},"fnNames":{}}}
,"/Users/cagataydalaman/Desktop/sitera proje genel/sitera/apps/api/src/finance/finance.module.ts": {"path":"/Users/cagataydalaman/Desktop/sitera proje genel/sitera/apps/api/src/finance/finance.module.ts","statementMap":{},"fnMap":{"0":{"name":"_ts_decorate","decl":{"start":{"line":12,"column":0},"end":{"line":12,"column":null}},"loc":{"start":{"line":12,"column":0},"end":{"line":12,"column":null}},"line":12}},"branchMap":{},"s":{},"f":{"0":0},"b":{},"meta":{"lastBranch":0,"lastFunction":1,"lastStatement":0,"seen":{"f:12:0:12:Infinity":0},"fnNames":{}}}
,"/Users/cagataydalaman/Desktop/sitera proje genel/sitera/apps/api/src/finance/finance.service.ts": {"path":"/Users/cagataydalaman/Desktop/sitera proje genel/sitera/apps/api/src/finance/finance.service.ts","statementMap":{"0":{"start":{"line":53,"column":4},"end":{"line":53,"column":null}},"1":{"start":{"line":57,"column":21},"end":{"line":57,"column":null}},"2":{"start":{"line":58,"column":4},"end":{"line":60,"column":null}},"3":{"start":{"line":59,"column":6},"end":{"line":59,"column":null}},"4":{"start":{"line":61,"column":4},"end":{"line":61,"column":null}},"5":{"start":{"line":68,"column":24},"end":{"line":68,"column":null}},"6":{"start":{"line":69,"column":4},"end":{"line":69,"column":null}},"7":{"start":{"line":70,"column":4},"end":{"line":79,"column":null}},"8":{"start":{"line":71,"column":6},"end":{"line":75,"column":null}},"9":{"start":{"line":72,"column":8},"end":{"line":72,"column":null}},"10":{"start":{"line":74,"column":8},"end":{"line":74,"column":null}},"11":{"start":{"line":76,"column":6},"end":{"line":76,"column":null}},"12":{"start":{"line":78,"column":6},"end":{"line":78,"column":null}},"13":{"start":{"line":86,"column":4},"end":{"line":301,"column":null}},"14":{"start":{"line":87,"column":26},"end":{"line":87,"column":null}},"15":{"start":{"line":88,"column":6},"end":{"line":88,"column":null}},"16":{"start":{"line":88,"column":27},"end":{"line":88,"column":null}},"17":{"start":{"line":90,"column":25},"end":{"line":91,"column":null}},"18":{"start":{"line":93,"column":6},"end":{"line":93,"column":null}},"19":{"start":{"line":93,"column":23},"end":{"line":93,"column":null}},"20":{"start":{"line":95,"column":6},"end":{"line":95,"column":null}},"21":{"start":{"line":98,"column":31},"end":{"line":98,"column":null}},"22":{"start":{"line":99,"column":6},"end":{"line":111,"column":null}},"23":{"start":{"line":100,"column":25},"end":{"line":109,"column":null}},"24":{"start":{"line":110,"column":8},"end":{"line":110,"column":null}},"25":{"start":{"line":114,"column":21},"end":{"line":120,"column":null}},"26":{"start":{"line":121,"column":6},"end":{"line":121,"column":null}},"27":{"start":{"line":124,"column":23},"end":{"line":155,"column":null}},"28":{"start":{"line":156,"column":6},"end":{"line":156,"column":null}},"29":{"start":{"line":159,"column":23},"end":{"line":204,"column":null}},"30":{"start":{"line":205,"column":6},"end":{"line":205,"column":null}},"31":{"start":{"line":208,"column":22},"end":{"line":210,"column":null}},"32":{"start":{"line":212,"column":42},"end":{"line":212,"column":44}},"33":{"start":{"line":214,"column":6},"end":{"line":256,"column":null}},"34":{"start":{"line":215,"column":8},"end":{"line":236,"column":null}},"35":{"start":{"line":215,"column":21},"end":{"line":215,"column":24}},"36":{"start":{"line":216,"column":20},"end":{"line":216,"column":30}},"37":{"start":{"line":217,"column":23},"end":{"line":217,"column":84}},"38":{"start":{"line":219,"column":25},"end":{"line":219,"column":null}},"39":{"start":{"line":220,"column":10},"end":{"line":234,"column":null}},"40":{"start":{"line":239,"column":8},"end":{"line":255,"column":null}},"41":{"start":{"line":239,"column":21},"end":{"line":239,"column":24}},"42":{"start":{"line":240,"column":10},"end":{"line":253,"column":null}},"43":{"start":{"line":257,"column":25},"end":{"line":257,"column":null}},"44":{"start":{"line":260,"column":26},"end":{"line":260,"column":null}},"45":{"start":{"line":260,"column":51},"end":{"line":260,"column":null}},"46":{"start":{"line":261,"column":23},"end":{"line":295,"column":null}},"47":{"start":{"line":296,"column":6},"end":{"line":296,"column":null}},"48":{"start":{"line":298,"column":6},"end":{"line":298,"column":null}},"49":{"start":{"line":300,"column":6},"end":{"line":300,"column":null}},"50":{"start":{"line":306,"column":16},"end":{"line":306,"column":null}},"51":{"start":{"line":307,"column":4},"end":{"line":324,"column":null}},"52":{"start":{"line":308,"column":19},"end":{"line":308,"column":null}},"53":{"start":{"line":309,"column":21},"end":{"line":309,"column":null}},"54":{"start":{"line":310,"column":6},"end":{"line":322,"column":null}},"55":{"start":{"line":311,"column":8},"end":{"line":320,"column":null}},"56":{"start":{"line":321,"column":8},"end":{"line":321,"column":null}},"57":{"start":{"line":323,"column":6},"end":{"line":323,"column":null}},"58":{"start":{"line":328,"column":16},"end":{"line":328,"column":null}},"59":{"start":{"line":329,"column":4},"end":{"line":338,"column":null}},"60":{"start":{"line":330,"column":19},"end":{"line":330,"column":null}},"61":{"start":{"line":331,"column":21},"end":{"line":331,"column":null}},"62":{"start":{"line":332,"column":6},"end":{"line":336,"column":null}},"63":{"start":{"line":333,"column":8},"end":{"line":333,"column":null}},"64":{"start":{"line":335,"column":8},"end":{"line":335,"column":null}},"65":{"start":{"line":337,"column":6},"end":{"line":337,"column":null}},"66":{"start":{"line":343,"column":16},"end":{"line":343,"column":null}},"67":{"start":{"line":344,"column":21},"end":{"line":344,"column":null}},"68":{"start":{"line":346,"column":16},"end":{"line":346,"column":null}},"69":{"start":{"line":347,"column":19},"end":{"line":350,"column":null}},"70":{"start":{"line":351,"column":30},"end":{"line":351,"column":78}},"71":{"start":{"line":354,"column":27},"end":{"line":355,"column":null}},"72":{"start":{"line":355,"column":6},"end":{"line":355,"column":null}},"73":{"start":{"line":358,"column":4},"end":{"line":363,"column":null}},"74":{"start":{"line":359,"column":25},"end":{"line":360,"column":null}},"75":{"start":{"line":360,"column":8},"end":{"line":360,"column":null}},"76":{"start":{"line":362,"column":6},"end":{"line":362,"column":null}},"77":{"start":{"line":366,"column":19},"end":{"line":366,"column":null}},"78":{"start":{"line":367,"column":20},"end":{"line":367,"column":null}},"79":{"start":{"line":368,"column":21},"end":{"line":368,"column":null}},"80":{"start":{"line":369,"column":23},"end":{"line":369,"column":82}},"81":{"start":{"line":371,"column":26},"end":{"line":382,"column":null}},"82":{"start":{"line":385,"column":23},"end":{"line":386,"column":null}},"83":{"start":{"line":386,"column":6},"end":{"line":386,"column":null}},"84":{"start":{"line":389,"column":4},"end":{"line":389,"column":null}},"85":{"start":{"line":394,"column":16},"end":{"line":394,"column":null}},"86":{"start":{"line":395,"column":4},"end":{"line":399,"column":null}},"87":{"start":{"line":396,"column":6},"end":{"line":399,"column":null}},"88":{"start":{"line":404,"column":16},"end":{"line":404,"column":null}},"89":{"start":{"line":405,"column":4},"end":{"line":527,"column":null}},"90":{"start":{"line":406,"column":25},"end":{"line":406,"column":null}},"91":{"start":{"line":407,"column":24},"end":{"line":407,"column":null}},"92":{"start":{"line":408,"column":24},"end":{"line":408,"column":null}},"93":{"start":{"line":411,"column":27},"end":{"line":411,"column":null}},"94":{"start":{"line":412,"column":6},"end":{"line":414,"column":null}},"95":{"start":{"line":413,"column":8},"end":{"line":413,"column":null}},"96":{"start":{"line":417,"column":22},"end":{"line":419,"column":null}},"97":{"start":{"line":421,"column":67},"end":{"line":421,"column":69}},"98":{"start":{"line":422,"column":6},"end":{"line":427,"column":null}},"99":{"start":{"line":423,"column":22},"end":{"line":423,"column":null}},"100":{"start":{"line":424,"column":8},"end":{"line":426,"column":null}},"101":{"start":{"line":425,"column":10},"end":{"line":425,"column":null}},"102":{"start":{"line":429,"column":25},"end":{"line":429,"column":null}},"103":{"start":{"line":430,"column":30},"end":{"line":430,"column":null}},"104":{"start":{"line":432,"column":6},"end":{"line":434,"column":null}},"105":{"start":{"line":433,"column":8},"end":{"line":433,"column":null}},"106":{"start":{"line":436,"column":21},"end":{"line":442,"column":null}},"107":{"start":{"line":443,"column":26},"end":{"line":443,"column":null}},"108":{"start":{"line":445,"column":6},"end":{"line":524,"column":null}},"109":{"start":{"line":446,"column":39},"end":{"line":446,"column":41}},"110":{"start":{"line":447,"column":26},"end":{"line":447,"column":null}},"111":{"start":{"line":448,"column":39},"end":{"line":448,"column":null}},"112":{"start":{"line":450,"column":8},"end":{"line":519,"column":null}},"113":{"start":{"line":451,"column":31},"end":{"line":462,"column":null}},"114":{"start":{"line":455,"column":47},"end":{"line":459,"column":null}},"115":{"start":{"line":464,"column":10},"end":{"line":499,"column":null}},"116":{"start":{"line":464,"column":27},"end":{"line":464,"column":30}},"117":{"start":{"line":465,"column":26},"end":{"line":465,"column":45}},"118":{"start":{"line":466,"column":25},"end":{"line":466,"column":44}},"119":{"start":{"line":469,"column":31},"end":{"line":469,"column":42}},"120":{"start":{"line":470,"column":12},"end":{"line":477,"column":null}},"121":{"start":{"line":471,"column":34},"end":{"line":474,"column":null}},"122":{"start":{"line":473,"column":18},"end":{"line":474,"column":null}},"123":{"start":{"line":476,"column":14},"end":{"line":476,"column":null}},"124":{"start":{"line":476,"column":31},"end":{"line":476,"column":null}},"125":{"start":{"line":479,"column":30},"end":{"line":481,"column":49}},"126":{"start":{"line":483,"column":12},"end":{"line":497,"column":null}},"127":{"start":{"line":502,"column":10},"end":{"line":518,"column":null}},"128":{"start":{"line":502,"column":23},"end":{"line":502,"column":26}},"129":{"start":{"line":503,"column":12},"end":{"line":516,"column":null}},"130":{"start":{"line":521,"column":8},"end":{"line":523,"column":null}},"131":{"start":{"line":522,"column":10},"end":{"line":522,"column":null}},"132":{"start":{"line":526,"column":6},"end":{"line":526,"column":null}},"133":{"start":{"line":531,"column":16},"end":{"line":531,"column":null}},"134":{"start":{"line":532,"column":4},"end":{"line":539,"column":null}},"135":{"start":{"line":533,"column":25},"end":{"line":533,"column":null}},"136":{"start":{"line":534,"column":24},"end":{"line":534,"column":null}},"137":{"start":{"line":536,"column":6},"end":{"line":536,"column":null}},"138":{"start":{"line":537,"column":6},"end":{"line":537,"column":null}},"139":{"start":{"line":538,"column":6},"end":{"line":538,"column":null}},"140":{"start":{"line":544,"column":16},"end":{"line":544,"column":null}},"141":{"start":{"line":545,"column":21},"end":{"line":545,"column":null}},"142":{"start":{"line":547,"column":4},"end":{"line":620,"column":null}},"143":{"start":{"line":548,"column":23},"end":{"line":548,"column":null}},"144":{"start":{"line":549,"column":23},"end":{"line":549,"column":null}},"145":{"start":{"line":550,"column":32},"end":{"line":550,"column":34}},"146":{"start":{"line":552,"column":6},"end":{"line":599,"column":null}},"147":{"start":{"line":553,"column":26},"end":{"line":553,"column":null}},"148":{"start":{"line":554,"column":26},"end":{"line":556,"column":59}},"149":{"start":{"line":555,"column":39},"end":{"line":555,"column":null}},"150":{"start":{"line":558,"column":8},"end":{"line":583,"column":null}},"151":{"start":{"line":560,"column":10},"end":{"line":568,"column":null}},"152":{"start":{"line":571,"column":31},"end":{"line":571,"column":null}},"153":{"start":{"line":572,"column":10},"end":{"line":582,"column":null}},"154":{"start":{"line":584,"column":13},"end":{"line":599,"column":null}},"155":{"start":{"line":585,"column":8},"end":{"line":592,"column":null}},"156":{"start":{"line":594,"column":8},"end":{"line":598,"column":null}},"157":{"start":{"line":601,"column":6},"end":{"line":619,"column":null}},"158":{"start":{"line":602,"column":8},"end":{"line":617,"column":null}},"159":{"start":{"line":603,"column":27},"end":{"line":610,"column":null}},"160":{"start":{"line":611,"column":10},"end":{"line":616,"column":null}},"161":{"start":{"line":612,"column":13},"end":{"line":612,"column":null}},"162":{"start":{"line":613,"column":13},"end":{"line":613,"column":null}},"163":{"start":{"line":614,"column":13},"end":{"line":614,"column":null}},"164":{"start":{"line":615,"column":13},"end":{"line":615,"column":null}},"165":{"start":{"line":618,"column":8},"end":{"line":618,"column":null}},"166":{"start":{"line":624,"column":16},"end":{"line":624,"column":null}},"167":{"start":{"line":625,"column":4},"end":{"line":642,"column":null}},"168":{"start":{"line":626,"column":23},"end":{"line":626,"column":null}},"169":{"start":{"line":627,"column":19},"end":{"line":640,"column":null}},"170":{"start":{"line":641,"column":6},"end":{"line":641,"column":null}},"171":{"start":{"line":647,"column":16},"end":{"line":647,"column":null}},"172":{"start":{"line":648,"column":4},"end":{"line":690,"column":null}},"173":{"start":{"line":649,"column":22},"end":{"line":649,"column":null}},"174":{"start":{"line":650,"column":23},"end":{"line":650,"column":null}},"175":{"start":{"line":651,"column":22},"end":{"line":651,"column":null}},"176":{"start":{"line":653,"column":25},"end":{"line":653,"column":41}},"177":{"start":{"line":654,"column":6},"end":{"line":663,"column":null}},"178":{"start":{"line":655,"column":21},"end":{"line":655,"column":null}},"179":{"start":{"line":656,"column":8},"end":{"line":662,"column":null}},"180":{"start":{"line":657,"column":10},"end":{"line":657,"column":null}},"181":{"start":{"line":658,"column":10},"end":{"line":658,"column":null}},"182":{"start":{"line":659,"column":10},"end":{"line":659,"column":null}},"183":{"start":{"line":660,"column":10},"end":{"line":660,"column":null}},"184":{"start":{"line":661,"column":10},"end":{"line":661,"column":null}},"185":{"start":{"line":665,"column":22},"end":{"line":677,"column":null}},"186":{"start":{"line":678,"column":27},"end":{"line":678,"column":null}},"187":{"start":{"line":681,"column":8},"end":{"line":682,"column":null}},"188":{"start":{"line":683,"column":6},"end":{"line":687,"column":null}},"189":{"start":{"line":684,"column":8},"end":{"line":684,"column":null}},"190":{"start":{"line":685,"column":8},"end":{"line":685,"column":null}},"191":{"start":{"line":686,"column":8},"end":{"line":686,"column":null}},"192":{"start":{"line":689,"column":6},"end":{"line":689,"column":null}},"193":{"start":{"line":694,"column":16},"end":{"line":694,"column":null}},"194":{"start":{"line":695,"column":4},"end":{"line":719,"column":null}},"195":{"start":{"line":696,"column":23},"end":{"line":696,"column":null}},"196":{"start":{"line":697,"column":23},"end":{"line":697,"column":null}},"197":{"start":{"line":699,"column":19},"end":{"line":699,"column":null}},"198":{"start":{"line":700,"column":6},"end":{"line":702,"column":null}},"199":{"start":{"line":701,"column":8},"end":{"line":701,"column":null}},"200":{"start":{"line":704,"column":26},"end":{"line":706,"column":null}},"201":{"start":{"line":707,"column":35},"end":{"line":707,"column":null}},"202":{"start":{"line":709,"column":6},"end":{"line":712,"column":null}},"203":{"start":{"line":710,"column":8},"end":{"line":710,"column":null}},"204":{"start":{"line":710,"column":46},"end":{"line":710,"column":60}},"205":{"start":{"line":711,"column":8},"end":{"line":711,"column":null}},"206":{"start":{"line":714,"column":6},"end":{"line":718,"column":null}},"207":{"start":{"line":724,"column":16},"end":{"line":724,"column":null}},"208":{"start":{"line":725,"column":4},"end":{"line":729,"column":null}},"209":{"start":{"line":726,"column":6},"end":{"line":729,"column":null}},"210":{"start":{"line":734,"column":16},"end":{"line":734,"column":null}},"211":{"start":{"line":735,"column":4},"end":{"line":789,"column":null}},"212":{"start":{"line":736,"column":22},"end":{"line":736,"column":null}},"213":{"start":{"line":737,"column":23},"end":{"line":737,"column":null}},"214":{"start":{"line":738,"column":22},"end":{"line":738,"column":null}},"215":{"start":{"line":740,"column":22},"end":{"line":740,"column":null}},"216":{"start":{"line":741,"column":6},"end":{"line":743,"column":null}},"217":{"start":{"line":742,"column":8},"end":{"line":742,"column":null}},"218":{"start":{"line":745,"column":6},"end":{"line":745,"column":null}},"219":{"start":{"line":746,"column":6},"end":{"line":746,"column":null}},"220":{"start":{"line":747,"column":6},"end":{"line":747,"column":null}},"221":{"start":{"line":748,"column":27},"end":{"line":748,"column":null}},"222":{"start":{"line":751,"column":6},"end":{"line":759,"column":null}},"223":{"start":{"line":752,"column":21},"end":{"line":752,"column":null}},"224":{"start":{"line":753,"column":8},"end":{"line":758,"column":null}},"225":{"start":{"line":754,"column":10},"end":{"line":754,"column":null}},"226":{"start":{"line":755,"column":10},"end":{"line":755,"column":null}},"227":{"start":{"line":756,"column":10},"end":{"line":756,"column":null}},"228":{"start":{"line":757,"column":10},"end":{"line":757,"column":null}},"229":{"start":{"line":762,"column":25},"end":{"line":763,"column":null}},"230":{"start":{"line":765,"column":6},"end":{"line":769,"column":null}},"231":{"start":{"line":766,"column":8},"end":{"line":766,"column":null}},"232":{"start":{"line":767,"column":8},"end":{"line":767,"column":null}},"233":{"start":{"line":768,"column":8},"end":{"line":768,"column":null}},"234":{"start":{"line":771,"column":6},"end":{"line":786,"column":null}},"235":{"start":{"line":788,"column":6},"end":{"line":788,"column":null}},"236":{"start":{"line":793,"column":16},"end":{"line":793,"column":null}},"237":{"start":{"line":794,"column":4},"end":{"line":819,"column":null}},"238":{"start":{"line":795,"column":22},"end":{"line":795,"column":null}},"239":{"start":{"line":796,"column":22},"end":{"line":796,"column":null}},"240":{"start":{"line":797,"column":6},"end":{"line":799,"column":null}},"241":{"start":{"line":798,"column":8},"end":{"line":798,"column":null}},"242":{"start":{"line":800,"column":6},"end":{"line":800,"column":null}},"243":{"start":{"line":801,"column":20},"end":{"line":801,"column":null}},"244":{"start":{"line":803,"column":6},"end":{"line":816,"column":null}},"245":{"start":{"line":818,"column":6},"end":{"line":818,"column":null}},"246":{"start":{"line":823,"column":16},"end":{"line":823,"column":null}},"247":{"start":{"line":824,"column":4},"end":{"line":877,"column":null}},"248":{"start":{"line":825,"column":22},"end":{"line":825,"column":null}},"249":{"start":{"line":826,"column":23},"end":{"line":826,"column":null}},"250":{"start":{"line":828,"column":40},"end":{"line":828,"column":null}},"251":{"start":{"line":829,"column":6},"end":{"line":834,"column":null}},"252":{"start":{"line":830,"column":21},"end":{"line":830,"column":null}},"253":{"start":{"line":831,"column":8},"end":{"line":833,"column":null}},"254":{"start":{"line":832,"column":10},"end":{"line":832,"column":null}},"255":{"start":{"line":836,"column":22},"end":{"line":848,"column":null}},"256":{"start":{"line":850,"column":20},"end":{"line":850,"column":null}},"257":{"start":{"line":853,"column":6},"end":{"line":874,"column":null}},"258":{"start":{"line":854,"column":8},"end":{"line":862,"column":null}},"259":{"start":{"line":855,"column":23},"end":{"line":855,"column":null}},"260":{"start":{"line":856,"column":10},"end":{"line":861,"column":null}},"261":{"start":{"line":857,"column":12},"end":{"line":857,"column":null}},"262":{"start":{"line":858,"column":12},"end":{"line":858,"column":null}},"263":{"start":{"line":859,"column":12},"end":{"line":859,"column":null}},"264":{"start":{"line":860,"column":12},"end":{"line":860,"column":null}},"265":{"start":{"line":864,"column":24},"end":{"line":864,"column":null}},"266":{"start":{"line":865,"column":26},"end":{"line":867,"column":null}},"267":{"start":{"line":869,"column":8},"end":{"line":873,"column":null}},"268":{"start":{"line":870,"column":10},"end":{"line":870,"column":null}},"269":{"start":{"line":871,"column":10},"end":{"line":871,"column":null}},"270":{"start":{"line":872,"column":10},"end":{"line":872,"column":null}},"271":{"start":{"line":876,"column":6},"end":{"line":876,"column":null}},"272":{"start":{"line":882,"column":16},"end":{"line":882,"column":null}},"273":{"start":{"line":883,"column":4},"end":{"line":887,"column":null}},"274":{"start":{"line":884,"column":6},"end":{"line":887,"column":null}},"275":{"start":{"line":892,"column":16},"end":{"line":892,"column":null}},"276":{"start":{"line":893,"column":4},"end":{"line":897,"column":null}},"277":{"start":{"line":894,"column":6},"end":{"line":897,"column":null}},"278":{"start":{"line":903,"column":16},"end":{"line":903,"column":null}},"279":{"start":{"line":904,"column":21},"end":{"line":904,"column":null}},"280":{"start":{"line":906,"column":4},"end":{"line":935,"column":null}},"281":{"start":{"line":907,"column":22},"end":{"line":907,"column":null}},"282":{"start":{"line":908,"column":23},"end":{"line":908,"column":null}},"283":{"start":{"line":909,"column":22},"end":{"line":909,"column":null}},"284":{"start":{"line":910,"column":25},"end":{"line":910,"column":null}},"285":{"start":{"line":911,"column":22},"end":{"line":911,"column":null}},"286":{"start":{"line":913,"column":23},"end":{"line":913,"column":null}},"287":{"start":{"line":914,"column":20},"end":{"line":914,"column":null}},"288":{"start":{"line":915,"column":23},"end":{"line":915,"column":null}},"289":{"start":{"line":916,"column":36},"end":{"line":918,"column":null}},"290":{"start":{"line":920,"column":27},"end":{"line":923,"column":null}},"291":{"start":{"line":925,"column":6},"end":{"line":934,"column":null}},"292":{"start":{"line":29,"column":2},"end":{"line":29,"column":19}},"293":{"start":{"line":33,"column":21},"end":{"line":33,"column":58}},"294":{"start":{"line":35,"column":21},"end":{"line":35,"column":54}},"295":{"start":{"line":37,"column":21},"end":{"line":37,"column":60}},"296":{"start":{"line":39,"column":21},"end":{"line":39,"column":67}},"297":{"start":{"line":41,"column":21},"end":{"line":41,"column":60}},"298":{"start":{"line":43,"column":21},"end":{"line":43,"column":68}},"299":{"start":{"line":45,"column":21},"end":{"line":45,"column":56}},"300":{"start":{"line":47,"column":21},"end":{"line":47,"column":54}},"301":{"start":{"line":48,"column":21},"end":{"line":48,"column":43}},"302":{"start":{"line":49,"column":21},"end":{"line":49,"column":55}},"303":{"start":{"line":29,"column":19},"end":{"line":29,"column":null}}},"fnMap":{"0":{"name":"_define_property","decl":{"start":{"line":25,"column":0},"end":{"line":25,"column":null}},"loc":{"start":{"line":25,"column":0},"end":{"line":25,"column":null}},"line":25},"1":{"name":"onModuleInit","decl":{"start":{"line":52,"column":8},"end":{"line":52,"column":23}},"loc":{"start":{"line":52,"column":23},"end":{"line":54,"column":null}},"line":52},"2":{"name":"resolveGroupId","decl":{"start":{"line":56,"column":10},"end":{"line":56,"column":25}},"loc":{"start":{"line":56,"column":59},"end":{"line":62,"column":null}},"line":56},"3":{"name":"executeWithRLS","decl":{"start":{"line":64,"column":16},"end":{"line":64,"column":null}},"loc":{"start":{"line":67,"column":16},"end":{"line":80,"column":null}},"line":67},"4":{"name":"seedInitialFinanceData","decl":{"start":{"line":85,"column":16},"end":{"line":85,"column":41}},"loc":{"start":{"line":85,"column":41},"end":{"line":302,"column":null}},"line":85},"5":{"name":"(anonymous_5)","decl":{"start":{"line":260,"column":44},"end":{"line":260,"column":45}},"loc":{"start":{"line":260,"column":51},"end":{"line":260,"column":null}},"line":260},"6":{"name":"getSettings","decl":{"start":{"line":305,"column":8},"end":{"line":305,"column":20}},"loc":{"start":{"line":305,"column":70},"end":{"line":325,"column":null}},"line":305},"7":{"name":"(anonymous_7)","decl":{"start":{"line":307,"column":42},"end":{"line":307,"column":49}},"loc":{"start":{"line":307,"column":49},"end":{"line":324,"column":null}},"line":307},"8":{"name":"updateSettings","decl":{"start":{"line":327,"column":8},"end":{"line":327,"column":23}},"loc":{"start":{"line":327,"column":104},"end":{"line":339,"column":null}},"line":327},"9":{"name":"(anonymous_9)","decl":{"start":{"line":329,"column":42},"end":{"line":329,"column":49}},"loc":{"start":{"line":329,"column":49},"end":{"line":338,"column":null}},"line":329},"10":{"name":"autoGenerateMonthlyDues","decl":{"start":{"line":342,"column":8},"end":{"line":342,"column":32}},"loc":{"start":{"line":342,"column":127},"end":{"line":390,"column":null}},"line":342},"11":{"name":"(anonymous_11)","decl":{"start":{"line":354,"column":79},"end":{"line":354,"column":86}},"loc":{"start":{"line":355,"column":6},"end":{"line":355,"column":null}},"line":355},"12":{"name":"(anonymous_12)","decl":{"start":{"line":359,"column":64},"end":{"line":359,"column":71}},"loc":{"start":{"line":360,"column":8},"end":{"line":360,"column":null}},"line":360},"13":{"name":"(anonymous_13)","decl":{"start":{"line":385,"column":62},"end":{"line":385,"column":69}},"loc":{"start":{"line":386,"column":6},"end":{"line":386,"column":null}},"line":386},"14":{"name":"getPeriods","decl":{"start":{"line":393,"column":8},"end":{"line":393,"column":19}},"loc":{"start":{"line":393,"column":62},"end":{"line":401,"column":null}},"line":393},"15":{"name":"(anonymous_15)","decl":{"start":{"line":395,"column":42},"end":{"line":395,"column":43}},"loc":{"start":{"line":396,"column":6},"end":{"line":399,"column":null}},"line":396},"16":{"name":"createPeriod","decl":{"start":{"line":403,"column":8},"end":{"line":403,"column":21}},"loc":{"start":{"line":403,"column":84},"end":{"line":528,"column":null}},"line":403},"17":{"name":"(anonymous_17)","decl":{"start":{"line":405,"column":42},"end":{"line":405,"column":49}},"loc":{"start":{"line":405,"column":49},"end":{"line":527,"column":null}},"line":405},"18":{"name":"(anonymous_18)","decl":{"start":{"line":455,"column":36},"end":{"line":455,"column":37}},"loc":{"start":{"line":455,"column":47},"end":{"line":459,"column":null}},"line":455},"19":{"name":"(anonymous_19)","decl":{"start":{"line":472,"column":16},"end":{"line":472,"column":17}},"loc":{"start":{"line":473,"column":18},"end":{"line":474,"column":null}},"line":473},"20":{"name":"deletePeriod","decl":{"start":{"line":530,"column":8},"end":{"line":530,"column":21}},"loc":{"start":{"line":530,"column":69},"end":{"line":540,"column":null}},"line":530},"21":{"name":"(anonymous_21)","decl":{"start":{"line":532,"column":42},"end":{"line":532,"column":49}},"loc":{"start":{"line":532,"column":49},"end":{"line":539,"column":null}},"line":532},"22":{"name":"getDebts","decl":{"start":{"line":543,"column":8},"end":{"line":543,"column":17}},"loc":{"start":{"line":543,"column":90},"end":{"line":621,"column":null}},"line":543},"23":{"name":"(anonymous_23)","decl":{"start":{"line":547,"column":42},"end":{"line":547,"column":49}},"loc":{"start":{"line":547,"column":49},"end":{"line":620,"column":null}},"line":547},"24":{"name":"(anonymous_24)","decl":{"start":{"line":555,"column":32},"end":{"line":555,"column":33}},"loc":{"start":{"line":555,"column":39},"end":{"line":555,"column":null}},"line":555},"25":{"name":"(anonymous_25)","decl":{"start":{"line":601,"column":23},"end":{"line":601,"column":24}},"loc":{"start":{"line":601,"column":24},"end":{"line":619,"column":null}},"line":601},"26":{"name":"createDebt","decl":{"start":{"line":623,"column":8},"end":{"line":623,"column":19}},"loc":{"start":{"line":623,"column":78},"end":{"line":643,"column":null}},"line":623},"27":{"name":"(anonymous_27)","decl":{"start":{"line":625,"column":42},"end":{"line":625,"column":43}},"loc":{"start":{"line":625,"column":43},"end":{"line":642,"column":null}},"line":625},"28":{"name":"recordCashCollection","decl":{"start":{"line":646,"column":8},"end":{"line":646,"column":29}},"loc":{"start":{"line":646,"column":116},"end":{"line":691,"column":null}},"line":646},"29":{"name":"(anonymous_29)","decl":{"start":{"line":648,"column":42},"end":{"line":648,"column":49}},"loc":{"start":{"line":648,"column":49},"end":{"line":690,"column":null}},"line":648},"30":{"name":"dischargeResident","decl":{"start":{"line":693,"column":8},"end":{"line":693,"column":26}},"loc":{"start":{"line":693,"column":145},"end":{"line":720,"column":null}},"line":693},"31":{"name":"(anonymous_31)","decl":{"start":{"line":695,"column":42},"end":{"line":695,"column":49}},"loc":{"start":{"line":695,"column":49},"end":{"line":719,"column":null}},"line":695},"32":{"name":"(anonymous_32)","decl":{"start":{"line":710,"column":39},"end":{"line":710,"column":40}},"loc":{"start":{"line":710,"column":46},"end":{"line":710,"column":60}},"line":710},"33":{"name":"getPendingPayments","decl":{"start":{"line":723,"column":8},"end":{"line":723,"column":27}},"loc":{"start":{"line":723,"column":71},"end":{"line":731,"column":null}},"line":723},"34":{"name":"(anonymous_34)","decl":{"start":{"line":725,"column":42},"end":{"line":725,"column":43}},"loc":{"start":{"line":726,"column":6},"end":{"line":729,"column":null}},"line":726},"35":{"name":"approvePayment","decl":{"start":{"line":733,"column":8},"end":{"line":733,"column":23}},"loc":{"start":{"line":733,"column":105},"end":{"line":790,"column":null}},"line":733},"36":{"name":"(anonymous_36)","decl":{"start":{"line":735,"column":42},"end":{"line":735,"column":49}},"loc":{"start":{"line":735,"column":49},"end":{"line":789,"column":null}},"line":735},"37":{"name":"rejectPayment","decl":{"start":{"line":792,"column":8},"end":{"line":792,"column":22}},"loc":{"start":{"line":792,"column":83},"end":{"line":820,"column":null}},"line":792},"38":{"name":"(anonymous_38)","decl":{"start":{"line":794,"column":42},"end":{"line":794,"column":49}},"loc":{"start":{"line":794,"column":49},"end":{"line":819,"column":null}},"line":794},"39":{"name":"createPayment","decl":{"start":{"line":822,"column":8},"end":{"line":822,"column":22}},"loc":{"start":{"line":822,"column":104},"end":{"line":878,"column":null}},"line":822},"40":{"name":"(anonymous_40)","decl":{"start":{"line":824,"column":42},"end":{"line":824,"column":49}},"loc":{"start":{"line":824,"column":49},"end":{"line":877,"column":null}},"line":824},"41":{"name":"getAccounts","decl":{"start":{"line":881,"column":8},"end":{"line":881,"column":20}},"loc":{"start":{"line":881,"column":71},"end":{"line":889,"column":null}},"line":881},"42":{"name":"(anonymous_42)","decl":{"start":{"line":883,"column":42},"end":{"line":883,"column":43}},"loc":{"start":{"line":884,"column":6},"end":{"line":887,"column":null}},"line":884},"43":{"name":"getExpenses","decl":{"start":{"line":891,"column":8},"end":{"line":891,"column":20}},"loc":{"start":{"line":891,"column":64},"end":{"line":899,"column":null}},"line":891},"44":{"name":"(anonymous_44)","decl":{"start":{"line":893,"column":42},"end":{"line":893,"column":43}},"loc":{"start":{"line":894,"column":6},"end":{"line":897,"column":null}},"line":894},"45":{"name":"getSummary","decl":{"start":{"line":902,"column":8},"end":{"line":902,"column":19}},"loc":{"start":{"line":902,"column":62},"end":{"line":936,"column":null}},"line":902},"46":{"name":"(anonymous_46)","decl":{"start":{"line":906,"column":42},"end":{"line":906,"column":49}},"loc":{"start":{"line":906,"column":49},"end":{"line":935,"column":null}},"line":906},"47":{"name":"constructor","decl":{"start":{"line":31,"column":2},"end":{"line":31,"column":null}},"loc":{"start":{"line":50,"column":4},"end":{"line":50,"column":null}},"line":50}},"branchMap":{"0":{"loc":{"start":{"line":57,"column":21},"end":{"line":57,"column":null}},"type":"binary-expr","locations":[{"start":{"line":57,"column":21},"end":{"line":57,"column":40}},{"start":{"line":57,"column":40},"end":{"line":57,"column":null}}],"line":57},"1":{"loc":{"start":{"line":58,"column":4},"end":{"line":60,"column":null}},"type":"if","locations":[{"start":{"line":58,"column":4},"end":{"line":60,"column":null}},{"start":{},"end":{}}],"line":58},"2":{"loc":{"start":{"line":71,"column":6},"end":{"line":75,"column":null}},"type":"if","locations":[{"start":{"line":71,"column":6},"end":{"line":75,"column":null}},{"start":{"line":73,"column":13},"end":{"line":75,"column":null}}],"line":71},"3":{"loc":{"start":{"line":88,"column":6},"end":{"line":88,"column":null}},"type":"if","locations":[{"start":{"line":88,"column":6},"end":{"line":88,"column":null}},{"start":{},"end":{}}],"line":88},"4":{"loc":{"start":{"line":90,"column":25},"end":{"line":91,"column":null}},"type":"binary-expr","locations":[{"start":{"line":90,"column":25},"end":{"line":90,"column":null}},{"start":{"line":91,"column":11},"end":{"line":91,"column":null}}],"line":90},"5":{"loc":{"start":{"line":93,"column":6},"end":{"line":93,"column":null}},"type":"if","locations":[{"start":{"line":93,"column":6},"end":{"line":93,"column":null}},{"start":{},"end":{}}],"line":93},"6":{"loc":{"start":{"line":99,"column":6},"end":{"line":111,"column":null}},"type":"if","locations":[{"start":{"line":99,"column":6},"end":{"line":111,"column":null}},{"start":{},"end":{}}],"line":99},"7":{"loc":{"start":{"line":214,"column":6},"end":{"line":256,"column":null}},"type":"if","locations":[{"start":{"line":214,"column":6},"end":{"line":256,"column":null}},{"start":{"line":237,"column":13},"end":{"line":256,"column":null}}],"line":214},"8":{"loc":{"start":{"line":217,"column":23},"end":{"line":217,"column":84}},"type":"cond-expr","locations":[{"start":{"line":217,"column":55},"end":{"line":217,"column":65}},{"start":{"line":217,"column":68},"end":{"line":217,"column":84}}],"line":217},"9":{"loc":{"start":{"line":217,"column":23},"end":{"line":217,"column":55}},"type":"binary-expr","locations":[{"start":{"line":217,"column":23},"end":{"line":217,"column":30}},{"start":{"line":217,"column":34},"end":{"line":217,"column":55}}],"line":217},"10":{"loc":{"start":{"line":230,"column":26},"end":{"line":230,"column":null}},"type":"cond-expr","locations":[{"start":{"line":230,"column":35},"end":{"line":230,"column":42}},{"start":{"line":230,"column":42},"end":{"line":230,"column":null}}],"line":230},"11":{"loc":{"start":{"line":232,"column":22},"end":{"line":232,"column":null}},"type":"cond-expr","locations":[{"start":{"line":232,"column":31},"end":{"line":232,"column":40}},{"start":{"line":232,"column":40},"end":{"line":232,"column":null}}],"line":232},"12":{"loc":{"start":{"line":233,"column":24},"end":{"line":233,"column":null}},"type":"cond-expr","locations":[{"start":{"line":233,"column":33},"end":{"line":233,"column":58}},{"start":{"line":233,"column":58},"end":{"line":233,"column":null}}],"line":233},"13":{"loc":{"start":{"line":249,"column":26},"end":{"line":249,"column":null}},"type":"cond-expr","locations":[{"start":{"line":249,"column":36},"end":{"line":249,"column":43}},{"start":{"line":249,"column":43},"end":{"line":249,"column":null}}],"line":249},"14":{"loc":{"start":{"line":251,"column":22},"end":{"line":251,"column":null}},"type":"cond-expr","locations":[{"start":{"line":251,"column":32},"end":{"line":251,"column":41}},{"start":{"line":251,"column":41},"end":{"line":251,"column":null}}],"line":251},"15":{"loc":{"start":{"line":252,"column":24},"end":{"line":252,"column":null}},"type":"cond-expr","locations":[{"start":{"line":252,"column":34},"end":{"line":252,"column":59}},{"start":{"line":252,"column":59},"end":{"line":252,"column":null}}],"line":252},"16":{"loc":{"start":{"line":264,"column":18},"end":{"line":264,"column":null}},"type":"binary-expr","locations":[{"start":{"line":264,"column":18},"end":{"line":264,"column":40}},{"start":{"line":264,"column":40},"end":{"line":264,"column":null}}],"line":264},"17":{"loc":{"start":{"line":265,"column":16},"end":{"line":265,"column":null}},"type":"binary-expr","locations":[{"start":{"line":265,"column":16},"end":{"line":265,"column":40}},{"start":{"line":265,"column":40},"end":{"line":265,"column":null}}],"line":265},"18":{"loc":{"start":{"line":266,"column":24},"end":{"line":266,"column":null}},"type":"binary-expr","locations":[{"start":{"line":266,"column":24},"end":{"line":266,"column":56}},{"start":{"line":266,"column":56},"end":{"line":266,"column":null}}],"line":266},"19":{"loc":{"start":{"line":275,"column":18},"end":{"line":275,"column":null}},"type":"binary-expr","locations":[{"start":{"line":275,"column":18},"end":{"line":275,"column":40}},{"start":{"line":275,"column":40},"end":{"line":275,"column":null}}],"line":275},"20":{"loc":{"start":{"line":276,"column":16},"end":{"line":276,"column":null}},"type":"binary-expr","locations":[{"start":{"line":276,"column":16},"end":{"line":276,"column":40}},{"start":{"line":276,"column":40},"end":{"line":276,"column":null}}],"line":276},"21":{"loc":{"start":{"line":277,"column":24},"end":{"line":277,"column":null}},"type":"binary-expr","locations":[{"start":{"line":277,"column":24},"end":{"line":277,"column":56}},{"start":{"line":277,"column":56},"end":{"line":277,"column":null}}],"line":277},"22":{"loc":{"start":{"line":286,"column":18},"end":{"line":286,"column":null}},"type":"binary-expr","locations":[{"start":{"line":286,"column":18},"end":{"line":286,"column":40}},{"start":{"line":286,"column":40},"end":{"line":286,"column":null}}],"line":286},"23":{"loc":{"start":{"line":287,"column":16},"end":{"line":287,"column":null}},"type":"binary-expr","locations":[{"start":{"line":287,"column":16},"end":{"line":287,"column":40}},{"start":{"line":287,"column":40},"end":{"line":287,"column":null}}],"line":287},"24":{"loc":{"start":{"line":288,"column":24},"end":{"line":288,"column":null}},"type":"binary-expr","locations":[{"start":{"line":288,"column":24},"end":{"line":288,"column":56}},{"start":{"line":288,"column":56},"end":{"line":288,"column":null}}],"line":288},"25":{"loc":{"start":{"line":310,"column":6},"end":{"line":322,"column":null}},"type":"if","locations":[{"start":{"line":310,"column":6},"end":{"line":322,"column":null}},{"start":{},"end":{}}],"line":310},"26":{"loc":{"start":{"line":332,"column":6},"end":{"line":336,"column":null}},"type":"if","locations":[{"start":{"line":332,"column":6},"end":{"line":336,"column":null}},{"start":{"line":334,"column":13},"end":{"line":336,"column":null}}],"line":332},"27":{"loc":{"start":{"line":342,"column":50},"end":{"line":342,"column":63}},"type":"default-arg","locations":[{"start":{"line":342,"column":58},"end":{"line":342,"column":63}}],"line":342},"28":{"loc":{"start":{"line":358,"column":4},"end":{"line":363,"column":null}},"type":"if","locations":[{"start":{"line":358,"column":4},"end":{"line":363,"column":null}},{"start":{},"end":{}}],"line":358},"29":{"loc":{"start":{"line":358,"column":8},"end":{"line":358,"column":34}},"type":"binary-expr","locations":[{"start":{"line":358,"column":8},"end":{"line":358,"column":26}},{"start":{"line":358,"column":26},"end":{"line":358,"column":34}}],"line":358},"30":{"loc":{"start":{"line":366,"column":19},"end":{"line":366,"column":null}},"type":"binary-expr","locations":[{"start":{"line":366,"column":19},"end":{"line":366,"column":38}},{"start":{"line":366,"column":42},"end":{"line":366,"column":null}}],"line":366},"31":{"loc":{"start":{"line":374,"column":16},"end":{"line":374,"column":null}},"type":"binary-expr","locations":[{"start":{"line":374,"column":16},"end":{"line":374,"column":54}},{"start":{"line":374,"column":54},"end":{"line":374,"column":null}}],"line":374},"32":{"loc":{"start":{"line":375,"column":25},"end":{"line":375,"column":null}},"type":"binary-expr","locations":[{"start":{"line":375,"column":25},"end":{"line":375,"column":49}},{"start":{"line":375,"column":53},"end":{"line":375,"column":null}}],"line":375},"33":{"loc":{"start":{"line":411,"column":27},"end":{"line":411,"column":null}},"type":"binary-expr","locations":[{"start":{"line":411,"column":27},"end":{"line":411,"column":37}},{"start":{"line":411,"column":41},"end":{"line":411,"column":null}}],"line":411},"34":{"loc":{"start":{"line":412,"column":6},"end":{"line":414,"column":null}},"type":"if","locations":[{"start":{"line":412,"column":6},"end":{"line":414,"column":null}},{"start":{},"end":{}}],"line":412},"35":{"loc":{"start":{"line":423,"column":22},"end":{"line":423,"column":null}},"type":"cond-expr","locations":[{"start":{"line":423,"column":54},"end":{"line":423,"column":61}},{"start":{"line":423,"column":64},"end":{"line":423,"column":null}}],"line":423},"36":{"loc":{"start":{"line":423,"column":22},"end":{"line":423,"column":54}},"type":"binary-expr","locations":[{"start":{"line":423,"column":22},"end":{"line":423,"column":29}},{"start":{"line":423,"column":33},"end":{"line":423,"column":54}}],"line":423},"37":{"loc":{"start":{"line":429,"column":25},"end":{"line":429,"column":null}},"type":"cond-expr","locations":[{"start":{"line":429,"column":51},"end":{"line":429,"column":70}},{"start":{"line":429,"column":73},"end":{"line":429,"column":null}}],"line":429},"38":{"loc":{"start":{"line":432,"column":6},"end":{"line":434,"column":null}},"type":"if","locations":[{"start":{"line":432,"column":6},"end":{"line":434,"column":null}},{"start":{},"end":{}}],"line":432},"39":{"loc":{"start":{"line":432,"column":10},"end":{"line":432,"column":86}},"type":"binary-expr","locations":[{"start":{"line":432,"column":10},"end":{"line":432,"column":51}},{"start":{"line":432,"column":51},"end":{"line":432,"column":66}},{"start":{"line":432,"column":70},"end":{"line":432,"column":86}}],"line":432},"40":{"loc":{"start":{"line":445,"column":6},"end":{"line":524,"column":null}},"type":"if","locations":[{"start":{"line":445,"column":6},"end":{"line":524,"column":null}},{"start":{},"end":{}}],"line":445},"41":{"loc":{"start":{"line":448,"column":39},"end":{"line":448,"column":null}},"type":"binary-expr","locations":[{"start":{"line":448,"column":39},"end":{"line":448,"column":53}},{"start":{"line":448,"column":58},"end":{"line":448,"column":89}}],"line":448},"42":{"loc":{"start":{"line":448,"column":58},"end":{"line":448,"column":89}},"type":"cond-expr","locations":[{"start":{"line":448,"column":70},"end":{"line":448,"column":80}},{"start":{"line":448,"column":80},"end":{"line":448,"column":89}}],"line":448},"43":{"loc":{"start":{"line":450,"column":8},"end":{"line":519,"column":null}},"type":"if","locations":[{"start":{"line":450,"column":8},"end":{"line":519,"column":null}},{"start":{"line":500,"column":15},"end":{"line":519,"column":null}}],"line":450},"44":{"loc":{"start":{"line":452,"column":29},"end":{"line":452,"column":null}},"type":"binary-expr","locations":[{"start":{"line":452,"column":29},"end":{"line":452,"column":48}},{"start":{"line":452,"column":52},"end":{"line":452,"column":null}}],"line":452},"45":{"loc":{"start":{"line":470,"column":12},"end":{"line":477,"column":null}},"type":"if","locations":[{"start":{"line":470,"column":12},"end":{"line":477,"column":null}},{"start":{},"end":{}}],"line":470},"46":{"loc":{"start":{"line":473,"column":18},"end":{"line":474,"column":null}},"type":"binary-expr","locations":[{"start":{"line":473,"column":18},"end":{"line":473,"column":null}},{"start":{"line":474,"column":19},"end":{"line":474,"column":49}},{"start":{"line":474,"column":49},"end":{"line":474,"column":73}}],"line":473},"47":{"loc":{"start":{"line":476,"column":14},"end":{"line":476,"column":null}},"type":"if","locations":[{"start":{"line":476,"column":14},"end":{"line":476,"column":null}},{"start":{},"end":{}}],"line":476},"48":{"loc":{"start":{"line":479,"column":30},"end":{"line":481,"column":49}},"type":"cond-expr","locations":[{"start":{"line":480,"column":16},"end":{"line":480,"column":53}},{"start":{"line":481,"column":16},"end":{"line":481,"column":49}}],"line":479},"49":{"loc":{"start":{"line":491,"column":26},"end":{"line":491,"column":null}},"type":"binary-expr","locations":[{"start":{"line":491,"column":26},"end":{"line":491,"column":38}},{"start":{"line":491,"column":42},"end":{"line":491,"column":null}}],"line":491},"50":{"loc":{"start":{"line":510,"column":26},"end":{"line":510,"column":null}},"type":"binary-expr","locations":[{"start":{"line":510,"column":26},"end":{"line":510,"column":38}},{"start":{"line":510,"column":42},"end":{"line":510,"column":null}}],"line":510},"51":{"loc":{"start":{"line":521,"column":8},"end":{"line":523,"column":null}},"type":"if","locations":[{"start":{"line":521,"column":8},"end":{"line":523,"column":null}},{"start":{},"end":{}}],"line":521},"52":{"loc":{"start":{"line":552,"column":6},"end":{"line":599,"column":null}},"type":"if","locations":[{"start":{"line":552,"column":6},"end":{"line":599,"column":null}},{"start":{"line":584,"column":13},"end":{"line":599,"column":null}}],"line":552},"53":{"loc":{"start":{"line":554,"column":26},"end":{"line":556,"column":59}},"type":"cond-expr","locations":[{"start":{"line":555,"column":12},"end":{"line":555,"column":null}},{"start":{"line":556,"column":13},"end":{"line":556,"column":59}}],"line":554},"54":{"loc":{"start":{"line":554,"column":26},"end":{"line":554,"column":null}},"type":"binary-expr","locations":[{"start":{"line":554,"column":26},"end":{"line":554,"column":47}},{"start":{"line":554,"column":47},"end":{"line":554,"column":null}}],"line":554},"55":{"loc":{"start":{"line":556,"column":13},"end":{"line":556,"column":59}},"type":"cond-expr","locations":[{"start":{"line":556,"column":31},"end":{"line":556,"column":57}},{"start":{"line":556,"column":57},"end":{"line":556,"column":59}}],"line":556},"56":{"loc":{"start":{"line":558,"column":8},"end":{"line":583,"column":null}},"type":"if","locations":[{"start":{"line":558,"column":8},"end":{"line":583,"column":null}},{"start":{"line":569,"column":15},"end":{"line":583,"column":null}}],"line":558},"57":{"loc":{"start":{"line":558,"column":12},"end":{"line":558,"column":51}},"type":"binary-expr","locations":[{"start":{"line":558,"column":12},"end":{"line":558,"column":20}},{"start":{"line":558,"column":20},"end":{"line":558,"column":35}},{"start":{"line":558,"column":35},"end":{"line":558,"column":51}}],"line":558},"58":{"loc":{"start":{"line":571,"column":31},"end":{"line":571,"column":null}},"type":"cond-expr","locations":[{"start":{"line":571,"column":54},"end":{"line":571,"column":66}},{"start":{"line":571,"column":66},"end":{"line":571,"column":null}}],"line":571},"59":{"loc":{"start":{"line":584,"column":13},"end":{"line":599,"column":null}},"type":"if","locations":[{"start":{"line":584,"column":13},"end":{"line":599,"column":null}},{"start":{"line":593,"column":13},"end":{"line":599,"column":null}}],"line":584},"60":{"loc":{"start":{"line":584,"column":17},"end":{"line":584,"column":56}},"type":"binary-expr","locations":[{"start":{"line":584,"column":17},"end":{"line":584,"column":25}},{"start":{"line":584,"column":25},"end":{"line":584,"column":40}},{"start":{"line":584,"column":40},"end":{"line":584,"column":56}}],"line":584},"61":{"loc":{"start":{"line":602,"column":8},"end":{"line":617,"column":null}},"type":"if","locations":[{"start":{"line":602,"column":8},"end":{"line":617,"column":null}},{"start":{},"end":{}}],"line":602},"62":{"loc":{"start":{"line":602,"column":12},"end":{"line":602,"column":44}},"type":"binary-expr","locations":[{"start":{"line":602,"column":12},"end":{"line":602,"column":35}},{"start":{"line":602,"column":35},"end":{"line":602,"column":44}}],"line":602},"63":{"loc":{"start":{"line":605,"column":31},"end":{"line":605,"column":null}},"type":"binary-expr","locations":[{"start":{"line":605,"column":31},"end":{"line":605,"column":43}},{"start":{"line":605,"column":47},"end":{"line":605,"column":null}}],"line":605},"64":{"loc":{"start":{"line":607,"column":32},"end":{"line":607,"column":null}},"type":"binary-expr","locations":[{"start":{"line":607,"column":32},"end":{"line":607,"column":57}},{"start":{"line":607,"column":57},"end":{"line":607,"column":null}}],"line":607},"65":{"loc":{"start":{"line":611,"column":10},"end":{"line":616,"column":null}},"type":"if","locations":[{"start":{"line":611,"column":10},"end":{"line":616,"column":null}},{"start":{},"end":{}}],"line":611},"66":{"loc":{"start":{"line":629,"column":16},"end":{"line":629,"column":null}},"type":"binary-expr","locations":[{"start":{"line":629,"column":16},"end":{"line":629,"column":26}},{"start":{"line":629,"column":30},"end":{"line":629,"column":null}}],"line":629},"67":{"loc":{"start":{"line":630,"column":18},"end":{"line":630,"column":null}},"type":"binary-expr","locations":[{"start":{"line":630,"column":18},"end":{"line":630,"column":30}},{"start":{"line":630,"column":34},"end":{"line":630,"column":null}}],"line":630},"68":{"loc":{"start":{"line":632,"column":22},"end":{"line":632,"column":null}},"type":"binary-expr","locations":[{"start":{"line":632,"column":22},"end":{"line":632,"column":38}},{"start":{"line":632,"column":42},"end":{"line":632,"column":null}}],"line":632},"69":{"loc":{"start":{"line":634,"column":18},"end":{"line":634,"column":null}},"type":"binary-expr","locations":[{"start":{"line":634,"column":18},"end":{"line":634,"column":30}},{"start":{"line":634,"column":34},"end":{"line":634,"column":null}}],"line":634},"70":{"loc":{"start":{"line":635,"column":20},"end":{"line":635,"column":null}},"type":"binary-expr","locations":[{"start":{"line":635,"column":20},"end":{"line":635,"column":34}},{"start":{"line":635,"column":38},"end":{"line":635,"column":null}}],"line":635},"71":{"loc":{"start":{"line":654,"column":6},"end":{"line":663,"column":null}},"type":"if","locations":[{"start":{"line":654,"column":6},"end":{"line":663,"column":null}},{"start":{},"end":{}}],"line":654},"72":{"loc":{"start":{"line":656,"column":8},"end":{"line":662,"column":null}},"type":"if","locations":[{"start":{"line":656,"column":8},"end":{"line":662,"column":null}},{"start":{},"end":{}}],"line":656},"73":{"loc":{"start":{"line":657,"column":25},"end":{"line":657,"column":null}},"type":"binary-expr","locations":[{"start":{"line":657,"column":25},"end":{"line":657,"column":41}},{"start":{"line":657,"column":41},"end":{"line":657,"column":58}},{"start":{"line":657,"column":62},"end":{"line":657,"column":null}}],"line":657},"74":{"loc":{"start":{"line":667,"column":16},"end":{"line":667,"column":null}},"type":"binary-expr","locations":[{"start":{"line":667,"column":16},"end":{"line":667,"column":26}},{"start":{"line":667,"column":30},"end":{"line":667,"column":null}}],"line":667},"75":{"loc":{"start":{"line":669,"column":22},"end":{"line":669,"column":null}},"type":"binary-expr","locations":[{"start":{"line":669,"column":22},"end":{"line":669,"column":38}},{"start":{"line":669,"column":38},"end":{"line":669,"column":null}}],"line":669},"76":{"loc":{"start":{"line":673,"column":15},"end":{"line":673,"column":null}},"type":"binary-expr","locations":[{"start":{"line":673,"column":15},"end":{"line":673,"column":24}},{"start":{"line":673,"column":28},"end":{"line":673,"column":null}}],"line":673},"77":{"loc":{"start":{"line":675,"column":20},"end":{"line":675,"column":null}},"type":"cond-expr","locations":[{"start":{"line":675,"column":63},"end":{"line":675,"column":76}},{"start":{"line":675,"column":76},"end":{"line":675,"column":null}}],"line":675},"78":{"loc":{"start":{"line":675,"column":20},"end":{"line":675,"column":63}},"type":"binary-expr","locations":[{"start":{"line":675,"column":20},"end":{"line":675,"column":21}},{"start":{"line":675,"column":35},"end":{"line":675,"column":63}}],"line":675},"79":{"loc":{"start":{"line":681,"column":8},"end":{"line":682,"column":null}},"type":"binary-expr","locations":[{"start":{"line":681,"column":8},"end":{"line":681,"column":null}},{"start":{"line":682,"column":9},"end":{"line":682,"column":null}}],"line":681},"80":{"loc":{"start":{"line":683,"column":6},"end":{"line":687,"column":null}},"type":"if","locations":[{"start":{"line":683,"column":6},"end":{"line":687,"column":null}},{"start":{},"end":{}}],"line":683},"81":{"loc":{"start":{"line":700,"column":6},"end":{"line":702,"column":null}},"type":"if","locations":[{"start":{"line":700,"column":6},"end":{"line":702,"column":null}},{"start":{},"end":{}}],"line":700},"82":{"loc":{"start":{"line":709,"column":6},"end":{"line":712,"column":null}},"type":"if","locations":[{"start":{"line":709,"column":6},"end":{"line":712,"column":null}},{"start":{},"end":{}}],"line":709},"83":{"loc":{"start":{"line":741,"column":6},"end":{"line":743,"column":null}},"type":"if","locations":[{"start":{"line":741,"column":6},"end":{"line":743,"column":null}},{"start":{},"end":{}}],"line":741},"84":{"loc":{"start":{"line":746,"column":27},"end":{"line":746,"column":null}},"type":"binary-expr","locations":[{"start":{"line":746,"column":27},"end":{"line":746,"column":41}},{"start":{"line":746,"column":41},"end":{"line":746,"column":null}}],"line":746},"85":{"loc":{"start":{"line":751,"column":6},"end":{"line":759,"column":null}},"type":"if","locations":[{"start":{"line":751,"column":6},"end":{"line":759,"column":null}},{"start":{},"end":{}}],"line":751},"86":{"loc":{"start":{"line":753,"column":8},"end":{"line":758,"column":null}},"type":"if","locations":[{"start":{"line":753,"column":8},"end":{"line":758,"column":null}},{"start":{},"end":{}}],"line":753},"87":{"loc":{"start":{"line":762,"column":25},"end":{"line":763,"column":null}},"type":"binary-expr","locations":[{"start":{"line":762,"column":25},"end":{"line":762,"column":null}},{"start":{"line":763,"column":11},"end":{"line":763,"column":null}}],"line":762},"88":{"loc":{"start":{"line":765,"column":6},"end":{"line":769,"column":null}},"type":"if","locations":[{"start":{"line":765,"column":6},"end":{"line":769,"column":null}},{"start":{},"end":{}}],"line":765},"89":{"loc":{"start":{"line":773,"column":16},"end":{"line":773,"column":null}},"type":"binary-expr","locations":[{"start":{"line":773,"column":16},"end":{"line":773,"column":30}},{"start":{"line":773,"column":30},"end":{"line":773,"column":null}}],"line":773},"90":{"loc":{"start":{"line":797,"column":6},"end":{"line":799,"column":null}},"type":"if","locations":[{"start":{"line":797,"column":6},"end":{"line":799,"column":null}},{"start":{},"end":{}}],"line":797},"91":{"loc":{"start":{"line":829,"column":6},"end":{"line":834,"column":null}},"type":"if","locations":[{"start":{"line":829,"column":6},"end":{"line":834,"column":null}},{"start":{},"end":{}}],"line":829},"92":{"loc":{"start":{"line":831,"column":8},"end":{"line":833,"column":null}},"type":"if","locations":[{"start":{"line":831,"column":8},"end":{"line":833,"column":null}},{"start":{},"end":{}}],"line":831},"93":{"loc":{"start":{"line":832,"column":25},"end":{"line":832,"column":null}},"type":"binary-expr","locations":[{"start":{"line":832,"column":25},"end":{"line":832,"column":42}},{"start":{"line":832,"column":46},"end":{"line":832,"column":null}}],"line":832},"94":{"loc":{"start":{"line":838,"column":16},"end":{"line":838,"column":null}},"type":"binary-expr","locations":[{"start":{"line":838,"column":16},"end":{"line":838,"column":26}},{"start":{"line":838,"column":26},"end":{"line":838,"column":null}}],"line":838},"95":{"loc":{"start":{"line":839,"column":16},"end":{"line":839,"column":null}},"type":"binary-expr","locations":[{"start":{"line":839,"column":16},"end":{"line":839,"column":26}},{"start":{"line":839,"column":30},"end":{"line":839,"column":null}}],"line":839},"96":{"loc":{"start":{"line":841,"column":22},"end":{"line":841,"column":null}},"type":"binary-expr","locations":[{"start":{"line":841,"column":22},"end":{"line":841,"column":38}},{"start":{"line":841,"column":38},"end":{"line":841,"column":null}}],"line":841},"97":{"loc":{"start":{"line":844,"column":21},"end":{"line":844,"column":null}},"type":"binary-expr","locations":[{"start":{"line":844,"column":21},"end":{"line":844,"column":36}},{"start":{"line":844,"column":40},"end":{"line":844,"column":null}}],"line":844},"98":{"loc":{"start":{"line":845,"column":20},"end":{"line":845,"column":null}},"type":"binary-expr","locations":[{"start":{"line":845,"column":20},"end":{"line":845,"column":34}},{"start":{"line":845,"column":38},"end":{"line":845,"column":null}}],"line":845},"99":{"loc":{"start":{"line":846,"column":15},"end":{"line":846,"column":null}},"type":"binary-expr","locations":[{"start":{"line":846,"column":15},"end":{"line":846,"column":24}},{"start":{"line":846,"column":28},"end":{"line":846,"column":null}}],"line":846},"100":{"loc":{"start":{"line":847,"column":16},"end":{"line":847,"column":null}},"type":"cond-expr","locations":[{"start":{"line":847,"column":76},"end":{"line":847,"column":89}},{"start":{"line":847,"column":89},"end":{"line":847,"column":null}}],"line":847},"101":{"loc":{"start":{"line":847,"column":16},"end":{"line":847,"column":76}},"type":"binary-expr","locations":[{"start":{"line":847,"column":16},"end":{"line":847,"column":50}},{"start":{"line":847,"column":50},"end":{"line":847,"column":76}}],"line":847},"102":{"loc":{"start":{"line":853,"column":6},"end":{"line":874,"column":null}},"type":"if","locations":[{"start":{"line":853,"column":6},"end":{"line":874,"column":null}},{"start":{},"end":{}}],"line":853},"103":{"loc":{"start":{"line":854,"column":8},"end":{"line":862,"column":null}},"type":"if","locations":[{"start":{"line":854,"column":8},"end":{"line":862,"column":null}},{"start":{},"end":{}}],"line":854},"104":{"loc":{"start":{"line":856,"column":10},"end":{"line":861,"column":null}},"type":"if","locations":[{"start":{"line":856,"column":10},"end":{"line":861,"column":null}},{"start":{},"end":{}}],"line":856},"105":{"loc":{"start":{"line":865,"column":26},"end":{"line":867,"column":null}},"type":"cond-expr","locations":[{"start":{"line":866,"column":12},"end":{"line":866,"column":null}},{"start":{"line":867,"column":12},"end":{"line":867,"column":null}}],"line":865},"106":{"loc":{"start":{"line":866,"column":12},"end":{"line":866,"column":null}},"type":"binary-expr","locations":[{"start":{"line":866,"column":12},"end":{"line":866,"column":80}},{"start":{"line":866,"column":80},"end":{"line":866,"column":null}}],"line":866},"107":{"loc":{"start":{"line":869,"column":8},"end":{"line":873,"column":null}},"type":"if","locations":[{"start":{"line":869,"column":8},"end":{"line":873,"column":null}},{"start":{},"end":{}}],"line":869},"108":{"loc":{"start":{"line":930,"column":26},"end":{"line":930,"column":null}},"type":"binary-expr","locations":[{"start":{"line":930,"column":26},"end":{"line":930,"column":48}},{"start":{"line":930,"column":48},"end":{"line":930,"column":null}}],"line":930}},"s":{"0":0,"1":13,"2":13,"3":0,"4":13,"5":15,"6":15,"7":15,"8":15,"9":15,"10":0,"11":15,"12":15,"13":0,"14":0,"15":0,"16":0,"17":0,"18":0,"19":0,"20":0,"21":0,"22":0,"23":0,"24":0,"25":0,"26":0,"27":0,"28":0,"29":0,"30":0,"31":0,"32":0,"33":0,"34":0,"35":0,"36":0,"37":0,"38":0,"39":0,"40":0,"41":0,"42":0,"43":0,"44":0,"45":0,"46":0,"47":0,"48":0,"49":0,"50":4,"51":4,"52":4,"53":4,"54":4,"55":1,"56":1,"57":4,"58":1,"59":1,"60":1,"61":1,"62":1,"63":0,"64":1,"65":1,"66":2,"67":2,"68":2,"69":2,"70":2,"71":2,"72":2,"73":2,"74":1,"75":1,"76":1,"77":1,"78":2,"79":2,"80":2,"81":2,"82":1,"83":1,"84":1,"85":0,"86":0,"87":0,"88":1,"89":1,"90":1,"91":1,"92":1,"93":1,"94":1,"95":1,"96":1,"97":1,"98":1,"99":2,"100":2,"101":2,"102":1,"103":1,"104":1,"105":0,"106":1,"107":1,"108":1,"109":1,"110":1,"111":1,"112":1,"113":1,"114":2,"115":1,"116":1,"117":2,"118":2,"119":2,"120":2,"121":0,"122":0,"123":0,"124":0,"125":2,"126":2,"127":0,"128":0,"129":0,"130":1,"131":1,"132":1,"133":0,"134":0,"135":0,"136":0,"137":0,"138":0,"139":0,"140":0,"141":0,"142":0,"143":0,"144":0,"145":0,"146":0,"147":0,"148":0,"149":0,"150":0,"151":0,"152":0,"153":0,"154":0,"155":0,"156":0,"157":0,"158":0,"159":0,"160":0,"161":0,"162":0,"163":0,"164":0,"165":0,"166":0,"167":0,"168":0,"169":0,"170":0,"171":1,"172":1,"173":1,"174":1,"175":1,"176":1,"177":1,"178":1,"179":1,"180":1,"181":1,"182":1,"183":1,"184":1,"185":1,"186":1,"187":1,"188":0,"189":1,"190":1,"191":1,"192":1,"193":1,"194":1,"195":1,"196":1,"197":1,"198":1,"199":0,"200":1,"201":1,"202":1,"203":1,"204":2,"205":1,"206":1,"207":0,"208":0,"209":0,"210":1,"211":1,"212":1,"213":1,"214":1,"215":1,"216":1,"217":0,"218":1,"219":1,"220":1,"221":1,"222":1,"223":1,"224":1,"225":1,"226":1,"227":1,"228":1,"229":1,"230":0,"231":1,"232":1,"233":1,"234":1,"235":1,"236":1,"237":1,"238":1,"239":1,"240":1,"241":0,"242":1,"243":1,"244":1,"245":1,"246":0,"247":0,"248":0,"249":0,"250":0,"251":0,"252":0,"253":0,"254":0,"255":0,"256":0,"257":0,"258":0,"259":0,"260":0,"261":0,"262":0,"263":0,"264":0,"265":0,"266":0,"267":0,"268":0,"269":0,"270":0,"271":0,"272":0,"273":0,"274":0,"275":0,"276":0,"277":0,"278":1,"279":1,"280":1,"281":1,"282":1,"283":1,"284":1,"285":1,"286":1,"287":1,"288":1,"289":1,"290":1,"291":1,"292":9,"293":9,"294":9,"295":9,"296":9,"297":9,"298":9,"299":9,"300":9,"301":9,"302":9,"303":9},"f":{"0":99,"1":0,"2":13,"3":15,"4":0,"5":0,"6":4,"7":4,"8":1,"9":1,"10":2,"11":2,"12":1,"13":1,"14":0,"15":0,"16":1,"17":1,"18":2,"19":0,"20":0,"21":0,"22":0,"23":0,"24":0,"25":0,"26":0,"27":0,"28":1,"29":1,"30":1,"31":1,"32":2,"33":0,"34":0,"35":1,"36":1,"37":1,"38":1,"39":0,"40":0,"41":0,"42":0,"43":0,"44":0,"45":1,"46":1,"47":9},"b":{"0":[13,0],"1":[0,13],"2":[15,0],"3":[0,0],"4":[0,0],"5":[0,0],"6":[0,0],"7":[0,0],"8":[0,0],"9":[0,0],"10":[0,0],"11":[0,0],"12":[0,0],"13":[0,0],"14":[0,0],"15":[0,0],"16":[0,0],"17":[0,0],"18":[0,0],"19":[0,0],"20":[0,0],"21":[0,0],"22":[0,0],"23":[0,0],"24":[0,0],"25":[1,3],"26":[0,1],"27":[2],"28":[1,1],"29":[2,1],"30":[1,0],"31":[2,0],"32":[2,0],"33":[1,0],"34":[1,0],"35":[2,0],"36":[2,2],"37":[1,0],"38":[0,1],"39":[1,0,0],"40":[1,0],"41":[1,0],"42":[0,0],"43":[1,0],"44":[1,0],"45":[0,2],"46":[0,0,0],"47":[0,0],"48":[0,2],"49":[2,0],"50":[0,0],"51":[1,0],"52":[0,0],"53":[0,0],"54":[0,0],"55":[0,0],"56":[0,0],"57":[0,0,0],"58":[0,0],"59":[0,0],"60":[0,0,0],"61":[0,0],"62":[0,0],"63":[0,0],"64":[0,0],"65":[0,0],"66":[0,0],"67":[0,0],"68":[0,0],"69":[0,0],"70":[0,0],"71":[1,0],"72":[1,0],"73":[1,0,0],"74":[1,0],"75":[1,0],"76":[1,0],"77":[0,1],"78":[1,1],"79":[1,0],"80":[1,-1],"81":[0,1],"82":[1,0],"83":[0,1],"84":[1,0],"85":[1,0],"86":[1,0],"87":[1,0],"88":[1,-1],"89":[1,0],"90":[0,1],"91":[0,0],"92":[0,0],"93":[0,0],"94":[0,0],"95":[0,0],"96":[0,0],"97":[0,0],"98":[0,0],"99":[0,0],"100":[0,0],"101":[0,0],"102":[0,0],"103":[0,0],"104":[0,0],"105":[0,0],"106":[0,0],"107":[0,0],"108":[1,0]},"meta":{"lastBranch":109,"lastFunction":48,"lastStatement":304,"seen":{"f:25:0:25:Infinity":0,"f:52:8:52:23":1,"s:53:4:53:Infinity":0,"f:56:10:56:25":2,"s:57:21:57:Infinity":1,"b:57:21:57:40:57:40:57:Infinity":0,"b:58:4:60:Infinity:undefined:undefined:undefined:undefined":1,"s:58:4:60:Infinity":2,"s:59:6:59:Infinity":3,"s:61:4:61:Infinity":4,"f:64:16:64:Infinity":3,"s:68:24:68:Infinity":5,"s:69:4:69:Infinity":6,"s:70:4:79:Infinity":7,"b:71:6:75:Infinity:73:13:75:Infinity":2,"s:71:6:75:Infinity":8,"s:72:8:72:Infinity":9,"s:74:8:74:Infinity":10,"s:76:6:76:Infinity":11,"s:78:6:78:Infinity":12,"f:85:16:85:41":4,"s:86:4:301:Infinity":13,"s:87:26:87:Infinity":14,"b:88:6:88:Infinity:undefined:undefined:undefined:undefined":3,"s:88:6:88:Infinity":15,"s:88:27:88:Infinity":16,"s:90:25:91:Infinity":17,"b:90:25:90:Infinity:91:11:91:Infinity":4,"b:93:6:93:Infinity:undefined:undefined:undefined:undefined":5,"s:93:6:93:Infinity":18,"s:93:23:93:Infinity":19,"s:95:6:95:Infinity":20,"s:98:31:98:Infinity":21,"b:99:6:111:Infinity:undefined:undefined:undefined:undefined":6,"s:99:6:111:Infinity":22,"s:100:25:109:Infinity":23,"s:110:8:110:Infinity":24,"s:114:21:120:Infinity":25,"s:121:6:121:Infinity":26,"s:124:23:155:Infinity":27,"s:156:6:156:Infinity":28,"s:159:23:204:Infinity":29,"s:205:6:205:Infinity":30,"s:208:22:210:Infinity":31,"s:212:42:212:44":32,"b:214:6:256:Infinity:237:13:256:Infinity":7,"s:214:6:256:Infinity":33,"s:215:8:236:Infinity":34,"s:215:21:215:24":35,"s:216:20:216:30":36,"s:217:23:217:84":37,"b:217:55:217:65:217:68:217:84":8,"b:217:23:217:30:217:34:217:55":9,"s:219:25:219:Infinity":38,"s:220:10:234:Infinity":39,"b:230:35:230:42:230:42:230:Infinity":10,"b:232:31:232:40:232:40:232:Infinity":11,"b:233:33:233:58:233:58:233:Infinity":12,"s:239:8:255:Infinity":40,"s:239:21:239:24":41,"s:240:10:253:Infinity":42,"b:249:36:249:43:249:43:249:Infinity":13,"b:251:32:251:41:251:41:251:Infinity":14,"b:252:34:252:59:252:59:252:Infinity":15,"s:257:25:257:Infinity":43,"s:260:26:260:Infinity":44,"f:260:44:260:45":5,"s:260:51:260:Infinity":45,"s:261:23:295:Infinity":46,"b:264:18:264:40:264:40:264:Infinity":16,"b:265:16:265:40:265:40:265:Infinity":17,"b:266:24:266:56:266:56:266:Infinity":18,"b:275:18:275:40:275:40:275:Infinity":19,"b:276:16:276:40:276:40:276:Infinity":20,"b:277:24:277:56:277:56:277:Infinity":21,"b:286:18:286:40:286:40:286:Infinity":22,"b:287:16:287:40:287:40:287:Infinity":23,"b:288:24:288:56:288:56:288:Infinity":24,"s:296:6:296:Infinity":47,"s:298:6:298:Infinity":48,"s:300:6:300:Infinity":49,"f:305:8:305:20":6,"s:306:16:306:Infinity":50,"s:307:4:324:Infinity":51,"f:307:42:307:49":7,"s:308:19:308:Infinity":52,"s:309:21:309:Infinity":53,"b:310:6:322:Infinity:undefined:undefined:undefined:undefined":25,"s:310:6:322:Infinity":54,"s:311:8:320:Infinity":55,"s:321:8:321:Infinity":56,"s:323:6:323:Infinity":57,"f:327:8:327:23":8,"s:328:16:328:Infinity":58,"s:329:4:338:Infinity":59,"f:329:42:329:49":9,"s:330:19:330:Infinity":60,"s:331:21:331:Infinity":61,"b:332:6:336:Infinity:334:13:336:Infinity":26,"s:332:6:336:Infinity":62,"s:333:8:333:Infinity":63,"s:335:8:335:Infinity":64,"s:337:6:337:Infinity":65,"f:342:8:342:32":10,"b:342:58:342:63":27,"s:343:16:343:Infinity":66,"s:344:21:344:Infinity":67,"s:346:16:346:Infinity":68,"s:347:19:350:Infinity":69,"s:351:30:351:78":70,"s:354:27:355:Infinity":71,"f:354:79:354:86":11,"s:355:6:355:Infinity":72,"b:358:4:363:Infinity:undefined:undefined:undefined:undefined":28,"s:358:4:363:Infinity":73,"b:358:8:358:26:358:26:358:34":29,"s:359:25:360:Infinity":74,"f:359:64:359:71":12,"s:360:8:360:Infinity":75,"s:362:6:362:Infinity":76,"s:366:19:366:Infinity":77,"b:366:19:366:38:366:42:366:Infinity":30,"s:367:20:367:Infinity":78,"s:368:21:368:Infinity":79,"s:369:23:369:82":80,"s:371:26:382:Infinity":81,"b:374:16:374:54:374:54:374:Infinity":31,"b:375:25:375:49:375:53:375:Infinity":32,"s:385:23:386:Infinity":82,"f:385:62:385:69":13,"s:386:6:386:Infinity":83,"s:389:4:389:Infinity":84,"f:393:8:393:19":14,"s:394:16:394:Infinity":85,"s:395:4:399:Infinity":86,"f:395:42:395:43":15,"s:396:6:399:Infinity":87,"f:403:8:403:21":16,"s:404:16:404:Infinity":88,"s:405:4:527:Infinity":89,"f:405:42:405:49":17,"s:406:25:406:Infinity":90,"s:407:24:407:Infinity":91,"s:408:24:408:Infinity":92,"s:411:27:411:Infinity":93,"b:411:27:411:37:411:41:411:Infinity":33,"b:412:6:414:Infinity:undefined:undefined:undefined:undefined":34,"s:412:6:414:Infinity":94,"s:413:8:413:Infinity":95,"s:417:22:419:Infinity":96,"s:421:67:421:69":97,"s:422:6:427:Infinity":98,"s:423:22:423:Infinity":99,"b:423:54:423:61:423:64:423:Infinity":35,"b:423:22:423:29:423:33:423:54":36,"s:424:8:426:Infinity":100,"s:425:10:425:Infinity":101,"s:429:25:429:Infinity":102,"b:429:51:429:70:429:73:429:Infinity":37,"s:430:30:430:Infinity":103,"b:432:6:434:Infinity:undefined:undefined:undefined:undefined":38,"s:432:6:434:Infinity":104,"b:432:10:432:51:432:51:432:66:432:70:432:86":39,"s:433:8:433:Infinity":105,"s:436:21:442:Infinity":106,"s:443:26:443:Infinity":107,"b:445:6:524:Infinity:undefined:undefined:undefined:undefined":40,"s:445:6:524:Infinity":108,"s:446:39:446:41":109,"s:447:26:447:Infinity":110,"s:448:39:448:Infinity":111,"b:448:39:448:53:448:58:448:89":41,"b:448:70:448:80:448:80:448:89":42,"b:450:8:519:Infinity:500:15:519:Infinity":43,"s:450:8:519:Infinity":112,"s:451:31:462:Infinity":113,"b:452:29:452:48:452:52:452:Infinity":44,"f:455:36:455:37":18,"s:455:47:459:Infinity":114,"s:464:10:499:Infinity":115,"s:464:27:464:30":116,"s:465:26:465:45":117,"s:466:25:466:44":118,"s:469:31:469:42":119,"b:470:12:477:Infinity:undefined:undefined:undefined:undefined":45,"s:470:12:477:Infinity":120,"s:471:34:474:Infinity":121,"f:472:16:472:17":19,"s:473:18:474:Infinity":122,"b:473:18:473:Infinity:474:19:474:49:474:49:474:73":46,"b:476:14:476:Infinity:undefined:undefined:undefined:undefined":47,"s:476:14:476:Infinity":123,"s:476:31:476:Infinity":124,"s:479:30:481:49":125,"b:480:16:480:53:481:16:481:49":48,"s:483:12:497:Infinity":126,"b:491:26:491:38:491:42:491:Infinity":49,"s:502:10:518:Infinity":127,"s:502:23:502:26":128,"s:503:12:516:Infinity":129,"b:510:26:510:38:510:42:510:Infinity":50,"b:521:8:523:Infinity:undefined:undefined:undefined:undefined":51,"s:521:8:523:Infinity":130,"s:522:10:522:Infinity":131,"s:526:6:526:Infinity":132,"f:530:8:530:21":20,"s:531:16:531:Infinity":133,"s:532:4:539:Infinity":134,"f:532:42:532:49":21,"s:533:25:533:Infinity":135,"s:534:24:534:Infinity":136,"s:536:6:536:Infinity":137,"s:537:6:537:Infinity":138,"s:538:6:538:Infinity":139,"f:543:8:543:17":22,"s:544:16:544:Infinity":140,"s:545:21:545:Infinity":141,"s:547:4:620:Infinity":142,"f:547:42:547:49":23,"s:548:23:548:Infinity":143,"s:549:23:549:Infinity":144,"s:550:32:550:34":145,"b:552:6:599:Infinity:584:13:599:Infinity":52,"s:552:6:599:Infinity":146,"s:553:26:553:Infinity":147,"s:554:26:556:59":148,"b:555:12:555:Infinity:556:13:556:59":53,"b:554:26:554:47:554:47:554:Infinity":54,"f:555:32:555:33":24,"s:555:39:555:Infinity":149,"b:556:31:556:57:556:57:556:59":55,"b:558:8:583:Infinity:569:15:583:Infinity":56,"s:558:8:583:Infinity":150,"b:558:12:558:20:558:20:558:35:558:35:558:51":57,"s:560:10:568:Infinity":151,"s:571:31:571:Infinity":152,"b:571:54:571:66:571:66:571:Infinity":58,"s:572:10:582:Infinity":153,"b:584:13:599:Infinity:593:13:599:Infinity":59,"s:584:13:599:Infinity":154,"b:584:17:584:25:584:25:584:40:584:40:584:56":60,"s:585:8:592:Infinity":155,"s:594:8:598:Infinity":156,"s:601:6:619:Infinity":157,"f:601:23:601:24":25,"b:602:8:617:Infinity:undefined:undefined:undefined:undefined":61,"s:602:8:617:Infinity":158,"b:602:12:602:35:602:35:602:44":62,"s:603:27:610:Infinity":159,"b:605:31:605:43:605:47:605:Infinity":63,"b:607:32:607:57:607:57:607:Infinity":64,"b:611:10:616:Infinity:undefined:undefined:undefined:undefined":65,"s:611:10:616:Infinity":160,"s:612:13:612:Infinity":161,"s:613:13:613:Infinity":162,"s:614:13:614:Infinity":163,"s:615:13:615:Infinity":164,"s:618:8:618:Infinity":165,"f:623:8:623:19":26,"s:624:16:624:Infinity":166,"s:625:4:642:Infinity":167,"f:625:42:625:43":27,"s:626:23:626:Infinity":168,"s:627:19:640:Infinity":169,"b:629:16:629:26:629:30:629:Infinity":66,"b:630:18:630:30:630:34:630:Infinity":67,"b:632:22:632:38:632:42:632:Infinity":68,"b:634:18:634:30:634:34:634:Infinity":69,"b:635:20:635:34:635:38:635:Infinity":70,"s:641:6:641:Infinity":170,"f:646:8:646:29":28,"s:647:16:647:Infinity":171,"s:648:4:690:Infinity":172,"f:648:42:648:49":29,"s:649:22:649:Infinity":173,"s:650:23:650:Infinity":174,"s:651:22:651:Infinity":175,"s:653:25:653:41":176,"b:654:6:663:Infinity:undefined:undefined:undefined:undefined":71,"s:654:6:663:Infinity":177,"s:655:21:655:Infinity":178,"b:656:8:662:Infinity:undefined:undefined:undefined:undefined":72,"s:656:8:662:Infinity":179,"s:657:10:657:Infinity":180,"b:657:25:657:41:657:41:657:58:657:62:657:Infinity":73,"s:658:10:658:Infinity":181,"s:659:10:659:Infinity":182,"s:660:10:660:Infinity":183,"s:661:10:661:Infinity":184,"s:665:22:677:Infinity":185,"b:667:16:667:26:667:30:667:Infinity":74,"b:669:22:669:38:669:38:669:Infinity":75,"b:673:15:673:24:673:28:673:Infinity":76,"b:675:63:675:76:675:76:675:Infinity":77,"b:675:20:675:21:675:35:675:63":78,"s:678:27:678:Infinity":186,"s:681:8:682:Infinity":187,"b:681:8:681:Infinity:682:9:682:Infinity":79,"b:683:6:687:Infinity:undefined:undefined:undefined:undefined":80,"s:683:6:687:Infinity":188,"s:684:8:684:Infinity":189,"s:685:8:685:Infinity":190,"s:686:8:686:Infinity":191,"s:689:6:689:Infinity":192,"f:693:8:693:26":30,"s:694:16:694:Infinity":193,"s:695:4:719:Infinity":194,"f:695:42:695:49":31,"s:696:23:696:Infinity":195,"s:697:23:697:Infinity":196,"s:699:19:699:Infinity":197,"b:700:6:702:Infinity:undefined:undefined:undefined:undefined":81,"s:700:6:702:Infinity":198,"s:701:8:701:Infinity":199,"s:704:26:706:Infinity":200,"s:707:35:707:Infinity":201,"b:709:6:712:Infinity:undefined:undefined:undefined:undefined":82,"s:709:6:712:Infinity":202,"s:710:8:710:Infinity":203,"f:710:39:710:40":32,"s:710:46:710:60":204,"s:711:8:711:Infinity":205,"s:714:6:718:Infinity":206,"f:723:8:723:27":33,"s:724:16:724:Infinity":207,"s:725:4:729:Infinity":208,"f:725:42:725:43":34,"s:726:6:729:Infinity":209,"f:733:8:733:23":35,"s:734:16:734:Infinity":210,"s:735:4:789:Infinity":211,"f:735:42:735:49":36,"s:736:22:736:Infinity":212,"s:737:23:737:Infinity":213,"s:738:22:738:Infinity":214,"s:740:22:740:Infinity":215,"b:741:6:743:Infinity:undefined:undefined:undefined:undefined":83,"s:741:6:743:Infinity":216,"s:742:8:742:Infinity":217,"s:745:6:745:Infinity":218,"s:746:6:746:Infinity":219,"b:746:27:746:41:746:41:746:Infinity":84,"s:747:6:747:Infinity":220,"s:748:27:748:Infinity":221,"b:751:6:759:Infinity:undefined:undefined:undefined:undefined":85,"s:751:6:759:Infinity":222,"s:752:21:752:Infinity":223,"b:753:8:758:Infinity:undefined:undefined:undefined:undefined":86,"s:753:8:758:Infinity":224,"s:754:10:754:Infinity":225,"s:755:10:755:Infinity":226,"s:756:10:756:Infinity":227,"s:757:10:757:Infinity":228,"s:762:25:763:Infinity":229,"b:762:25:762:Infinity:763:11:763:Infinity":87,"b:765:6:769:Infinity:undefined:undefined:undefined:undefined":88,"s:765:6:769:Infinity":230,"s:766:8:766:Infinity":231,"s:767:8:767:Infinity":232,"s:768:8:768:Infinity":233,"s:771:6:786:Infinity":234,"b:773:16:773:30:773:30:773:Infinity":89,"s:788:6:788:Infinity":235,"f:792:8:792:22":37,"s:793:16:793:Infinity":236,"s:794:4:819:Infinity":237,"f:794:42:794:49":38,"s:795:22:795:Infinity":238,"s:796:22:796:Infinity":239,"b:797:6:799:Infinity:undefined:undefined:undefined:undefined":90,"s:797:6:799:Infinity":240,"s:798:8:798:Infinity":241,"s:800:6:800:Infinity":242,"s:801:20:801:Infinity":243,"s:803:6:816:Infinity":244,"s:818:6:818:Infinity":245,"f:822:8:822:22":39,"s:823:16:823:Infinity":246,"s:824:4:877:Infinity":247,"f:824:42:824:49":40,"s:825:22:825:Infinity":248,"s:826:23:826:Infinity":249,"s:828:40:828:Infinity":250,"b:829:6:834:Infinity:undefined:undefined:undefined:undefined":91,"s:829:6:834:Infinity":251,"s:830:21:830:Infinity":252,"b:831:8:833:Infinity:undefined:undefined:undefined:undefined":92,"s:831:8:833:Infinity":253,"s:832:10:832:Infinity":254,"b:832:25:832:42:832:46:832:Infinity":93,"s:836:22:848:Infinity":255,"b:838:16:838:26:838:26:838:Infinity":94,"b:839:16:839:26:839:30:839:Infinity":95,"b:841:22:841:38:841:38:841:Infinity":96,"b:844:21:844:36:844:40:844:Infinity":97,"b:845:20:845:34:845:38:845:Infinity":98,"b:846:15:846:24:846:28:846:Infinity":99,"b:847:76:847:89:847:89:847:Infinity":100,"b:847:16:847:50:847:50:847:76":101,"s:850:20:850:Infinity":256,"b:853:6:874:Infinity:undefined:undefined:undefined:undefined":102,"s:853:6:874:Infinity":257,"b:854:8:862:Infinity:undefined:undefined:undefined:undefined":103,"s:854:8:862:Infinity":258,"s:855:23:855:Infinity":259,"b:856:10:861:Infinity:undefined:undefined:undefined:undefined":104,"s:856:10:861:Infinity":260,"s:857:12:857:Infinity":261,"s:858:12:858:Infinity":262,"s:859:12:859:Infinity":263,"s:860:12:860:Infinity":264,"s:864:24:864:Infinity":265,"s:865:26:867:Infinity":266,"b:866:12:866:Infinity:867:12:867:Infinity":105,"b:866:12:866:80:866:80:866:Infinity":106,"b:869:8:873:Infinity:undefined:undefined:undefined:undefined":107,"s:869:8:873:Infinity":267,"s:870:10:870:Infinity":268,"s:871:10:871:Infinity":269,"s:872:10:872:Infinity":270,"s:876:6:876:Infinity":271,"f:881:8:881:20":41,"s:882:16:882:Infinity":272,"s:883:4:887:Infinity":273,"f:883:42:883:43":42,"s:884:6:887:Infinity":274,"f:891:8:891:20":43,"s:892:16:892:Infinity":275,"s:893:4:897:Infinity":276,"f:893:42:893:43":44,"s:894:6:897:Infinity":277,"f:902:8:902:19":45,"s:903:16:903:Infinity":278,"s:904:21:904:Infinity":279,"s:906:4:935:Infinity":280,"f:906:42:906:49":46,"s:907:22:907:Infinity":281,"s:908:23:908:Infinity":282,"s:909:22:909:Infinity":283,"s:910:25:910:Infinity":284,"s:911:22:911:Infinity":285,"s:913:23:913:Infinity":286,"s:914:20:914:Infinity":287,"s:915:23:915:Infinity":288,"s:916:36:918:Infinity":289,"s:920:27:923:Infinity":290,"s:925:6:934:Infinity":291,"b:930:26:930:48:930:48:930:Infinity":108,"f:31:2:31:Infinity":47,"s:29:2:29:19":292,"s:33:21:33:58":293,"s:35:21:35:54":294,"s:37:21:37:60":295,"s:39:21:39:67":296,"s:41:21:41:60":297,"s:43:21:43:68":298,"s:45:21:45:56":299,"s:47:21:47:54":300,"s:48:21:48:43":301,"s:49:21:49:55":302,"s:29:19:29:Infinity":303},"fnNames":{}}}
,"/Users/cagataydalaman/Desktop/sitera proje genel/sitera/apps/api/src/finance/entities/debt.entity.ts": {"path":"/Users/cagataydalaman/Desktop/sitera proje genel/sitera/apps/api/src/finance/entities/debt.entity.ts","statementMap":{"0":{"start":{"line":20,"column":2},"end":{"line":20,"column":null}},"1":{"start":{"line":23,"column":2},"end":{"line":23,"column":null}},"2":{"start":{"line":27,"column":2},"end":{"line":27,"column":19}},"3":{"start":{"line":31,"column":2},"end":{"line":31,"column":null}},"4":{"start":{"line":35,"column":2},"end":{"line":35,"column":19}},"5":{"start":{"line":39,"column":2},"end":{"line":39,"column":null}},"6":{"start":{"line":43,"column":2},"end":{"line":43,"column":19}},"7":{"start":{"line":47,"column":2},"end":{"line":47,"column":12}},"8":{"start":{"line":50,"column":2},"end":{"line":50,"column":12}},"9":{"start":{"line":53,"column":2},"end":{"line":53,"column":12}},"10":{"start":{"line":56,"column":2},"end":{"line":56,"column":12}},"11":{"start":{"line":59,"column":2},"end":{"line":59,"column":12}},"12":{"start":{"line":62,"column":2},"end":{"line":62,"column":null}},"13":{"start":{"line":73,"column":2},"end":{"line":73,"column":null}},"14":{"start":{"line":85,"column":2},"end":{"line":85,"column":12}},"15":{"start":{"line":88,"column":2},"end":{"line":88,"column":12}},"16":{"start":{"line":91,"column":2},"end":{"line":91,"column":12}},"17":{"start":{"line":94,"column":2},"end":{"line":94,"column":19}},"18":{"start":{"line":97,"column":2},"end":{"line":97,"column":22}},"19":{"start":{"line":100,"column":2},"end":{"line":100,"column":22}}},"fnMap":{"0":{"name":"_define_property","decl":{"start":{"line":16,"column":0},"end":{"line":16,"column":null}},"loc":{"start":{"line":16,"column":0},"end":{"line":16,"column":null}},"line":16}},"branchMap":{},"s":{"0":0,"1":0,"2":0,"3":0,"4":0,"5":0,"6":0,"7":0,"8":0,"9":0,"10":0,"11":0,"12":0,"13":0,"14":0,"15":0,"16":0,"17":0,"18":0,"19":0},"f":{"0":0},"b":{},"meta":{"lastBranch":0,"lastFunction":1,"lastStatement":20,"seen":{"f:16:0:16:Infinity":0,"s:20:2:20:Infinity":0,"s:23:2:23:Infinity":1,"s:27:2:27:19":2,"s:31:2:31:Infinity":3,"s:35:2:35:19":4,"s:39:2:39:Infinity":5,"s:43:2:43:19":6,"s:47:2:47:12":7,"s:50:2:50:12":8,"s:53:2:53:12":9,"s:56:2:56:12":10,"s:59:2:59:12":11,"s:62:2:62:Infinity":12,"s:73:2:73:Infinity":13,"s:85:2:85:12":14,"s:88:2:88:12":15,"s:91:2:91:12":16,"s:94:2:94:19":17,"s:97:2:97:22":18,"s:100:2:100:22":19},"fnNames":{}}}
,"/Users/cagataydalaman/Desktop/sitera proje genel/sitera/apps/api/src/finance/entities/expense.entity.ts": {"path":"/Users/cagataydalaman/Desktop/sitera proje genel/sitera/apps/api/src/finance/entities/expense.entity.ts","statementMap":{"0":{"start":{"line":16,"column":2},"end":{"line":16,"column":null}},"1":{"start":{"line":19,"column":2},"end":{"line":19,"column":null}},"2":{"start":{"line":23,"column":2},"end":{"line":23,"column":19}},"3":{"start":{"line":27,"column":2},"end":{"line":27,"column":12}},"4":{"start":{"line":30,"column":2},"end":{"line":30,"column":12}},"5":{"start":{"line":33,"column":2},"end":{"line":33,"column":12}},"6":{"start":{"line":36,"column":2},"end":{"line":36,"column":null}},"7":{"start":{"line":47,"column":2},"end":{"line":47,"column":12}},"8":{"start":{"line":50,"column":2},"end":{"line":50,"column":12}},"9":{"start":{"line":53,"column":2},"end":{"line":53,"column":12}},"10":{"start":{"line":56,"column":2},"end":{"line":56,"column":12}},"11":{"start":{"line":59,"column":2},"end":{"line":59,"column":22}},"12":{"start":{"line":62,"column":2},"end":{"line":62,"column":22}}},"fnMap":{"0":{"name":"_define_property","decl":{"start":{"line":12,"column":0},"end":{"line":12,"column":null}},"loc":{"start":{"line":12,"column":0},"end":{"line":12,"column":null}},"line":12}},"branchMap":{},"s":{"0":0,"1":0,"2":0,"3":0,"4":0,"5":0,"6":0,"7":0,"8":0,"9":0,"10":0,"11":0,"12":0},"f":{"0":0},"b":{},"meta":{"lastBranch":0,"lastFunction":1,"lastStatement":13,"seen":{"f:12:0:12:Infinity":0,"s:16:2:16:Infinity":0,"s:19:2:19:Infinity":1,"s:23:2:23:19":2,"s:27:2:27:12":3,"s:30:2:30:12":4,"s:33:2:33:12":5,"s:36:2:36:Infinity":6,"s:47:2:47:12":7,"s:50:2:50:12":8,"s:53:2:53:12":9,"s:56:2:56:12":10,"s:59:2:59:22":11,"s:62:2:62:22":12},"fnNames":{}}}
,"/Users/cagataydalaman/Desktop/sitera proje genel/sitera/apps/api/src/finance/entities/finance-account.entity.ts": {"path":"/Users/cagataydalaman/Desktop/sitera proje genel/sitera/apps/api/src/finance/entities/finance-account.entity.ts","statementMap":{"0":{"start":{"line":16,"column":2},"end":{"line":16,"column":null}},"1":{"start":{"line":19,"column":2},"end":{"line":19,"column":null}},"2":{"start":{"line":23,"column":2},"end":{"line":23,"column":19}},"3":{"start":{"line":27,"column":2},"end":{"line":27,"column":12}},"4":{"start":{"line":30,"column":2},"end":{"line":30,"column":12}},"5":{"start":{"line":33,"column":2},"end":{"line":33,"column":12}},"6":{"start":{"line":36,"column":2},"end":{"line":36,"column":null}},"7":{"start":{"line":48,"column":2},"end":{"line":48,"column":12}},"8":{"start":{"line":51,"column":2},"end":{"line":51,"column":12}},"9":{"start":{"line":54,"column":2},"end":{"line":54,"column":12}},"10":{"start":{"line":57,"column":2},"end":{"line":57,"column":22}},"11":{"start":{"line":60,"column":2},"end":{"line":60,"column":22}}},"fnMap":{"0":{"name":"_define_property","decl":{"start":{"line":12,"column":0},"end":{"line":12,"column":null}},"loc":{"start":{"line":12,"column":0},"end":{"line":12,"column":null}},"line":12}},"branchMap":{},"s":{"0":0,"1":0,"2":0,"3":0,"4":0,"5":0,"6":0,"7":0,"8":0,"9":0,"10":0,"11":0},"f":{"0":0},"b":{},"meta":{"lastBranch":0,"lastFunction":1,"lastStatement":12,"seen":{"f:12:0:12:Infinity":0,"s:16:2:16:Infinity":0,"s:19:2:19:Infinity":1,"s:23:2:23:19":2,"s:27:2:27:12":3,"s:30:2:30:12":4,"s:33:2:33:12":5,"s:36:2:36:Infinity":6,"s:48:2:48:12":7,"s:51:2:51:12":8,"s:54:2:54:12":9,"s:57:2:57:22":10,"s:60:2:60:22":11},"fnNames":{}}}
,"/Users/cagataydalaman/Desktop/sitera proje genel/sitera/apps/api/src/finance/entities/finance-settings.entity.ts": {"path":"/Users/cagataydalaman/Desktop/sitera proje genel/sitera/apps/api/src/finance/entities/finance-settings.entity.ts","statementMap":{"0":{"start":{"line":16,"column":2},"end":{"line":16,"column":null}},"1":{"start":{"line":19,"column":2},"end":{"line":19,"column":11}},"2":{"start":{"line":23,"column":2},"end":{"line":23,"column":19}},"3":{"start":{"line":27,"column":2},"end":{"line":27,"column":null}},"4":{"start":{"line":39,"column":2},"end":{"line":39,"column":12}},"5":{"start":{"line":42,"column":2},"end":{"line":42,"column":12}},"6":{"start":{"line":45,"column":2},"end":{"line":45,"column":12}},"7":{"start":{"line":48,"column":2},"end":{"line":48,"column":12}},"8":{"start":{"line":51,"column":2},"end":{"line":51,"column":null}},"9":{"start":{"line":63,"column":2},"end":{"line":63,"column":null}},"10":{"start":{"line":75,"column":2},"end":{"line":75,"column":22}},"11":{"start":{"line":78,"column":2},"end":{"line":78,"column":22}}},"fnMap":{"0":{"name":"_define_property","decl":{"start":{"line":12,"column":0},"end":{"line":12,"column":null}},"loc":{"start":{"line":12,"column":0},"end":{"line":12,"column":null}},"line":12}},"branchMap":{},"s":{"0":0,"1":0,"2":0,"3":0,"4":0,"5":0,"6":0,"7":0,"8":0,"9":0,"10":0,"11":0},"f":{"0":0},"b":{},"meta":{"lastBranch":0,"lastFunction":1,"lastStatement":12,"seen":{"f:12:0:12:Infinity":0,"s:16:2:16:Infinity":0,"s:19:2:19:11":1,"s:23:2:23:19":2,"s:27:2:27:Infinity":3,"s:39:2:39:12":4,"s:42:2:42:12":5,"s:45:2:45:12":6,"s:48:2:48:12":7,"s:51:2:51:Infinity":8,"s:63:2:63:Infinity":9,"s:75:2:75:22":10,"s:78:2:78:22":11},"fnNames":{}}}
,"/Users/cagataydalaman/Desktop/sitera proje genel/sitera/apps/api/src/finance/entities/payment.entity.ts": {"path":"/Users/cagataydalaman/Desktop/sitera proje genel/sitera/apps/api/src/finance/entities/payment.entity.ts","statementMap":{"0":{"start":{"line":18,"column":2},"end":{"line":18,"column":null}},"1":{"start":{"line":21,"column":2},"end":{"line":21,"column":null}},"2":{"start":{"line":25,"column":2},"end":{"line":25,"column":19}},"3":{"start":{"line":29,"column":2},"end":{"line":29,"column":null}},"4":{"start":{"line":33,"column":2},"end":{"line":33,"column":19}},"5":{"start":{"line":37,"column":2},"end":{"line":37,"column":null}},"6":{"start":{"line":41,"column":2},"end":{"line":41,"column":19}},"7":{"start":{"line":45,"column":2},"end":{"line":45,"column":12}},"8":{"start":{"line":48,"column":2},"end":{"line":48,"column":12}},"9":{"start":{"line":51,"column":2},"end":{"line":51,"column":null}},"10":{"start":{"line":62,"column":2},"end":{"line":62,"column":12}},"11":{"start":{"line":65,"column":2},"end":{"line":65,"column":12}},"12":{"start":{"line":68,"column":2},"end":{"line":68,"column":12}},"13":{"start":{"line":71,"column":2},"end":{"line":71,"column":12}},"14":{"start":{"line":74,"column":2},"end":{"line":74,"column":12}},"15":{"start":{"line":77,"column":2},"end":{"line":77,"column":12}},"16":{"start":{"line":80,"column":2},"end":{"line":80,"column":12}},"17":{"start":{"line":83,"column":2},"end":{"line":83,"column":22}},"18":{"start":{"line":86,"column":2},"end":{"line":86,"column":22}}},"fnMap":{"0":{"name":"_define_property","decl":{"start":{"line":14,"column":0},"end":{"line":14,"column":null}},"loc":{"start":{"line":14,"column":0},"end":{"line":14,"column":null}},"line":14}},"branchMap":{},"s":{"0":0,"1":0,"2":0,"3":0,"4":0,"5":0,"6":0,"7":0,"8":0,"9":0,"10":0,"11":0,"12":0,"13":0,"14":0,"15":0,"16":0,"17":0,"18":0},"f":{"0":0},"b":{},"meta":{"lastBranch":0,"lastFunction":1,"lastStatement":19,"seen":{"f:14:0:14:Infinity":0,"s:18:2:18:Infinity":0,"s:21:2:21:Infinity":1,"s:25:2:25:19":2,"s:29:2:29:Infinity":3,"s:33:2:33:19":4,"s:37:2:37:Infinity":5,"s:41:2:41:19":6,"s:45:2:45:12":7,"s:48:2:48:12":8,"s:51:2:51:Infinity":9,"s:62:2:62:12":10,"s:65:2:65:12":11,"s:68:2:68:12":12,"s:71:2:71:12":13,"s:74:2:74:12":14,"s:77:2:77:12":15,"s:80:2:80:12":16,"s:83:2:83:22":17,"s:86:2:86:22":18},"fnNames":{}}}
,"/Users/cagataydalaman/Desktop/sitera proje genel/sitera/apps/api/src/finance/entities/period.entity.ts": {"path":"/Users/cagataydalaman/Desktop/sitera proje genel/sitera/apps/api/src/finance/entities/period.entity.ts","statementMap":{"0":{"start":{"line":18,"column":2},"end":{"line":18,"column":null}},"1":{"start":{"line":21,"column":2},"end":{"line":21,"column":null}},"2":{"start":{"line":25,"column":2},"end":{"line":25,"column":19}},"3":{"start":{"line":29,"column":2},"end":{"line":29,"column":12}},"4":{"start":{"line":32,"column":2},"end":{"line":32,"column":12}},"5":{"start":{"line":38,"column":2},"end":{"line":38,"column":12}},"6":{"start":{"line":41,"column":2},"end":{"line":41,"column":12}},"7":{"start":{"line":44,"column":2},"end":{"line":44,"column":19}},"8":{"start":{"line":47,"column":2},"end":{"line":47,"column":22}},"9":{"start":{"line":50,"column":2},"end":{"line":50,"column":22}}},"fnMap":{"0":{"name":"_define_property","decl":{"start":{"line":14,"column":0},"end":{"line":14,"column":null}},"loc":{"start":{"line":14,"column":0},"end":{"line":14,"column":null}},"line":14}},"branchMap":{},"s":{"0":0,"1":0,"2":0,"3":0,"4":0,"5":0,"6":0,"7":0,"8":0,"9":0},"f":{"0":0},"b":{},"meta":{"lastBranch":0,"lastFunction":1,"lastStatement":10,"seen":{"f:14:0:14:Infinity":0,"s:18:2:18:Infinity":0,"s:21:2:21:Infinity":1,"s:25:2:25:19":2,"s:29:2:29:12":3,"s:32:2:32:12":4,"s:38:2:38:12":5,"s:41:2:41:12":6,"s:44:2:44:19":7,"s:47:2:47:22":8,"s:50:2:50:22":9},"fnNames":{}}}
}
