{"/Users/cagataydalaman/Desktop/sitera proje genel/sitera/packages/shared/src/finance/finance-engine.ts": {"path":"/Users/cagataydalaman/Desktop/sitera proje genel/sitera/packages/shared/src/finance/finance-engine.ts","statementMap":{"0":{"start":{"line":12,"column":2},"end":{"line":12,"column":null}},"1":{"start":{"line":113,"column":19},"end":{"line":113,"column":null}},"2":{"start":{"line":114,"column":23},"end":{"line":114,"column":null}},"3":{"start":{"line":115,"column":28},"end":{"line":115,"column":null}},"4":{"start":{"line":118,"column":4},"end":{"line":128,"column":null}},"5":{"start":{"line":119,"column":6},"end":{"line":127,"column":null}},"6":{"start":{"line":130,"column":4},"end":{"line":140,"column":null}},"7":{"start":{"line":131,"column":6},"end":{"line":139,"column":null}},"8":{"start":{"line":142,"column":16},"end":{"line":142,"column":null}},"9":{"start":{"line":143,"column":16},"end":{"line":143,"column":null}},"10":{"start":{"line":146,"column":4},"end":{"line":156,"column":null}},"11":{"start":{"line":147,"column":6},"end":{"line":155,"column":null}},"12":{"start":{"line":159,"column":19},"end":{"line":159,"column":null}},"13":{"start":{"line":160,"column":24},"end":{"line":160,"column":null}},"14":{"start":{"line":162,"column":4},"end":{"line":172,"column":null}},"15":{"start":{"line":163,"column":6},"end":{"line":171,"column":null}},"16":{"start":{"line":174,"column":27},"end":{"line":174,"column":null}},"17":{"start":{"line":175,"column":17},"end":{"line":175,"column":null}},"18":{"start":{"line":177,"column":4},"end":{"line":187,"column":null}},"19":{"start":{"line":178,"column":6},"end":{"line":186,"column":null}},"20":{"start":{"line":189,"column":23},"end":{"line":189,"column":null}},"21":{"start":{"line":190,"column":20},"end":{"line":190,"column":null}},"22":{"start":{"line":191,"column":29},"end":{"line":191,"column":null}},"23":{"start":{"line":193,"column":4},"end":{"line":201,"column":null}},"24":{"start":{"line":216,"column":18},"end":{"line":216,"column":null}},"25":{"start":{"line":217,"column":4},"end":{"line":219,"column":null}},"26":{"start":{"line":218,"column":6},"end":{"line":218,"column":null}},"27":{"start":{"line":221,"column":23},"end":{"line":221,"column":null}},"28":{"start":{"line":223,"column":6},"end":{"line":223,"column":null}},"29":{"start":{"line":226,"column":4},"end":{"line":257,"column":null}},"30":{"start":{"line":227,"column":26},"end":{"line":227,"column":null}},"31":{"start":{"line":228,"column":6},"end":{"line":236,"column":null}},"32":{"start":{"line":229,"column":8},"end":{"line":235,"column":null}},"33":{"start":{"line":229,"column":33},"end":{"line":235,"column":10}},"34":{"start":{"line":239,"column":26},"end":{"line":239,"column":null}},"35":{"start":{"line":240,"column":23},"end":{"line":240,"column":null}},"36":{"start":{"line":241,"column":27},"end":{"line":241,"column":null}},"37":{"start":{"line":243,"column":6},"end":{"line":256,"column":null}},"38":{"start":{"line":244,"column":21},"end":{"line":244,"column":null}},"39":{"start":{"line":245,"column":8},"end":{"line":248,"column":null}},"40":{"start":{"line":246,"column":10},"end":{"line":246,"column":null}},"41":{"start":{"line":247,"column":10},"end":{"line":247,"column":null}},"42":{"start":{"line":249,"column":8},"end":{"line":255,"column":null}},"43":{"start":{"line":260,"column":4},"end":{"line":307,"column":null}},"44":{"start":{"line":261,"column":26},"end":{"line":261,"column":null}},"45":{"start":{"line":262,"column":6},"end":{"line":270,"column":null}},"46":{"start":{"line":263,"column":8},"end":{"line":269,"column":null}},"47":{"start":{"line":263,"column":33},"end":{"line":269,"column":10}},"48":{"start":{"line":273,"column":22},"end":{"line":278,"column":null}},"49":{"start":{"line":274,"column":8},"end":{"line":274,"column":null}},"50":{"start":{"line":274,"column":66},"end":{"line":274,"column":null}},"51":{"start":{"line":275,"column":8},"end":{"line":275,"column":null}},"52":{"start":{"line":275,"column":50},"end":{"line":275,"column":null}},"53":{"start":{"line":277,"column":8},"end":{"line":277,"column":null}},"54":{"start":{"line":279,"column":26},"end":{"line":279,"column":null}},"55":{"start":{"line":279,"column":53},"end":{"line":279,"column":62}},"56":{"start":{"line":281,"column":25},"end":{"line":281,"column":null}},"57":{"start":{"line":282,"column":41},"end":{"line":282,"column":null}},"58":{"start":{"line":284,"column":6},"end":{"line":296,"column":null}},"59":{"start":{"line":284,"column":19},"end":{"line":284,"column":22}},"60":{"start":{"line":285,"column":18},"end":{"line":285,"column":null}},"61":{"start":{"line":286,"column":18},"end":{"line":286,"column":null}},"62":{"start":{"line":287,"column":28},"end":{"line":287,"column":null}},"63":{"start":{"line":288,"column":8},"end":{"line":288,"column":null}},"64":{"start":{"line":289,"column":8},"end":{"line":295,"column":null}},"65":{"start":{"line":299,"column":25},"end":{"line":299,"column":null}},"66":{"start":{"line":300,"column":6},"end":{"line":304,"column":null}},"67":{"start":{"line":301,"column":8},"end":{"line":303,"column":null}},"68":{"start":{"line":306,"column":6},"end":{"line":306,"column":null}},"69":{"start":{"line":310,"column":4},"end":{"line":328,"column":null}},"70":{"start":{"line":311,"column":19},"end":{"line":311,"column":null}},"71":{"start":{"line":312,"column":6},"end":{"line":327,"column":null}},"72":{"start":{"line":313,"column":25},"end":{"line":313,"column":null}},"73":{"start":{"line":314,"column":14},"end":{"line":314,"column":null}},"74":{"start":{"line":315,"column":8},"end":{"line":319,"column":null}},"75":{"start":{"line":316,"column":10},"end":{"line":316,"column":null}},"76":{"start":{"line":317,"column":8},"end":{"line":319,"column":null}},"77":{"start":{"line":318,"column":10},"end":{"line":318,"column":null}},"78":{"start":{"line":320,"column":8},"end":{"line":326,"column":null}},"79":{"start":{"line":331,"column":26},"end":{"line":331,"column":null}},"80":{"start":{"line":332,"column":4},"end":{"line":338,"column":null}},"81":{"start":{"line":332,"column":29},"end":{"line":338,"column":6}},"82":{"start":{"line":349,"column":23},"end":{"line":349,"column":null}},"83":{"start":{"line":350,"column":24},"end":{"line":350,"column":null}},"84":{"start":{"line":351,"column":20},"end":{"line":351,"column":null}},"85":{"start":{"line":353,"column":22},"end":{"line":353,"column":null}},"86":{"start":{"line":355,"column":4},"end":{"line":363,"column":null}},"87":{"start":{"line":356,"column":6},"end":{"line":362,"column":null}},"88":{"start":{"line":365,"column":4},"end":{"line":371,"column":null}},"89":{"start":{"line":382,"column":27},"end":{"line":384,"column":null}},"90":{"start":{"line":383,"column":41},"end":{"line":383,"column":73}},"91":{"start":{"line":386,"column":27},"end":{"line":386,"column":null}},"92":{"start":{"line":387,"column":25},"end":{"line":387,"column":null}},"93":{"start":{"line":388,"column":26},"end":{"line":388,"column":null}},"94":{"start":{"line":389,"column":28},"end":{"line":389,"column":null}},"95":{"start":{"line":390,"column":24},"end":{"line":390,"column":null}},"96":{"start":{"line":392,"column":4},"end":{"line":414,"column":null}},"97":{"start":{"line":393,"column":18},"end":{"line":393,"column":null}},"98":{"start":{"line":394,"column":19},"end":{"line":394,"column":null}},"99":{"start":{"line":395,"column":6},"end":{"line":395,"column":null}},"100":{"start":{"line":396,"column":6},"end":{"line":396,"column":null}},"101":{"start":{"line":397,"column":6},"end":{"line":397,"column":null}},"102":{"start":{"line":399,"column":6},"end":{"line":413,"column":null}},"103":{"start":{"line":400,"column":25},"end":{"line":407,"column":null}},"104":{"start":{"line":409,"column":8},"end":{"line":412,"column":null}},"105":{"start":{"line":410,"column":10},"end":{"line":410,"column":null}},"106":{"start":{"line":411,"column":10},"end":{"line":411,"column":null}},"107":{"start":{"line":417,"column":6},"end":{"line":419,"column":null}},"108":{"start":{"line":421,"column":26},"end":{"line":423,"column":null}},"109":{"start":{"line":422,"column":41},"end":{"line":422,"column":72}},"110":{"start":{"line":425,"column":25},"end":{"line":425,"column":null}},"111":{"start":{"line":427,"column":6},"end":{"line":427,"column":null}},"112":{"start":{"line":429,"column":4},"end":{"line":441,"column":null}},"113":{"start":{"line":450,"column":22},"end":{"line":450,"column":null}},"114":{"start":{"line":451,"column":22},"end":{"line":451,"column":null}},"115":{"start":{"line":453,"column":4},"end":{"line":463,"column":null}},"116":{"start":{"line":454,"column":6},"end":{"line":462,"column":null}},"117":{"start":{"line":455,"column":20},"end":{"line":455,"column":null}},"118":{"start":{"line":456,"column":21},"end":{"line":456,"column":null}},"119":{"start":{"line":457,"column":26},"end":{"line":457,"column":null}},"120":{"start":{"line":458,"column":8},"end":{"line":461,"column":null}},"121":{"start":{"line":459,"column":10},"end":{"line":459,"column":null}},"122":{"start":{"line":460,"column":10},"end":{"line":460,"column":null}},"123":{"start":{"line":465,"column":4},"end":{"line":468,"column":null}}},"fnMap":{"0":{"name":"roundToPennies","decl":{"start":{"line":11,"column":16},"end":{"line":11,"column":31}},"loc":{"start":{"line":11,"column":52},"end":{"line":13,"column":null}},"line":11},"1":{"name":"calculateKmkLateFee","decl":{"start":{"line":112,"column":9},"end":{"line":112,"column":29}},"loc":{"start":{"line":112,"column":73},"end":{"line":202,"column":null}},"line":112},"2":{"name":"calculateExpenseSplit","decl":{"start":{"line":215,"column":9},"end":{"line":215,"column":31}},"loc":{"start":{"line":215,"column":78},"end":{"line":339,"column":null}},"line":215},"3":{"name":"(anonymous_3)","decl":{"start":{"line":229,"column":25},"end":{"line":229,"column":26}},"loc":{"start":{"line":229,"column":33},"end":{"line":235,"column":10}},"line":229},"4":{"name":"(anonymous_4)","decl":{"start":{"line":243,"column":23},"end":{"line":243,"column":24}},"loc":{"start":{"line":243,"column":30},"end":{"line":256,"column":7}},"line":243},"5":{"name":"(anonymous_5)","decl":{"start":{"line":263,"column":25},"end":{"line":263,"column":26}},"loc":{"start":{"line":263,"column":33},"end":{"line":269,"column":10}},"line":263},"6":{"name":"(anonymous_6)","decl":{"start":{"line":273,"column":32},"end":{"line":273,"column":33}},"loc":{"start":{"line":273,"column":44},"end":{"line":278,"column":7}},"line":273},"7":{"name":"(anonymous_7)","decl":{"start":{"line":279,"column":41},"end":{"line":279,"column":42}},"loc":{"start":{"line":279,"column":53},"end":{"line":279,"column":62}},"line":279},"8":{"name":"(anonymous_8)","decl":{"start":{"line":312,"column":23},"end":{"line":312,"column":24}},"loc":{"start":{"line":312,"column":30},"end":{"line":327,"column":7}},"line":312},"9":{"name":"(anonymous_9)","decl":{"start":{"line":332,"column":21},"end":{"line":332,"column":22}},"loc":{"start":{"line":332,"column":29},"end":{"line":338,"column":6}},"line":332},"10":{"name":"calculatePaymentAllocation","decl":{"start":{"line":346,"column":9},"end":{"line":346,"column":null}},"loc":{"start":{"line":348,"column":29},"end":{"line":372,"column":null}},"line":348},"11":{"name":"calculateFinancialSummaryMetrics","decl":{"start":{"line":379,"column":9},"end":{"line":379,"column":null}},"loc":{"start":{"line":381,"column":20},"end":{"line":442,"column":null}},"line":381},"12":{"name":"(anonymous_12)","decl":{"start":{"line":383,"column":29},"end":{"line":383,"column":30}},"loc":{"start":{"line":383,"column":41},"end":{"line":383,"column":73}},"line":383},"13":{"name":"(anonymous_13)","decl":{"start":{"line":422,"column":29},"end":{"line":422,"column":30}},"loc":{"start":{"line":422,"column":41},"end":{"line":422,"column":72}},"line":422},"14":{"name":"calculateResidentDischargeBalance","decl":{"start":{"line":447,"column":9},"end":{"line":447,"column":null}},"loc":{"start":{"line":449,"column":60},"end":{"line":469,"column":null}},"line":449}},"branchMap":{"0":{"loc":{"start":{"line":113,"column":34},"end":{"line":113,"column":60}},"type":"binary-expr","locations":[{"start":{"line":113,"column":34},"end":{"line":113,"column":59}},{"start":{"line":113,"column":59},"end":{"line":113,"column":60}}],"line":113},"1":{"loc":{"start":{"line":114,"column":38},"end":{"line":114,"column":68}},"type":"binary-expr","locations":[{"start":{"line":114,"column":38},"end":{"line":114,"column":67}},{"start":{"line":114,"column":67},"end":{"line":114,"column":68}}],"line":114},"2":{"loc":{"start":{"line":118,"column":4},"end":{"line":128,"column":null}},"type":"if","locations":[{"start":{"line":118,"column":4},"end":{"line":128,"column":null}},{"start":{},"end":{}}],"line":118},"3":{"loc":{"start":{"line":118,"column":8},"end":{"line":118,"column":65}},"type":"binary-expr","locations":[{"start":{"line":118,"column":8},"end":{"line":118,"column":32}},{"start":{"line":118,"column":32},"end":{"line":118,"column":65}}],"line":118},"4":{"loc":{"start":{"line":130,"column":4},"end":{"line":140,"column":null}},"type":"if","locations":[{"start":{"line":130,"column":4},"end":{"line":140,"column":null}},{"start":{},"end":{}}],"line":130},"5":{"loc":{"start":{"line":138,"column":16},"end":{"line":138,"column":null}},"type":"cond-expr","locations":[{"start":{"line":138,"column":33},"end":{"line":138,"column":45}},{"start":{"line":138,"column":45},"end":{"line":138,"column":null}}],"line":138},"6":{"loc":{"start":{"line":143,"column":16},"end":{"line":143,"column":null}},"type":"cond-expr","locations":[{"start":{"line":143,"column":34},"end":{"line":143,"column":62}},{"start":{"line":143,"column":62},"end":{"line":143,"column":null}}],"line":143},"7":{"loc":{"start":{"line":146,"column":4},"end":{"line":156,"column":null}},"type":"if","locations":[{"start":{"line":146,"column":4},"end":{"line":156,"column":null}},{"start":{},"end":{}}],"line":146},"8":{"loc":{"start":{"line":146,"column":8},"end":{"line":146,"column":64}},"type":"binary-expr","locations":[{"start":{"line":146,"column":8},"end":{"line":146,"column":32}},{"start":{"line":146,"column":32},"end":{"line":146,"column":64}}],"line":146},"9":{"loc":{"start":{"line":154,"column":16},"end":{"line":154,"column":null}},"type":"cond-expr","locations":[{"start":{"line":154,"column":33},"end":{"line":154,"column":45}},{"start":{"line":154,"column":45},"end":{"line":154,"column":null}}],"line":154},"10":{"loc":{"start":{"line":162,"column":4},"end":{"line":172,"column":null}},"type":"if","locations":[{"start":{"line":162,"column":4},"end":{"line":172,"column":null}},{"start":{},"end":{}}],"line":162},"11":{"loc":{"start":{"line":170,"column":16},"end":{"line":170,"column":null}},"type":"cond-expr","locations":[{"start":{"line":170,"column":33},"end":{"line":170,"column":45}},{"start":{"line":170,"column":45},"end":{"line":170,"column":null}}],"line":170},"12":{"loc":{"start":{"line":175,"column":24},"end":{"line":175,"column":47}},"type":"binary-expr","locations":[{"start":{"line":175,"column":24},"end":{"line":175,"column":46}},{"start":{"line":175,"column":46},"end":{"line":175,"column":47}}],"line":175},"13":{"loc":{"start":{"line":177,"column":4},"end":{"line":187,"column":null}},"type":"if","locations":[{"start":{"line":177,"column":4},"end":{"line":187,"column":null}},{"start":{},"end":{}}],"line":177},"14":{"loc":{"start":{"line":177,"column":8},"end":{"line":177,"column":38}},"type":"binary-expr","locations":[{"start":{"line":177,"column":8},"end":{"line":177,"column":27}},{"start":{"line":177,"column":27},"end":{"line":177,"column":38}}],"line":177},"15":{"loc":{"start":{"line":217,"column":4},"end":{"line":219,"column":null}},"type":"if","locations":[{"start":{"line":217,"column":4},"end":{"line":219,"column":null}},{"start":{},"end":{}}],"line":217},"16":{"loc":{"start":{"line":217,"column":8},"end":{"line":217,"column":38}},"type":"binary-expr","locations":[{"start":{"line":217,"column":8},"end":{"line":217,"column":18}},{"start":{"line":217,"column":18},"end":{"line":217,"column":38}}],"line":217},"17":{"loc":{"start":{"line":223,"column":6},"end":{"line":223,"column":null}},"type":"binary-expr","locations":[{"start":{"line":223,"column":6},"end":{"line":223,"column":35}},{"start":{"line":223,"column":35},"end":{"line":223,"column":null}}],"line":223},"18":{"loc":{"start":{"line":223,"column":35},"end":{"line":223,"column":null}},"type":"cond-expr","locations":[{"start":{"line":223,"column":54},"end":{"line":223,"column":64}},{"start":{"line":223,"column":64},"end":{"line":223,"column":null}}],"line":223},"19":{"loc":{"start":{"line":226,"column":4},"end":{"line":257,"column":null}},"type":"if","locations":[{"start":{"line":226,"column":4},"end":{"line":257,"column":null}},{"start":{},"end":{}}],"line":226},"20":{"loc":{"start":{"line":226,"column":8},"end":{"line":226,"column":86}},"type":"binary-expr","locations":[{"start":{"line":226,"column":8},"end":{"line":226,"column":52}},{"start":{"line":226,"column":52},"end":{"line":226,"column":86}}],"line":226},"21":{"loc":{"start":{"line":228,"column":6},"end":{"line":236,"column":null}},"type":"if","locations":[{"start":{"line":228,"column":6},"end":{"line":236,"column":null}},{"start":{},"end":{}}],"line":228},"22":{"loc":{"start":{"line":232,"column":22},"end":{"line":232,"column":null}},"type":"binary-expr","locations":[{"start":{"line":232,"column":22},"end":{"line":232,"column":38}},{"start":{"line":232,"column":38},"end":{"line":232,"column":null}}],"line":232},"23":{"loc":{"start":{"line":245,"column":8},"end":{"line":248,"column":null}},"type":"if","locations":[{"start":{"line":245,"column":8},"end":{"line":248,"column":null}},{"start":{},"end":{}}],"line":245},"24":{"loc":{"start":{"line":252,"column":22},"end":{"line":252,"column":null}},"type":"binary-expr","locations":[{"start":{"line":252,"column":22},"end":{"line":252,"column":38}},{"start":{"line":252,"column":38},"end":{"line":252,"column":null}}],"line":252},"25":{"loc":{"start":{"line":260,"column":4},"end":{"line":307,"column":null}},"type":"if","locations":[{"start":{"line":260,"column":4},"end":{"line":307,"column":null}},{"start":{},"end":{}}],"line":260},"26":{"loc":{"start":{"line":260,"column":8},"end":{"line":260,"column":80}},"type":"binary-expr","locations":[{"start":{"line":260,"column":8},"end":{"line":260,"column":46}},{"start":{"line":260,"column":46},"end":{"line":260,"column":80}}],"line":260},"27":{"loc":{"start":{"line":262,"column":6},"end":{"line":270,"column":null}},"type":"if","locations":[{"start":{"line":262,"column":6},"end":{"line":270,"column":null}},{"start":{},"end":{}}],"line":262},"28":{"loc":{"start":{"line":266,"column":22},"end":{"line":266,"column":null}},"type":"binary-expr","locations":[{"start":{"line":266,"column":22},"end":{"line":266,"column":38}},{"start":{"line":266,"column":38},"end":{"line":266,"column":null}}],"line":266},"29":{"loc":{"start":{"line":274,"column":8},"end":{"line":274,"column":null}},"type":"if","locations":[{"start":{"line":274,"column":8},"end":{"line":274,"column":null}},{"start":{},"end":{}}],"line":274},"30":{"loc":{"start":{"line":274,"column":12},"end":{"line":274,"column":66}},"type":"binary-expr","locations":[{"start":{"line":274,"column":12},"end":{"line":274,"column":48}},{"start":{"line":274,"column":48},"end":{"line":274,"column":66}}],"line":274},"31":{"loc":{"start":{"line":275,"column":8},"end":{"line":275,"column":null}},"type":"if","locations":[{"start":{"line":275,"column":8},"end":{"line":275,"column":null}},{"start":{},"end":{}}],"line":275},"32":{"loc":{"start":{"line":275,"column":12},"end":{"line":275,"column":50}},"type":"binary-expr","locations":[{"start":{"line":275,"column":12},"end":{"line":275,"column":40}},{"start":{"line":275,"column":40},"end":{"line":275,"column":50}}],"line":275},"33":{"loc":{"start":{"line":292,"column":22},"end":{"line":292,"column":null}},"type":"binary-expr","locations":[{"start":{"line":292,"column":22},"end":{"line":292,"column":38}},{"start":{"line":292,"column":38},"end":{"line":292,"column":null}}],"line":292},"34":{"loc":{"start":{"line":300,"column":6},"end":{"line":304,"column":null}},"type":"if","locations":[{"start":{"line":300,"column":6},"end":{"line":304,"column":null}},{"start":{},"end":{}}],"line":300},"35":{"loc":{"start":{"line":300,"column":10},"end":{"line":300,"column":50}},"type":"binary-expr","locations":[{"start":{"line":300,"column":10},"end":{"line":300,"column":30}},{"start":{"line":300,"column":30},"end":{"line":300,"column":50}}],"line":300},"36":{"loc":{"start":{"line":310,"column":4},"end":{"line":328,"column":null}},"type":"if","locations":[{"start":{"line":310,"column":4},"end":{"line":328,"column":null}},{"start":{},"end":{}}],"line":310},"37":{"loc":{"start":{"line":311,"column":41},"end":{"line":311,"column":85}},"type":"binary-expr","locations":[{"start":{"line":311,"column":41},"end":{"line":311,"column":62}},{"start":{"line":311,"column":62},"end":{"line":311,"column":84}},{"start":{"line":311,"column":84},"end":{"line":311,"column":85}}],"line":311},"38":{"loc":{"start":{"line":314,"column":25},"end":{"line":314,"column":47}},"type":"binary-expr","locations":[{"start":{"line":314,"column":25},"end":{"line":314,"column":39}},{"start":{"line":314,"column":39},"end":{"line":314,"column":47}}],"line":314},"39":{"loc":{"start":{"line":315,"column":8},"end":{"line":319,"column":null}},"type":"if","locations":[{"start":{"line":315,"column":8},"end":{"line":319,"column":null}},{"start":{"line":317,"column":8},"end":{"line":319,"column":null}}],"line":315},"40":{"loc":{"start":{"line":315,"column":12},"end":{"line":315,"column":94}},"type":"binary-expr","locations":[{"start":{"line":315,"column":12},"end":{"line":315,"column":39}},{"start":{"line":315,"column":39},"end":{"line":315,"column":66}},{"start":{"line":315,"column":66},"end":{"line":315,"column":94}}],"line":315},"41":{"loc":{"start":{"line":317,"column":8},"end":{"line":319,"column":null}},"type":"if","locations":[{"start":{"line":317,"column":8},"end":{"line":319,"column":null}},{"start":{},"end":{}}],"line":317},"42":{"loc":{"start":{"line":317,"column":19},"end":{"line":317,"column":101}},"type":"binary-expr","locations":[{"start":{"line":317,"column":19},"end":{"line":317,"column":46}},{"start":{"line":317,"column":46},"end":{"line":317,"column":73}},{"start":{"line":317,"column":73},"end":{"line":317,"column":101}}],"line":317},"43":{"loc":{"start":{"line":323,"column":22},"end":{"line":323,"column":null}},"type":"binary-expr","locations":[{"start":{"line":323,"column":22},"end":{"line":323,"column":38}},{"start":{"line":323,"column":38},"end":{"line":323,"column":null}}],"line":323},"44":{"loc":{"start":{"line":331,"column":48},"end":{"line":331,"column":92}},"type":"binary-expr","locations":[{"start":{"line":331,"column":48},"end":{"line":331,"column":69}},{"start":{"line":331,"column":69},"end":{"line":331,"column":91}},{"start":{"line":331,"column":91},"end":{"line":331,"column":92}}],"line":331},"45":{"loc":{"start":{"line":335,"column":18},"end":{"line":335,"column":null}},"type":"binary-expr","locations":[{"start":{"line":335,"column":18},"end":{"line":335,"column":34}},{"start":{"line":335,"column":34},"end":{"line":335,"column":null}}],"line":335},"46":{"loc":{"start":{"line":350,"column":58},"end":{"line":350,"column":87}},"type":"binary-expr","locations":[{"start":{"line":350,"column":58},"end":{"line":350,"column":86}},{"start":{"line":350,"column":86},"end":{"line":350,"column":87}}],"line":350},"47":{"loc":{"start":{"line":355,"column":4},"end":{"line":363,"column":null}},"type":"if","locations":[{"start":{"line":355,"column":4},"end":{"line":363,"column":null}},{"start":{},"end":{}}],"line":355},"48":{"loc":{"start":{"line":368,"column":17},"end":{"line":368,"column":null}},"type":"cond-expr","locations":[{"start":{"line":368,"column":33},"end":{"line":368,"column":45}},{"start":{"line":368,"column":45},"end":{"line":368,"column":null}}],"line":368},"49":{"loc":{"start":{"line":383,"column":48},"end":{"line":383,"column":73}},"type":"binary-expr","locations":[{"start":{"line":383,"column":48},"end":{"line":383,"column":69}},{"start":{"line":383,"column":69},"end":{"line":383,"column":73}}],"line":383},"50":{"loc":{"start":{"line":393,"column":33},"end":{"line":393,"column":54}},"type":"binary-expr","locations":[{"start":{"line":393,"column":33},"end":{"line":393,"column":53}},{"start":{"line":393,"column":53},"end":{"line":393,"column":54}}],"line":393},"51":{"loc":{"start":{"line":394,"column":34},"end":{"line":394,"column":59}},"type":"binary-expr","locations":[{"start":{"line":394,"column":34},"end":{"line":394,"column":58}},{"start":{"line":394,"column":58},"end":{"line":394,"column":59}}],"line":394},"52":{"loc":{"start":{"line":399,"column":6},"end":{"line":413,"column":null}},"type":"if","locations":[{"start":{"line":399,"column":6},"end":{"line":413,"column":null}},{"start":{},"end":{}}],"line":399},"53":{"loc":{"start":{"line":399,"column":10},"end":{"line":399,"column":44}},"type":"binary-expr","locations":[{"start":{"line":399,"column":10},"end":{"line":399,"column":33}},{"start":{"line":399,"column":33},"end":{"line":399,"column":44}}],"line":399},"54":{"loc":{"start":{"line":409,"column":8},"end":{"line":412,"column":null}},"type":"if","locations":[{"start":{"line":409,"column":8},"end":{"line":412,"column":null}},{"start":{},"end":{}}],"line":409},"55":{"loc":{"start":{"line":417,"column":6},"end":{"line":419,"column":null}},"type":"cond-expr","locations":[{"start":{"line":418,"column":10},"end":{"line":418,"column":null}},{"start":{"line":419,"column":10},"end":{"line":419,"column":null}}],"line":417},"56":{"loc":{"start":{"line":422,"column":48},"end":{"line":422,"column":72}},"type":"binary-expr","locations":[{"start":{"line":422,"column":48},"end":{"line":422,"column":68}},{"start":{"line":422,"column":68},"end":{"line":422,"column":72}}],"line":422},"57":{"loc":{"start":{"line":425,"column":40},"end":{"line":425,"column":72}},"type":"binary-expr","locations":[{"start":{"line":425,"column":40},"end":{"line":425,"column":71}},{"start":{"line":425,"column":71},"end":{"line":425,"column":72}}],"line":425},"58":{"loc":{"start":{"line":427,"column":6},"end":{"line":427,"column":null}},"type":"cond-expr","locations":[{"start":{"line":427,"column":25},"end":{"line":427,"column":76}},{"start":{"line":427,"column":76},"end":{"line":427,"column":null}}],"line":427},"59":{"loc":{"start":{"line":434,"column":29},"end":{"line":434,"column":null}},"type":"binary-expr","locations":[{"start":{"line":434,"column":29},"end":{"line":434,"column":61}},{"start":{"line":434,"column":61},"end":{"line":434,"column":null}}],"line":434},"60":{"loc":{"start":{"line":435,"column":24},"end":{"line":435,"column":null}},"type":"binary-expr","locations":[{"start":{"line":435,"column":24},"end":{"line":435,"column":51}},{"start":{"line":435,"column":51},"end":{"line":435,"column":null}}],"line":435},"61":{"loc":{"start":{"line":454,"column":6},"end":{"line":462,"column":null}},"type":"if","locations":[{"start":{"line":454,"column":6},"end":{"line":462,"column":null}},{"start":{},"end":{}}],"line":454},"62":{"loc":{"start":{"line":455,"column":35},"end":{"line":455,"column":56}},"type":"binary-expr","locations":[{"start":{"line":455,"column":35},"end":{"line":455,"column":55}},{"start":{"line":455,"column":55},"end":{"line":455,"column":56}}],"line":455},"63":{"loc":{"start":{"line":456,"column":36},"end":{"line":456,"column":61}},"type":"binary-expr","locations":[{"start":{"line":456,"column":36},"end":{"line":456,"column":60}},{"start":{"line":456,"column":60},"end":{"line":456,"column":61}}],"line":456},"64":{"loc":{"start":{"line":458,"column":8},"end":{"line":461,"column":null}},"type":"if","locations":[{"start":{"line":458,"column":8},"end":{"line":461,"column":null}},{"start":{},"end":{}}],"line":458}},"s":{"0":142,"1":12,"2":12,"3":12,"4":12,"5":1,"6":11,"7":0,"8":11,"9":11,"10":12,"11":2,"12":9,"13":9,"14":9,"15":0,"16":9,"17":9,"18":12,"19":1,"20":8,"21":8,"22":8,"23":8,"24":7,"25":7,"26":1,"27":6,"28":6,"29":7,"30":4,"31":4,"32":0,"33":0,"34":4,"35":4,"36":4,"37":4,"38":16,"39":16,"40":6,"41":6,"42":16,"43":2,"44":1,"45":1,"46":0,"47":0,"48":1,"49":3,"50":0,"51":3,"52":3,"53":0,"54":1,"55":3,"56":1,"57":1,"58":1,"59":1,"60":3,"61":3,"62":3,"63":3,"64":3,"65":1,"66":1,"67":0,"68":1,"69":1,"70":1,"71":1,"72":3,"73":3,"74":3,"75":1,"76":2,"77":1,"78":3,"79":0,"80":7,"81":0,"82":4,"83":4,"84":4,"85":4,"86":4,"87":3,"88":1,"89":2,"90":3,"91":2,"92":2,"93":2,"94":2,"95":2,"96":2,"97":3,"98":3,"99":3,"100":3,"101":3,"102":3,"103":2,"104":2,"105":2,"106":2,"107":2,"108":2,"109":2,"110":2,"111":2,"112":2,"113":2,"114":2,"115":2,"116":4,"117":2,"118":2,"119":2,"120":2,"121":2,"122":2,"123":2},"f":{"0":142,"1":1,"2":1,"3":0,"4":16,"5":0,"6":3,"7":3,"8":3,"9":0,"10":1,"11":1,"12":3,"13":2,"14":1},"b":{"0":[12,0],"1":[12,9],"2":[1,11],"3":[12,11],"4":[0,11],"5":[0,0],"6":[11,0],"7":[2,10],"8":[12,11],"9":[0,2],"10":[0,9],"11":[0,0],"12":[9,0],"13":[1,11],"14":[12,8],"15":[1,6],"16":[7,7],"17":[6,6],"18":[2,4],"19":[4,3],"20":[7,4],"21":[0,4],"22":[0,0],"23":[6,10],"24":[16,16],"25":[1,1],"26":[2,1],"27":[0,1],"28":[0,0],"29":[0,3],"30":[3,0],"31":[3,0],"32":[3,3],"33":[3,3],"34":[0,1],"35":[1,0],"36":[1,0],"37":[1,0,0],"38":[3,0],"39":[1,2],"40":[3,2,2],"41":[1,1],"42":[2,1,1],"43":[3,3],"44":[0,0,0],"45":[0,0],"46":[4,3],"47":[3,1],"48":[1,0],"49":[3,0],"50":[3,0],"51":[3,1],"52":[2,1],"53":[3,2],"54":[2,0],"55":[1,1],"56":[2,0],"57":[2,1],"58":[1,1],"59":[2,1],"60":[2,1],"61":[2,2],"62":[2,0],"63":[2,1],"64":[2,0]},"meta":{"lastBranch":65,"lastFunction":15,"lastStatement":124,"seen":{"f:11:16:11:31":0,"s:12:2:12:Infinity":0,"f:112:9:112:29":1,"s:113:19:113:Infinity":1,"b:113:34:113:59:113:59:113:60":0,"s:114:23:114:Infinity":2,"b:114:38:114:67:114:67:114:68":1,"s:115:28:115:Infinity":3,"b:118:4:128:Infinity:undefined:undefined:undefined:undefined":2,"s:118:4:128:Infinity":4,"b:118:8:118:32:118:32:118:65":3,"s:119:6:127:Infinity":5,"b:130:4:140:Infinity:undefined:undefined:undefined:undefined":4,"s:130:4:140:Infinity":6,"s:131:6:139:Infinity":7,"b:138:33:138:45:138:45:138:Infinity":5,"s:142:16:142:Infinity":8,"s:143:16:143:Infinity":9,"b:143:34:143:62:143:62:143:Infinity":6,"b:146:4:156:Infinity:undefined:undefined:undefined:undefined":7,"s:146:4:156:Infinity":10,"b:146:8:146:32:146:32:146:64":8,"s:147:6:155:Infinity":11,"b:154:33:154:45:154:45:154:Infinity":9,"s:159:19:159:Infinity":12,"s:160:24:160:Infinity":13,"b:162:4:172:Infinity:undefined:undefined:undefined:undefined":10,"s:162:4:172:Infinity":14,"s:163:6:171:Infinity":15,"b:170:33:170:45:170:45:170:Infinity":11,"s:174:27:174:Infinity":16,"s:175:17:175:Infinity":17,"b:175:24:175:46:175:46:175:47":12,"b:177:4:187:Infinity:undefined:undefined:undefined:undefined":13,"s:177:4:187:Infinity":18,"b:177:8:177:27:177:27:177:38":14,"s:178:6:186:Infinity":19,"s:189:23:189:Infinity":20,"s:190:20:190:Infinity":21,"s:191:29:191:Infinity":22,"s:193:4:201:Infinity":23,"f:215:9:215:31":2,"s:216:18:216:Infinity":24,"b:217:4:219:Infinity:undefined:undefined:undefined:undefined":15,"s:217:4:219:Infinity":25,"b:217:8:217:18:217:18:217:38":16,"s:218:6:218:Infinity":26,"s:221:23:221:Infinity":27,"s:223:6:223:Infinity":28,"b:223:6:223:35:223:35:223:Infinity":17,"b:223:54:223:64:223:64:223:Infinity":18,"b:226:4:257:Infinity:undefined:undefined:undefined:undefined":19,"s:226:4:257:Infinity":29,"b:226:8:226:52:226:52:226:86":20,"s:227:26:227:Infinity":30,"b:228:6:236:Infinity:undefined:undefined:undefined:undefined":21,"s:228:6:236:Infinity":31,"s:229:8:235:Infinity":32,"f:229:25:229:26":3,"s:229:33:235:10":33,"b:232:22:232:38:232:38:232:Infinity":22,"s:239:26:239:Infinity":34,"s:240:23:240:Infinity":35,"s:241:27:241:Infinity":36,"s:243:6:256:Infinity":37,"f:243:23:243:24":4,"s:244:21:244:Infinity":38,"b:245:8:248:Infinity:undefined:undefined:undefined:undefined":23,"s:245:8:248:Infinity":39,"s:246:10:246:Infinity":40,"s:247:10:247:Infinity":41,"s:249:8:255:Infinity":42,"b:252:22:252:38:252:38:252:Infinity":24,"b:260:4:307:Infinity:undefined:undefined:undefined:undefined":25,"s:260:4:307:Infinity":43,"b:260:8:260:46:260:46:260:80":26,"s:261:26:261:Infinity":44,"b:262:6:270:Infinity:undefined:undefined:undefined:undefined":27,"s:262:6:270:Infinity":45,"s:263:8:269:Infinity":46,"f:263:25:263:26":5,"s:263:33:269:10":47,"b:266:22:266:38:266:38:266:Infinity":28,"s:273:22:278:Infinity":48,"f:273:32:273:33":6,"b:274:8:274:Infinity:undefined:undefined:undefined:undefined":29,"s:274:8:274:Infinity":49,"b:274:12:274:48:274:48:274:66":30,"s:274:66:274:Infinity":50,"b:275:8:275:Infinity:undefined:undefined:undefined:undefined":31,"s:275:8:275:Infinity":51,"b:275:12:275:40:275:40:275:50":32,"s:275:50:275:Infinity":52,"s:277:8:277:Infinity":53,"s:279:26:279:Infinity":54,"f:279:41:279:42":7,"s:279:53:279:62":55,"s:281:25:281:Infinity":56,"s:282:41:282:Infinity":57,"s:284:6:296:Infinity":58,"s:284:19:284:22":59,"s:285:18:285:Infinity":60,"s:286:18:286:Infinity":61,"s:287:28:287:Infinity":62,"s:288:8:288:Infinity":63,"s:289:8:295:Infinity":64,"b:292:22:292:38:292:38:292:Infinity":33,"s:299:25:299:Infinity":65,"b:300:6:304:Infinity:undefined:undefined:undefined:undefined":34,"s:300:6:304:Infinity":66,"b:300:10:300:30:300:30:300:50":35,"s:301:8:303:Infinity":67,"s:306:6:306:Infinity":68,"b:310:4:328:Infinity:undefined:undefined:undefined:undefined":36,"s:310:4:328:Infinity":69,"s:311:19:311:Infinity":70,"b:311:41:311:62:311:62:311:84:311:84:311:85":37,"s:312:6:327:Infinity":71,"f:312:23:312:24":8,"s:313:25:313:Infinity":72,"s:314:14:314:Infinity":73,"b:314:25:314:39:314:39:314:47":38,"b:315:8:319:Infinity:317:8:319:Infinity":39,"s:315:8:319:Infinity":74,"b:315:12:315:39:315:39:315:66:315:66:315:94":40,"s:316:10:316:Infinity":75,"b:317:8:319:Infinity:undefined:undefined:undefined:undefined":41,"s:317:8:319:Infinity":76,"b:317:19:317:46:317:46:317:73:317:73:317:101":42,"s:318:10:318:Infinity":77,"s:320:8:326:Infinity":78,"b:323:22:323:38:323:38:323:Infinity":43,"s:331:26:331:Infinity":79,"b:331:48:331:69:331:69:331:91:331:91:331:92":44,"s:332:4:338:Infinity":80,"f:332:21:332:22":9,"s:332:29:338:6":81,"b:335:18:335:34:335:34:335:Infinity":45,"f:346:9:346:Infinity":10,"s:349:23:349:Infinity":82,"s:350:24:350:Infinity":83,"b:350:58:350:86:350:86:350:87":46,"s:351:20:351:Infinity":84,"s:353:22:353:Infinity":85,"b:355:4:363:Infinity:undefined:undefined:undefined:undefined":47,"s:355:4:363:Infinity":86,"s:356:6:362:Infinity":87,"s:365:4:371:Infinity":88,"b:368:33:368:45:368:45:368:Infinity":48,"f:379:9:379:Infinity":11,"s:382:27:384:Infinity":89,"f:383:29:383:30":12,"s:383:41:383:73":90,"b:383:48:383:69:383:69:383:73":49,"s:386:27:386:Infinity":91,"s:387:25:387:Infinity":92,"s:388:26:388:Infinity":93,"s:389:28:389:Infinity":94,"s:390:24:390:Infinity":95,"s:392:4:414:Infinity":96,"s:393:18:393:Infinity":97,"b:393:33:393:53:393:53:393:54":50,"s:394:19:394:Infinity":98,"b:394:34:394:58:394:58:394:59":51,"s:395:6:395:Infinity":99,"s:396:6:396:Infinity":100,"s:397:6:397:Infinity":101,"b:399:6:413:Infinity:undefined:undefined:undefined:undefined":52,"s:399:6:413:Infinity":102,"b:399:10:399:33:399:33:399:44":53,"s:400:25:407:Infinity":103,"b:409:8:412:Infinity:undefined:undefined:undefined:undefined":54,"s:409:8:412:Infinity":104,"s:410:10:410:Infinity":105,"s:411:10:411:Infinity":106,"s:417:6:419:Infinity":107,"b:418:10:418:Infinity:419:10:419:Infinity":55,"s:421:26:423:Infinity":108,"f:422:29:422:30":13,"s:422:41:422:72":109,"b:422:48:422:68:422:68:422:72":56,"s:425:25:425:Infinity":110,"b:425:40:425:71:425:71:425:72":57,"s:427:6:427:Infinity":111,"b:427:25:427:76:427:76:427:Infinity":58,"s:429:4:441:Infinity":112,"b:434:29:434:61:434:61:434:Infinity":59,"b:435:24:435:51:435:51:435:Infinity":60,"f:447:9:447:Infinity":14,"s:450:22:450:Infinity":113,"s:451:22:451:Infinity":114,"s:453:4:463:Infinity":115,"b:454:6:462:Infinity:undefined:undefined:undefined:undefined":61,"s:454:6:462:Infinity":116,"s:455:20:455:Infinity":117,"b:455:35:455:55:455:55:455:56":62,"s:456:21:456:Infinity":118,"b:456:36:456:60:456:60:456:61":63,"s:457:26:457:Infinity":119,"b:458:8:461:Infinity:undefined:undefined:undefined:undefined":64,"s:458:8:461:Infinity":120,"s:459:10:459:Infinity":121,"s:460:10:460:Infinity":122,"s:465:4:468:Infinity":123},"fnNames":{}}}
}
